--------------------------------------------------------------------------------
Release 14.7 Trace  (nt64)
Copyright (c) 1995-2013 Xilinx, Inc.  All rights reserved.

C:\Xilinx\14.7\ISE_DS\ISE\bin\nt64\unwrapped\trce.exe -intstyle ise -v 3 -s 4
-n 3 -fastpaths -xml PFA.twx PFA.ncd -o PFA.twr PFA.pcf -ucf PFA.ucf

Design file:              PFA.ncd
Physical constraint file: PFA.pcf
Device,package,speed:     xc3s100e,cp132,-4 (PRODUCTION 1.27 2013-10-13)
Report level:             verbose report

Environment Variable      Effect 
--------------------      ------ 
NONE                      No environment variables were set
--------------------------------------------------------------------------------

INFO:Timing:2698 - No timing constraints found, doing default enumeration.
INFO:Timing:3412 - To improve timing, see the Timing Closure User Guide (UG612).
INFO:Timing:2752 - To get complete path coverage, use the unconstrained paths 
   option. All paths that are not constrained will be reported in the 
   unconstrained paths section(s) of the report.
INFO:Timing:3339 - The clock-to-out numbers in this timing report are based on 
   a 50 Ohm transmission line loading model.  For the details of this model, 
   and for more information on accounting for different loading conditions, 
   please see the device datasheet.
INFO:Timing:3390 - This architecture does not support a default System Jitter 
   value, please add SYSTEM_JITTER constraint to the UCF to modify the Clock 
   Uncertainty calculation.
INFO:Timing:3389 - This architecture does not support 'Discrete Jitter' and 
   'Phase Error' calculations, these terms will be zero in the Clock 
   Uncertainty calculation.  Please make appropriate modification to 
   SYSTEM_JITTER to account for the unsupported Discrete Jitter and Phase 
   Error.



Data Sheet report:
-----------------
All values displayed in nanoseconds (ns)

Pad to Pad
---------------+---------------+---------+
Source Pad     |Destination Pad|  Delay  |
---------------+---------------+---------+
Ain<0>         |OVR            |    9.701|
Ain<0>         |Q0             |    7.115|
Ain<0>         |Q2             |    7.690|
Ain<0>         |Q3             |    8.042|
Ain<0>         |Q4             |    8.786|
Ain<1>         |OVR            |   10.485|
Ain<1>         |Q2             |    8.374|
Ain<1>         |Q3             |    8.675|
Ain<1>         |Q4             |    9.570|
Ain<2>         |OVR            |    8.103|
Ain<2>         |Q3             |    9.268|
Ain<2>         |Q4             |    8.067|
Ain<3>         |OVR            |    7.385|
Ain<3>         |Q4             |    8.464|
Bin<0>         |OVR            |   10.149|
Bin<0>         |Q0             |    7.085|
Bin<0>         |Q2             |    7.925|
Bin<0>         |Q3             |    8.638|
Bin<0>         |Q4             |    9.234|
Bin<1>         |OVR            |    9.243|
Bin<1>         |Q2             |    7.687|
Bin<1>         |Q3             |    7.645|
Bin<1>         |Q4             |    8.328|
Bin<2>         |OVR            |    7.930|
Bin<2>         |Q3             |    7.908|
Bin<2>         |Q4             |    7.063|
Bin<3>         |OVR            |    7.703|
Bin<3>         |Q4             |    8.771|
---------------+---------------+---------+


Analysis completed Thu Sep 21 14:59:24 2017 
--------------------------------------------------------------------------------

Trace Settings:
-------------------------
Trace Settings 

Peak Memory Usage: 149 MB



