Release 14.7 - ngc2edif P.20131013 (nt64)
Copyright (c) 1995-2013 Xilinx, Inc.  All rights reserved.
Reading design experiment1.ngc ...
WARNING:NetListWriters:298 - No output is written to experiment1.xncf, ignored.
Processing design ...
   Preping design's networks ...
   Preping design's macros ...
WARNING:NetListWriters:306 - Signal bus Dout<13 : 3> on block experiment1 is not
   reconstructed, because there are some missing bus signals.
WARNING:NetListWriters:306 - Signal bus XLXI_30/Dout<6 : 3> on block experiment1
   is not reconstructed, because there are some missing bus signals.
  finished :Prep
Writing EDIF netlist file experiment1.edif ...
ngc2edif: Total memory usage is 79072 kilobytes

Release 14.7 - ngc2edif P.20131013 (nt64)
Copyright (c) 1995-2013 Xilinx, Inc.  All rights reserved.
Reading design experiment1.ngc ...
WARNING:NetListWriters:298 - No output is written to experiment1.xncf, ignored.
Processing design ...
   Preping design's networks ...
   Preping design's macros ...
WARNING:NetListWriters:306 - Signal bus Dout<13 : 1> on block experiment1 is not
   reconstructed, because there are some missing bus signals.
WARNING:NetListWriters:306 - Signal bus XLXI_30/Dout<6 : 3> on block experiment1
   is not reconstructed, because there are some missing bus signals.
  finished :Prep
Writing EDIF netlist file experiment1.edif ...
ngc2edif: Total memory usage is 78944 kilobytes

Release 14.7 - ngc2edif P.20131013 (nt64)
Copyright (c) 1995-2013 Xilinx, Inc.  All rights reserved.
Reading design experiment1.ngc ...
WARNING:NetListWriters:298 - No output is written to experiment1.xncf, ignored.
Processing design ...
   Preping design's networks ...
   Preping design's macros ...
WARNING:NetListWriters:306 - Signal bus Dout<13 : 1> on block experiment1 is not
   reconstructed, because there are some missing bus signals.
WARNING:NetListWriters:306 - Signal bus XLXI_30/Dout<6 : 3> on block experiment1
   is not reconstructed, because there are some missing bus signals.
  finished :Prep
Writing EDIF netlist file experiment1.edif ...
ngc2edif: Total memory usage is 79136 kilobytes

Release 14.7 - ngc2edif P.20131013 (nt64)
Copyright (c) 1995-2013 Xilinx, Inc.  All rights reserved.
Reading design experiment1.ngc ...
WARNING:NetListWriters:298 - No output is written to experiment1.xncf, ignored.
Processing design ...
   Preping design's networks ...
   Preping design's macros ...
WARNING:NetListWriters:306 - Signal bus Dout<13 : 1> on block experiment1 is not
   reconstructed, because there are some missing bus signals.
WARNING:NetListWriters:306 - Signal bus XLXI_30/Dout<6 : 3> on block experiment1
   is not reconstructed, because there are some missing bus signals.
  finished :Prep
Writing EDIF netlist file experiment1.edif ...
ngc2edif: Total memory usage is 79456 kilobytes

Release 14.7 - ngc2edif P.20131013 (nt64)
Copyright (c) 1995-2013 Xilinx, Inc.  All rights reserved.
Reading design experiment1.ngc ...
WARNING:NetListWriters:298 - No output is written to experiment1.xncf, ignored.
Processing design ...
   Preping design's networks ...
   Preping design's macros ...
WARNING:NetListWriters:306 - Signal bus Dout<13 : 1> on block experiment1 is not
   reconstructed, because there are some missing bus signals.
WARNING:NetListWriters:306 - Signal bus XLXI_30/Dout<6 : 3> on block experiment1
   is not reconstructed, because there are some missing bus signals.
  finished :Prep
Writing EDIF netlist file experiment1.edif ...
ngc2edif: Total memory usage is 79264 kilobytes

Release 14.7 - ngc2edif P.20131013 (nt64)
Copyright (c) 1995-2013 Xilinx, Inc.  All rights reserved.
Reading design experiment1.ngc ...
WARNING:NetListWriters:298 - No output is written to experiment1.xncf, ignored.
Processing design ...
   Preping design's networks ...
   Preping design's macros ...
WARNING:NetListWriters:306 - Signal bus Dout<13 : 1> on block experiment1 is not
   reconstructed, because there are some missing bus signals.
WARNING:NetListWriters:306 - Signal bus XLXI_30/Dout<6 : 3> on block experiment1
   is not reconstructed, because there are some missing bus signals.
  finished :Prep
Writing EDIF netlist file experiment1.edif ...
ngc2edif: Total memory usage is 78816 kilobytes

Release 14.7 - ngc2edif P.20131013 (nt64)
Copyright (c) 1995-2013 Xilinx, Inc.  All rights reserved.
Reading design experiment1.ngc ...
WARNING:NetListWriters:298 - No output is written to experiment1.xncf, ignored.
Processing design ...
   Preping design's networks ...
   Preping design's macros ...
WARNING:NetListWriters:306 - Signal bus Dout<13 : 1> on block experiment1 is not
   reconstructed, because there are some missing bus signals.
  finished :Prep
Writing EDIF netlist file experiment1.edif ...
ngc2edif: Total memory usage is 79200 kilobytes

Release 14.7 - ngc2edif P.20131013 (nt64)
Copyright (c) 1995-2013 Xilinx, Inc.  All rights reserved.
Reading design experiment1.ngc ...
WARNING:NetListWriters:298 - No output is written to experiment1.xncf, ignored.
Processing design ...
   Preping design's networks ...
   Preping design's macros ...
WARNING:NetListWriters:306 - Signal bus Dout<13 : 1> on block experiment1 is not
   reconstructed, because there are some missing bus signals.
WARNING:NetListWriters:306 - Signal bus XLXI_30/Dout<6 : 3> on block experiment1
   is not reconstructed, because there are some missing bus signals.
  finished :Prep
Writing EDIF netlist file experiment1.edif ...
ngc2edif: Total memory usage is 79072 kilobytes

