Release 14.7 - xst P.20131013 (nt64)
Copyright (c) 1995-2013 Xilinx, Inc.  All rights reserved.
--> Parameter TMPDIR set to xst/projnav.tmp


Total REAL time to Xst completion: 0.00 secs
Total CPU time to Xst completion: 0.08 secs
 
--> Parameter xsthdpdir set to xst


Total REAL time to Xst completion: 0.00 secs
Total CPU time to Xst completion: 0.08 secs
 
--> Reading design: Experiment3.prj

TABLE OF CONTENTS
  1) Synthesis Options Summary
  2) HDL Compilation
  3) Design Hierarchy Analysis
  4) HDL Analysis
  5) HDL Synthesis
     5.1) HDL Synthesis Report
  6) Advanced HDL Synthesis
     6.1) Advanced HDL Synthesis Report
  7) Low Level Synthesis
  8) Partition Report
  9) Final Report
	9.1) Device utilization summary
	9.2) Partition Resource Summary
	9.3) TIMING REPORT


=========================================================================
*                      Synthesis Options Summary                        *
=========================================================================
---- Source Parameters
Input File Name                    : "Experiment3.prj"
Input Format                       : mixed
Ignore Synthesis Constraint File   : NO

---- Target Parameters
Output File Name                   : "Experiment3"
Output Format                      : NGC
Target Device                      : xc3s100e-4-cp132

---- Source Options
Top Module Name                    : Experiment3
Automatic FSM Extraction           : YES
FSM Encoding Algorithm             : Auto
Safe Implementation                : No
FSM Style                          : LUT
RAM Extraction                     : Yes
RAM Style                          : Auto
ROM Extraction                     : Yes
Mux Style                          : Auto
Decoder Extraction                 : YES
Priority Encoder Extraction        : Yes
Shift Register Extraction          : YES
Logical Shifter Extraction         : YES
XOR Collapsing                     : YES
ROM Style                          : Auto
Mux Extraction                     : Yes
Resource Sharing                   : YES
Asynchronous To Synchronous        : NO
Multiplier Style                   : Auto
Automatic Register Balancing       : No

---- Target Options
Add IO Buffers                     : YES
Global Maximum Fanout              : 500
Add Generic Clock Buffer(BUFG)     : 24
Register Duplication               : YES
Slice Packing                      : YES
Optimize Instantiated Primitives   : NO
Use Clock Enable                   : Yes
Use Synchronous Set                : Yes
Use Synchronous Reset              : Yes
Pack IO Registers into IOBs        : Auto
Equivalent register Removal        : YES

---- General Options
Optimization Goal                  : Speed
Optimization Effort                : 1
Keep Hierarchy                     : No
Netlist Hierarchy                  : As_Optimized
RTL Output                         : Yes
Global Optimization                : AllClockNets
Read Cores                         : YES
Write Timing Constraints           : NO
Cross Clock Analysis               : NO
Hierarchy Separator                : /
Bus Delimiter                      : <>
Case Specifier                     : Maintain
Slice Utilization Ratio            : 100
BRAM Utilization Ratio             : 100
Verilog 2001                       : YES
Auto BRAM Packing                  : NO
Slice Utilization Ratio Delta      : 5

=========================================================================


=========================================================================
*                          HDL Compilation                              *
=========================================================================
Compiling vhdl file "C:/Users/Big D/Downloads/DCM_50M.vhd" in Library work.
Architecture behavioral of Entity dcm_50m is up to date.
Compiling vhdl file "C:/Users/Big D/Downloads/sel_strobeB.vhd" in Library work.
Architecture behavioral of Entity sel_strobeb is up to date.
Compiling vhdl file "C:/Users/Big D/Downloads/bin2BCD3en.vhd" in Library work.
Architecture behavioral of Entity bin2bcd3en is up to date.
Compiling vhdl file "C:/Users/Big D/Downloads/SSD_1dig.vhd" in Library work.
Architecture behavioral of Entity ssd_1dig is up to date.
Compiling vhdl file "C:/Users/Big D/Downloads/mux4SSD.vhd" in Library work.
Architecture behavioral of Entity mux4ssd is up to date.
Compiling vhdl file "C:/Users/Big D/Documents/CSUSM/PHYS301/Lab9/R/Experiment3/sevenSeg.vhf" in Library work.
Architecture behavioral of Entity sevenseg is up to date.
Compiling vhdl file "C:/Users/Big D/Documents/CSUSM/PHYS301/Lab9/R/Experiment3/Experiment3.vhf" in Library work.
Entity <halfadder_muser_experiment3> compiled.
Entity <halfadder_muser_experiment3> (Architecture <behavioral>) compiled.
Entity <mathbox_muser_experiment3> compiled.
Entity <mathbox_muser_experiment3> (Architecture <behavioral>) compiled.
Entity <m2_1b1_mxilinx_experiment3> compiled.
Entity <m2_1b1_mxilinx_experiment3> (Architecture <behavioral>) compiled.
Entity <m2_1_mxilinx_experiment3> compiled.
Entity <m2_1_mxilinx_experiment3> (Architecture <behavioral>) compiled.
Entity <ftclex_mxilinx_experiment3> compiled.
Entity <ftclex_mxilinx_experiment3> (Architecture <behavioral>) compiled.
Entity <cb4cled_mxilinx_experiment3> compiled.
Entity <cb4cled_mxilinx_experiment3> (Architecture <behavioral>) compiled.
Entity <fjkce_mxilinx_experiment3> compiled.
Entity <fjkce_mxilinx_experiment3> (Architecture <behavioral>) compiled.
Entity <experiment3> compiled.
Entity <experiment3> (Architecture <behavioral>) compiled.
Compiling vhdl file "C:/Users/Big D/Documents/CSUSM/PHYS301/Lab9/R/Experiment3/Mathbox.vhf" in Library work.
Entity <halfadder_muser_mathbox> compiled.
Entity <halfadder_muser_mathbox> (Architecture <behavioral>) compiled.
Entity <mathbox> compiled.
Entity <mathbox> (Architecture <behavioral>) compiled.
Compiling vhdl file "C:/Users/Big D/Documents/CSUSM/PHYS301/Lab9/R/Experiment3/HalfAdder.vhf" in Library work.
Architecture behavioral of Entity halfadder is up to date.

=========================================================================
*                     Design Hierarchy Analysis                         *
=========================================================================
Analyzing hierarchy for entity <Experiment3> in library <work> (architecture <behavioral>).

Analyzing hierarchy for entity <FJKCE_MXILINX_Experiment3> in library <work> (architecture <behavioral>) with generics.
	INIT = '0'

Analyzing hierarchy for entity <CB4CLED_MXILINX_Experiment3> in library <work> (architecture <behavioral>).

Analyzing hierarchy for entity <Mathbox_MUSER_Experiment3> in library <work> (architecture <behavioral>).

Analyzing hierarchy for entity <sevenSeg> in library <work> (architecture <behavioral>).

Analyzing hierarchy for entity <FTCLEX_MXILINX_Experiment3> in library <work> (architecture <behavioral>) with generics.
	INIT = '0'

Analyzing hierarchy for entity <M2_1_MXILINX_Experiment3> in library <work> (architecture <behavioral>).

Analyzing hierarchy for entity <M2_1B1_MXILINX_Experiment3> in library <work> (architecture <behavioral>).

Analyzing hierarchy for entity <HalfAdder_MUSER_Experiment3> in library <work> (architecture <behavioral>).

Analyzing hierarchy for entity <DCM_50M> in library <work> (architecture <behavioral>) with generics.
	DIV100 = 50
	DIV1k = 500
	DIV50 = 25

Analyzing hierarchy for entity <sel_strobeB> in library <work> (architecture <behavioral>).

Analyzing hierarchy for entity <bin2BCD3en> in library <work> (architecture <behavioral>).

Analyzing hierarchy for entity <SSD_1dig> in library <work> (architecture <behavioral>).

Analyzing hierarchy for entity <mux4SSD> in library <work> (architecture <behavioral>).


=========================================================================
*                            HDL Analysis                               *
=========================================================================
Analyzing Entity <Experiment3> in library <work> (Architecture <behavioral>).
    Set user-defined property "HU_SET =  BOOBOO_EN_33" for instance <BOOBOO_EN> in unit <Experiment3>.
    Set user-defined property "HU_SET =  BOOBOO_ST_35" for instance <BOOBOO_ST> in unit <Experiment3>.
    Set user-defined property "HU_SET =  RANGER_EN_31" for instance <RANGER_EN> in unit <Experiment3>.
    Set user-defined property "HU_SET =  RANGER_ST_30" for instance <RANGER_ST> in unit <Experiment3>.
    Set user-defined property "HU_SET =  XLXI_1_34" for instance <XLXI_1> in unit <Experiment3>.
    Set user-defined property "HU_SET =  XLXI_7_36" for instance <XLXI_7> in unit <Experiment3>.
WARNING:Xst:753 - "C:/Users/Big D/Documents/CSUSM/PHYS301/Lab9/R/Experiment3/Experiment3.vhf" line 956: Unconnected output port 'CEO' of component 'CB4CLED_MXILINX_Experiment3'.
WARNING:Xst:753 - "C:/Users/Big D/Documents/CSUSM/PHYS301/Lab9/R/Experiment3/Experiment3.vhf" line 956: Unconnected output port 'TC' of component 'CB4CLED_MXILINX_Experiment3'.
    Set user-defined property "HU_SET =  XLXI_9_28" for instance <XLXI_9> in unit <Experiment3>.
WARNING:Xst:753 - "C:/Users/Big D/Documents/CSUSM/PHYS301/Lab9/R/Experiment3/Experiment3.vhf" line 973: Unconnected output port 'CEO' of component 'CB4CLED_MXILINX_Experiment3'.
WARNING:Xst:753 - "C:/Users/Big D/Documents/CSUSM/PHYS301/Lab9/R/Experiment3/Experiment3.vhf" line 973: Unconnected output port 'Q3' of component 'CB4CLED_MXILINX_Experiment3'.
WARNING:Xst:753 - "C:/Users/Big D/Documents/CSUSM/PHYS301/Lab9/R/Experiment3/Experiment3.vhf" line 973: Unconnected output port 'TC' of component 'CB4CLED_MXILINX_Experiment3'.
    Set user-defined property "HU_SET =  XLXI_10_37" for instance <XLXI_10> in unit <Experiment3>.
    Set user-defined property "HU_SET =  YOGI_ET_32" for instance <YOGI_ET> in unit <Experiment3>.
    Set user-defined property "HU_SET =  YOGI_ST_29" for instance <YOGI_ST> in unit <Experiment3>.
Entity <Experiment3> analyzed. Unit <Experiment3> generated.

Analyzing generic Entity <FJKCE_MXILINX_Experiment3> in library <work> (Architecture <behavioral>).
	INIT = '0'
    Set user-defined property "INIT =  0" for instance <I_36_32> in unit <FJKCE_MXILINX_Experiment3>.
    Set user-defined property "RLOC =  X0Y0" for instance <I_36_32> in unit <FJKCE_MXILINX_Experiment3>.
Entity <FJKCE_MXILINX_Experiment3> analyzed. Unit <FJKCE_MXILINX_Experiment3> generated.

Analyzing Entity <CB4CLED_MXILINX_Experiment3> in library <work> (Architecture <behavioral>).
    Set user-defined property "HU_SET =  I_Q0_23" for instance <I_Q0> in unit <CB4CLED_MXILINX_Experiment3>.
    Set user-defined property "HU_SET =  I_Q1_22" for instance <I_Q1> in unit <CB4CLED_MXILINX_Experiment3>.
    Set user-defined property "HU_SET =  I_Q2_21" for instance <I_Q2> in unit <CB4CLED_MXILINX_Experiment3>.
    Set user-defined property "HU_SET =  I_Q3_20" for instance <I_Q3> in unit <CB4CLED_MXILINX_Experiment3>.
    Set user-defined property "HU_SET =  I_TC_26" for instance <I_TC> in unit <CB4CLED_MXILINX_Experiment3>.
    Set user-defined property "HU_SET =  I_T1_27" for instance <I_T1> in unit <CB4CLED_MXILINX_Experiment3>.
    Set user-defined property "HU_SET =  I_T2_24" for instance <I_T2> in unit <CB4CLED_MXILINX_Experiment3>.
    Set user-defined property "HU_SET =  I_T3_25" for instance <I_T3> in unit <CB4CLED_MXILINX_Experiment3>.
Entity <CB4CLED_MXILINX_Experiment3> analyzed. Unit <CB4CLED_MXILINX_Experiment3> generated.

Analyzing generic Entity <FTCLEX_MXILINX_Experiment3> in library <work> (Architecture <behavioral>).
	INIT = '0'
    Set user-defined property "HU_SET =  I_36_30_19" for instance <I_36_30> in unit <FTCLEX_MXILINX_Experiment3>.
    Set user-defined property "INIT =  0" for instance <I_36_35> in unit <FTCLEX_MXILINX_Experiment3>.
    Set user-defined property "RLOC =  X0Y0" for instance <I_36_35> in unit <FTCLEX_MXILINX_Experiment3>.
Entity <FTCLEX_MXILINX_Experiment3> analyzed. Unit <FTCLEX_MXILINX_Experiment3> generated.

Analyzing Entity <M2_1_MXILINX_Experiment3> in library <work> (Architecture <behavioral>).
Entity <M2_1_MXILINX_Experiment3> analyzed. Unit <M2_1_MXILINX_Experiment3> generated.

Analyzing Entity <M2_1B1_MXILINX_Experiment3> in library <work> (Architecture <behavioral>).
Entity <M2_1B1_MXILINX_Experiment3> analyzed. Unit <M2_1B1_MXILINX_Experiment3> generated.

Analyzing Entity <Mathbox_MUSER_Experiment3> in library <work> (Architecture <behavioral>).
WARNING:Xst:753 - "C:/Users/Big D/Documents/CSUSM/PHYS301/Lab9/R/Experiment3/Experiment3.vhf" line 167: Unconnected output port 'XLXN_11' of component 'HalfAdder_MUSER_Experiment3'.
Entity <Mathbox_MUSER_Experiment3> analyzed. Unit <Mathbox_MUSER_Experiment3> generated.

Analyzing Entity <HalfAdder_MUSER_Experiment3> in library <work> (Architecture <behavioral>).
Entity <HalfAdder_MUSER_Experiment3> analyzed. Unit <HalfAdder_MUSER_Experiment3> generated.

Analyzing Entity <sevenSeg> in library <work> (Architecture <behavioral>).
WARNING:Xst:753 - "C:/Users/Big D/Documents/CSUSM/PHYS301/Lab9/R/Experiment3/sevenSeg.vhf" line 104: Unconnected output port 'CLK1M' of component 'DCM_50M'.
WARNING:Xst:753 - "C:/Users/Big D/Documents/CSUSM/PHYS301/Lab9/R/Experiment3/sevenSeg.vhf" line 104: Unconnected output port 'CLK10k' of component 'DCM_50M'.
WARNING:Xst:753 - "C:/Users/Big D/Documents/CSUSM/PHYS301/Lab9/R/Experiment3/sevenSeg.vhf" line 104: Unconnected output port 'CLK1' of component 'DCM_50M'.
WARNING:Xst:753 - "C:/Users/Big D/Documents/CSUSM/PHYS301/Lab9/R/Experiment3/sevenSeg.vhf" line 116: Unconnected output port 'RBout' of component 'bin2BCD3en'.
Entity <sevenSeg> analyzed. Unit <sevenSeg> generated.

Analyzing generic Entity <DCM_50M> in library <work> (Architecture <behavioral>).
	DIV100 = 50
	DIV1k = 500
	DIV50 = 25
Entity <DCM_50M> analyzed. Unit <DCM_50M> generated.

Analyzing Entity <sel_strobeB> in library <work> (Architecture <behavioral>).
Entity <sel_strobeB> analyzed. Unit <sel_strobeB> generated.

Analyzing Entity <bin2BCD3en> in library <work> (Architecture <behavioral>).
INFO:Xst:1561 - "C:/Users/Big D/Downloads/bin2BCD3en.vhd" line 62: Mux is complete : default of case is discarded
INFO:Xst:1561 - "C:/Users/Big D/Downloads/bin2BCD3en.vhd" line 62: Mux is complete : default of case is discarded
INFO:Xst:2679 - Register <Dout3> in unit <bin2BCD3en> has a constant value of 0000 during circuit operation. The register is replaced by logic.
Entity <bin2BCD3en> analyzed. Unit <bin2BCD3en> generated.

Analyzing Entity <SSD_1dig> in library <work> (Architecture <behavioral>).
Entity <SSD_1dig> analyzed. Unit <SSD_1dig> generated.

Analyzing Entity <mux4SSD> in library <work> (Architecture <behavioral>).
Entity <mux4SSD> analyzed. Unit <mux4SSD> generated.


=========================================================================
*                           HDL Synthesis                               *
=========================================================================

Performing bidirectional port resolution...

Synthesizing Unit <DCM_50M>.
    Related source file is "C:/Users/Big D/Downloads/DCM_50M.vhd".
    Found 1-bit register for signal <clk_1>.
    Found 32-bit adder for signal <clk_1$addsub0000> created at line 121.
    Found 32-bit comparator greater for signal <clk_1$cmp_gt0000> created at line 122.
    Found 1-bit register for signal <clk_10k>.
    Found 1-bit register for signal <clk_1k>.
    Found 32-bit adder for signal <clk_1k$addsub0000> created at line 101.
    Found 32-bit comparator greater for signal <clk_1k$cmp_gt0000> created at line 102.
    Found 1-bit register for signal <clk_1m>.
    Found 32-bit adder for signal <clk_1m$addsub0000> created at line 61.
    Found 32-bit comparator greatequal for signal <clk_1m$cmp_ge0000> created at line 62.
    Found 32-bit up counter for signal <cnt1>.
    Found 32-bit up counter for signal <cnt10k>.
    Found 32-bit adder for signal <cnt10k$addsub0000> created at line 81.
    Found 32-bit comparator greater for signal <cnt10k$cmp_gt0000> created at line 82.
    Found 32-bit up counter for signal <cnt1k>.
    Found 32-bit up counter for signal <cnt1M>.
    Summary:
	inferred   4 Counter(s).
	inferred   4 D-type flip-flop(s).
	inferred   4 Adder/Subtractor(s).
	inferred   4 Comparator(s).
Unit <DCM_50M> synthesized.


Synthesizing Unit <sel_strobeB>.
    Related source file is "C:/Users/Big D/Downloads/sel_strobeB.vhd".
    Found 4x2-bit ROM for signal <sel$mux0001> created at line 44.
    Found 2-bit register for signal <sel>.
    Found 2-bit register for signal <selx>.
    Summary:
	inferred   1 ROM(s).
	inferred   4 D-type flip-flop(s).
Unit <sel_strobeB> synthesized.


Synthesizing Unit <bin2BCD3en>.
    Related source file is "C:/Users/Big D/Downloads/bin2BCD3en.vhd".
    Found 16x4-bit ROM for signal <b9$mux0000> created at line 50.
    Found 16x4-bit ROM for signal <b8$mux0000> created at line 50.
    Found 16x4-bit ROM for signal <b7$mux0000> created at line 50.
    Found 16x4-bit ROM for signal <b6$mux0000> created at line 50.
    Found 16x4-bit ROM for signal <b4$mux0000> created at line 50.
    Found 8x4-bit ROM for signal <b$mux0000> created at line 50.
    Found 16x4-bit ROM for signal <b11$mux0000> created at line 50.
    Found 16x4-bit ROM for signal <b10$mux0000> created at line 50.
    Found 4-bit register for signal <RBout>.
    Found 4-bit register for signal <Dout0>.
    Found 4-bit register for signal <Dout1>.
    Found 4-bit register for signal <Dout2>.
    Summary:
	inferred   8 ROM(s).
	inferred  12 D-type flip-flop(s).
Unit <bin2BCD3en> synthesized.


Synthesizing Unit <SSD_1dig>.
    Related source file is "C:/Users/Big D/Downloads/SSD_1dig.vhd".
    Found 16x7-bit ROM for signal <hexD$rom0000>.
    Summary:
	inferred   1 ROM(s).
Unit <SSD_1dig> synthesized.


Synthesizing Unit <mux4SSD>.
    Related source file is "C:/Users/Big D/Downloads/mux4SSD.vhd".
Unit <mux4SSD> synthesized.


Synthesizing Unit <FJKCE_MXILINX_Experiment3>.
    Related source file is "C:/Users/Big D/Documents/CSUSM/PHYS301/Lab9/R/Experiment3/Experiment3.vhf".
Unit <FJKCE_MXILINX_Experiment3> synthesized.


Synthesizing Unit <sevenSeg>.
    Related source file is "C:/Users/Big D/Documents/CSUSM/PHYS301/Lab9/R/Experiment3/sevenSeg.vhf".
Unit <sevenSeg> synthesized.


Synthesizing Unit <M2_1_MXILINX_Experiment3>.
    Related source file is "C:/Users/Big D/Documents/CSUSM/PHYS301/Lab9/R/Experiment3/Experiment3.vhf".
Unit <M2_1_MXILINX_Experiment3> synthesized.


Synthesizing Unit <M2_1B1_MXILINX_Experiment3>.
    Related source file is "C:/Users/Big D/Documents/CSUSM/PHYS301/Lab9/R/Experiment3/Experiment3.vhf".
Unit <M2_1B1_MXILINX_Experiment3> synthesized.


Synthesizing Unit <HalfAdder_MUSER_Experiment3>.
    Related source file is "C:/Users/Big D/Documents/CSUSM/PHYS301/Lab9/R/Experiment3/Experiment3.vhf".
Unit <HalfAdder_MUSER_Experiment3> synthesized.


Synthesizing Unit <Mathbox_MUSER_Experiment3>.
    Related source file is "C:/Users/Big D/Documents/CSUSM/PHYS301/Lab9/R/Experiment3/Experiment3.vhf".
WARNING:Xst:653 - Signal <XLXI_7_XLXN_3_openSignal> is used but never assigned. This sourceless signal will be automatically connected to value 0.
WARNING:Xst:653 - Signal <XLXI_6_XLXN_3_openSignal> is used but never assigned. This sourceless signal will be automatically connected to value 0.
WARNING:Xst:653 - Signal <XLXI_5_XLXN_3_openSignal> is used but never assigned. This sourceless signal will be automatically connected to value 0.
WARNING:Xst:653 - Signal <XLXI_15_XLXN_5_openSignal> is used but never assigned. This sourceless signal will be automatically connected to value 0.
WARNING:Xst:653 - Signal <XLXI_15_XLXN_3_openSignal> is used but never assigned. This sourceless signal will be automatically connected to value 0.
Unit <Mathbox_MUSER_Experiment3> synthesized.


Synthesizing Unit <FTCLEX_MXILINX_Experiment3>.
    Related source file is "C:/Users/Big D/Documents/CSUSM/PHYS301/Lab9/R/Experiment3/Experiment3.vhf".
Unit <FTCLEX_MXILINX_Experiment3> synthesized.


Synthesizing Unit <CB4CLED_MXILINX_Experiment3>.
    Related source file is "C:/Users/Big D/Documents/CSUSM/PHYS301/Lab9/R/Experiment3/Experiment3.vhf".
Unit <CB4CLED_MXILINX_Experiment3> synthesized.


Synthesizing Unit <Experiment3>.
    Related source file is "C:/Users/Big D/Documents/CSUSM/PHYS301/Lab9/R/Experiment3/Experiment3.vhf".
WARNING:Xst:653 - Signal <YOGI_ST_CLR_openSignal> is used but never assigned. This sourceless signal will be automatically connected to value 0.
WARNING:Xst:653 - Signal <YOGI_ET_CLR_openSignal> is used but never assigned. This sourceless signal will be automatically connected to value 0.
WARNING:Xst:653 - Signal <XLXI_9_L_openSignal> is used but never assigned. This sourceless signal will be automatically connected to value 0.
WARNING:Xst:653 - Signal <XLXI_9_D3_openSignal> is used but never assigned. This sourceless signal will be automatically connected to value 0.
WARNING:Xst:653 - Signal <XLXI_9_D2_openSignal> is used but never assigned. This sourceless signal will be automatically connected to value 0.
WARNING:Xst:653 - Signal <XLXI_9_D1_openSignal> is used but never assigned. This sourceless signal will be automatically connected to value 0.
WARNING:Xst:653 - Signal <XLXI_9_D0_openSignal> is used but never assigned. This sourceless signal will be automatically connected to value 0.
WARNING:Xst:653 - Signal <XLXI_9_CLR_openSignal> is used but never assigned. This sourceless signal will be automatically connected to value 0.
WARNING:Xst:653 - Signal <XLXI_7_CLR_openSignal> is used but never assigned. This sourceless signal will be automatically connected to value 0.
WARNING:Xst:653 - Signal <XLXI_1_CLR_openSignal> is used but never assigned. This sourceless signal will be automatically connected to value 0.
WARNING:Xst:653 - Signal <XLXI_10_CLR_openSignal> is used but never assigned. This sourceless signal will be automatically connected to value 0.
WARNING:Xst:646 - Signal <Timer_0> is assigned but never used. This unconnected signal will be trimmed during the optimization process.
WARNING:Xst:653 - Signal <SNAGGLE_RX_Q> is used but never assigned. This sourceless signal will be automatically connected to value 0.
WARNING:Xst:653 - Signal <RANGER_ST_CLR_openSignal> is used but never assigned. This sourceless signal will be automatically connected to value 0.
WARNING:Xst:653 - Signal <RANGER_EN_CLR_openSignal> is used but never assigned. This sourceless signal will be automatically connected to value 0.
WARNING:Xst:653 - Signal <BOOBOO_ST_CLR_openSignal> is used but never assigned. This sourceless signal will be automatically connected to value 0.
WARNING:Xst:653 - Signal <BOOBOO_EN_Q> is used but never assigned. This sourceless signal will be automatically connected to value 0.
WARNING:Xst:653 - Signal <BOOBOO_EN_CLR_openSignal> is used but never assigned. This sourceless signal will be automatically connected to value 0.
Unit <Experiment3> synthesized.


=========================================================================
HDL Synthesis Report

Macro Statistics
# ROMs                                                 : 10
 16x4-bit ROM                                          : 7
 16x7-bit ROM                                          : 1
 4x2-bit ROM                                           : 1
 8x4-bit ROM                                           : 1
# Adders/Subtractors                                   : 4
 32-bit adder                                          : 4
# Counters                                             : 4
 32-bit up counter                                     : 4
# Registers                                            : 16
 1-bit register                                        : 12
 2-bit register                                        : 2
 4-bit register                                        : 2
# Comparators                                          : 4
 32-bit comparator greatequal                          : 1
 32-bit comparator greater                             : 3

=========================================================================

=========================================================================
*                       Advanced HDL Synthesis                          *
=========================================================================

INFO:Xst:2261 - The FF/Latch <Dout2_2> in Unit <XLXI_84> is equivalent to the following FF/Latch, which will be removed : <Dout2_3> 
WARNING:Xst:1710 - FF/Latch <Dout2_2> (without init value) has a constant value of 0 in block <XLXI_84>. This FF/Latch will be trimmed during the optimization process.
WARNING:Xst:2404 -  FFs/Latches <Dout2<3:2>> (without init value) have a constant value of 0 in block <bin2BCD3en>.

Synthesizing (advanced) Unit <sel_strobeB>.
INFO:Xst:3034 - In order to maximize performance and save block RAM resources, the small ROM <Mrom_sel_mux0001> will be implemented on LUT. If you want to force its implementation on block, use option/constraint rom_style.
Unit <sel_strobeB> synthesized (advanced).

=========================================================================
Advanced HDL Synthesis Report

Macro Statistics
# ROMs                                                 : 10
 16x4-bit ROM                                          : 7
 16x7-bit ROM                                          : 1
 4x2-bit ROM                                           : 1
 8x4-bit ROM                                           : 1
# Adders/Subtractors                                   : 4
 32-bit adder                                          : 4
# Counters                                             : 4
 32-bit up counter                                     : 4
# Registers                                            : 38
 Flip-Flops                                            : 38
# Comparators                                          : 4
 32-bit comparator greatequal                          : 1
 32-bit comparator greater                             : 3

=========================================================================

=========================================================================
*                         Low Level Synthesis                           *
=========================================================================
INFO:Xst:2261 - The FF/Latch <RBout_1> in Unit <bin2BCD3en> is equivalent to the following FF/Latch, which will be removed : <RBout_0> 
WARNING:Xst:1710 - FF/Latch <RBout_3> (without init value) has a constant value of 1 in block <bin2BCD3en>. This FF/Latch will be trimmed during the optimization process.
WARNING:Xst:1895 - Due to other FF/Latch trimming, FF/Latch <RBout_1> (without init value) has a constant value of 0 in block <bin2BCD3en>. This FF/Latch will be trimmed during the optimization process.

Optimizing unit <Experiment3> ...

Optimizing unit <DCM_50M> ...

Optimizing unit <FJKCE_MXILINX_Experiment3> ...

Optimizing unit <M2_1_MXILINX_Experiment3> ...

Optimizing unit <M2_1B1_MXILINX_Experiment3> ...

Optimizing unit <bin2BCD3en> ...

Optimizing unit <Mathbox_MUSER_Experiment3> ...

Optimizing unit <FTCLEX_MXILINX_Experiment3> ...

Optimizing unit <CB4CLED_MXILINX_Experiment3> ...
WARNING:Xst:2677 - Node <XLXI_311/XLXI_82/cnt10k_31> of sequential type is unconnected in block <Experiment3>.
WARNING:Xst:2677 - Node <XLXI_311/XLXI_82/cnt10k_30> of sequential type is unconnected in block <Experiment3>.
WARNING:Xst:2677 - Node <XLXI_311/XLXI_82/cnt10k_29> of sequential type is unconnected in block <Experiment3>.
WARNING:Xst:2677 - Node <XLXI_311/XLXI_82/cnt10k_28> of sequential type is unconnected in block <Experiment3>.
WARNING:Xst:2677 - Node <XLXI_311/XLXI_82/cnt10k_27> of sequential type is unconnected in block <Experiment3>.
WARNING:Xst:2677 - Node <XLXI_311/XLXI_82/cnt10k_26> of sequential type is unconnected in block <Experiment3>.
WARNING:Xst:2677 - Node <XLXI_311/XLXI_82/cnt10k_25> of sequential type is unconnected in block <Experiment3>.
WARNING:Xst:2677 - Node <XLXI_311/XLXI_82/cnt10k_24> of sequential type is unconnected in block <Experiment3>.
WARNING:Xst:2677 - Node <XLXI_311/XLXI_82/cnt10k_23> of sequential type is unconnected in block <Experiment3>.
WARNING:Xst:2677 - Node <XLXI_311/XLXI_82/cnt10k_22> of sequential type is unconnected in block <Experiment3>.
WARNING:Xst:2677 - Node <XLXI_311/XLXI_82/cnt10k_21> of sequential type is unconnected in block <Experiment3>.
WARNING:Xst:2677 - Node <XLXI_311/XLXI_82/cnt10k_20> of sequential type is unconnected in block <Experiment3>.
WARNING:Xst:2677 - Node <XLXI_311/XLXI_82/cnt10k_19> of sequential type is unconnected in block <Experiment3>.
WARNING:Xst:2677 - Node <XLXI_311/XLXI_82/cnt10k_18> of sequential type is unconnected in block <Experiment3>.
WARNING:Xst:2677 - Node <XLXI_311/XLXI_82/cnt10k_17> of sequential type is unconnected in block <Experiment3>.
WARNING:Xst:2677 - Node <XLXI_311/XLXI_82/cnt10k_16> of sequential type is unconnected in block <Experiment3>.
WARNING:Xst:2677 - Node <XLXI_311/XLXI_82/cnt10k_15> of sequential type is unconnected in block <Experiment3>.
WARNING:Xst:2677 - Node <XLXI_311/XLXI_82/cnt10k_14> of sequential type is unconnected in block <Experiment3>.
WARNING:Xst:2677 - Node <XLXI_311/XLXI_82/cnt10k_13> of sequential type is unconnected in block <Experiment3>.
WARNING:Xst:2677 - Node <XLXI_311/XLXI_82/cnt10k_12> of sequential type is unconnected in block <Experiment3>.
WARNING:Xst:2677 - Node <XLXI_311/XLXI_82/cnt10k_11> of sequential type is unconnected in block <Experiment3>.
WARNING:Xst:2677 - Node <XLXI_311/XLXI_82/cnt10k_10> of sequential type is unconnected in block <Experiment3>.
WARNING:Xst:2677 - Node <XLXI_311/XLXI_82/cnt10k_9> of sequential type is unconnected in block <Experiment3>.
WARNING:Xst:2677 - Node <XLXI_311/XLXI_82/cnt10k_8> of sequential type is unconnected in block <Experiment3>.
WARNING:Xst:2677 - Node <XLXI_311/XLXI_82/cnt10k_7> of sequential type is unconnected in block <Experiment3>.
WARNING:Xst:2677 - Node <XLXI_311/XLXI_82/cnt10k_6> of sequential type is unconnected in block <Experiment3>.
WARNING:Xst:2677 - Node <XLXI_311/XLXI_82/cnt10k_5> of sequential type is unconnected in block <Experiment3>.
WARNING:Xst:2677 - Node <XLXI_311/XLXI_82/cnt10k_4> of sequential type is unconnected in block <Experiment3>.
WARNING:Xst:2677 - Node <XLXI_311/XLXI_82/cnt10k_3> of sequential type is unconnected in block <Experiment3>.
WARNING:Xst:2677 - Node <XLXI_311/XLXI_82/cnt10k_2> of sequential type is unconnected in block <Experiment3>.
WARNING:Xst:2677 - Node <XLXI_311/XLXI_82/cnt10k_1> of sequential type is unconnected in block <Experiment3>.
WARNING:Xst:2677 - Node <XLXI_311/XLXI_82/cnt10k_0> of sequential type is unconnected in block <Experiment3>.
WARNING:Xst:2677 - Node <XLXI_311/XLXI_82/cnt1_31> of sequential type is unconnected in block <Experiment3>.
WARNING:Xst:2677 - Node <XLXI_311/XLXI_82/cnt1_30> of sequential type is unconnected in block <Experiment3>.
WARNING:Xst:2677 - Node <XLXI_311/XLXI_82/cnt1_29> of sequential type is unconnected in block <Experiment3>.
WARNING:Xst:2677 - Node <XLXI_311/XLXI_82/cnt1_28> of sequential type is unconnected in block <Experiment3>.
WARNING:Xst:2677 - Node <XLXI_311/XLXI_82/cnt1_27> of sequential type is unconnected in block <Experiment3>.
WARNING:Xst:2677 - Node <XLXI_311/XLXI_82/cnt1_26> of sequential type is unconnected in block <Experiment3>.
WARNING:Xst:2677 - Node <XLXI_311/XLXI_82/cnt1_25> of sequential type is unconnected in block <Experiment3>.
WARNING:Xst:2677 - Node <XLXI_311/XLXI_82/cnt1_24> of sequential type is unconnected in block <Experiment3>.
WARNING:Xst:2677 - Node <XLXI_311/XLXI_82/cnt1_23> of sequential type is unconnected in block <Experiment3>.
WARNING:Xst:2677 - Node <XLXI_311/XLXI_82/cnt1_22> of sequential type is unconnected in block <Experiment3>.
WARNING:Xst:2677 - Node <XLXI_311/XLXI_82/cnt1_21> of sequential type is unconnected in block <Experiment3>.
WARNING:Xst:2677 - Node <XLXI_311/XLXI_82/cnt1_20> of sequential type is unconnected in block <Experiment3>.
WARNING:Xst:2677 - Node <XLXI_311/XLXI_82/cnt1_19> of sequential type is unconnected in block <Experiment3>.
WARNING:Xst:2677 - Node <XLXI_311/XLXI_82/cnt1_18> of sequential type is unconnected in block <Experiment3>.
WARNING:Xst:2677 - Node <XLXI_311/XLXI_82/cnt1_17> of sequential type is unconnected in block <Experiment3>.
WARNING:Xst:2677 - Node <XLXI_311/XLXI_82/cnt1_16> of sequential type is unconnected in block <Experiment3>.
WARNING:Xst:2677 - Node <XLXI_311/XLXI_82/cnt1_15> of sequential type is unconnected in block <Experiment3>.
WARNING:Xst:2677 - Node <XLXI_311/XLXI_82/cnt1_14> of sequential type is unconnected in block <Experiment3>.
WARNING:Xst:2677 - Node <XLXI_311/XLXI_82/cnt1_13> of sequential type is unconnected in block <Experiment3>.
WARNING:Xst:2677 - Node <XLXI_311/XLXI_82/cnt1_12> of sequential type is unconnected in block <Experiment3>.
WARNING:Xst:2677 - Node <XLXI_311/XLXI_82/cnt1_11> of sequential type is unconnected in block <Experiment3>.
WARNING:Xst:2677 - Node <XLXI_311/XLXI_82/cnt1_10> of sequential type is unconnected in block <Experiment3>.
WARNING:Xst:2677 - Node <XLXI_311/XLXI_82/cnt1_9> of sequential type is unconnected in block <Experiment3>.
WARNING:Xst:2677 - Node <XLXI_311/XLXI_82/cnt1_8> of sequential type is unconnected in block <Experiment3>.
WARNING:Xst:2677 - Node <XLXI_311/XLXI_82/cnt1_7> of sequential type is unconnected in block <Experiment3>.
WARNING:Xst:2677 - Node <XLXI_311/XLXI_82/cnt1_6> of sequential type is unconnected in block <Experiment3>.
WARNING:Xst:2677 - Node <XLXI_311/XLXI_82/cnt1_5> of sequential type is unconnected in block <Experiment3>.
WARNING:Xst:2677 - Node <XLXI_311/XLXI_82/cnt1_4> of sequential type is unconnected in block <Experiment3>.
WARNING:Xst:2677 - Node <XLXI_311/XLXI_82/cnt1_3> of sequential type is unconnected in block <Experiment3>.
WARNING:Xst:2677 - Node <XLXI_311/XLXI_82/cnt1_2> of sequential type is unconnected in block <Experiment3>.
WARNING:Xst:2677 - Node <XLXI_311/XLXI_82/cnt1_1> of sequential type is unconnected in block <Experiment3>.
WARNING:Xst:2677 - Node <XLXI_311/XLXI_82/cnt1_0> of sequential type is unconnected in block <Experiment3>.
WARNING:Xst:2677 - Node <XLXI_311/XLXI_82/clk_1> of sequential type is unconnected in block <Experiment3>.
WARNING:Xst:2677 - Node <XLXI_311/XLXI_82/clk_10k> of sequential type is unconnected in block <Experiment3>.
WARNING:Xst:2677 - Node <XLXI_311/XLXI_84/RBout_2> of sequential type is unconnected in block <Experiment3>.

Mapping all equations...
Building and optimizing final netlist ...
Found area constraint ratio of 100 (+ 5) on block Experiment3, actual ratio is 13.

Final Macro Processing ...

=========================================================================
Final Register Report

Macro Statistics
# Registers                                            : 96
 Flip-Flops                                            : 96

=========================================================================

=========================================================================
*                           Partition Report                            *
=========================================================================

Partition Implementation Status
-------------------------------

  No Partitions were found in this design.

-------------------------------

=========================================================================
*                            Final Report                               *
=========================================================================
Final Results
RTL Top Level Output File Name     : Experiment3.ngr
Top Level Output File Name         : Experiment3
Output Format                      : NGC
Optimization Goal                  : Speed
Keep Hierarchy                     : No

Design Statistics
# IOs                              : 22

Cell Usage :
# BELS                             : 671
#      AND2                        : 56
#      AND2B1                      : 22
#      AND2B2                      : 4
#      AND3                        : 2
#      AND3B1                      : 8
#      AND3B2                      : 8
#      AND3B3                      : 2
#      AND4                        : 6
#      AND4B4                      : 2
#      GND                         : 1
#      INV                         : 21
#      LUT1                        : 127
#      LUT2                        : 23
#      LUT3                        : 8
#      LUT4                        : 43
#      MUXCY                       : 147
#      MUXF5                       : 2
#      OR2                         : 26
#      OR3                         : 8
#      VCC                         : 3
#      XOR2                        : 24
#      XORCY                       : 128
# FlipFlops/Latches                : 96
#      FD                          : 3
#      FDC                         : 2
#      FDCE                        : 16
#      FDCP                        : 8
#      FDE                         : 2
#      FDR                         : 65
# Clock Buffers                    : 3
#      BUFG                        : 2
#      BUFGP                       : 1
# IO Buffers                       : 20
#      IBUF                        : 1
#      OBUF                        : 19
# Others                           : 3
#      PULLDOWN                    : 1
#      PULLUP                      : 2
=========================================================================

Device utilization summary:
---------------------------

Selected Device : 3s100ecp132-4 

 Number of Slices:                      111  out of    960    11%  
 Number of Slice Flip Flops:             96  out of   1920     5%  
 Number of 4 input LUTs:                222  out of   1920    11%  
 Number of IOs:                          22
 Number of bonded IOBs:                  21  out of     83    25%  
 Number of GCLKs:                         3  out of     24    12%  

---------------------------
Partition Resource Summary:
---------------------------

  No Partitions were found in this design.

---------------------------


=========================================================================
TIMING REPORT

NOTE: THESE TIMING NUMBERS ARE ONLY A SYNTHESIS ESTIMATE.
      FOR ACCURATE TIMING INFORMATION PLEASE REFER TO THE TRACE REPORT
      GENERATED AFTER PLACE-and-ROUTE.

Clock Information:
------------------
-----------------------------------+------------------------------+-------+
Clock Signal                       | Clock buffer(FF name)        | Load  |
-----------------------------------+------------------------------+-------+
XLXI_311/XLXI_82/clk_1k            | NONE(XLXI_311/XLXI_83/selx_1)| 14    |
XLXI_311/XLXI_82/clk_1m1           | BUFG                         | 33    |
SYS_CLK                            | BUFGP                        | 41    |
CRY_CLK                            | IBUF+BUFG                    | 4     |
COUNT_UP(XLXI_148:O)               | NONE(*)(XLXI_9/I_Q3/I_36_35) | 4     |
-----------------------------------+------------------------------+-------+
(*) This 1 clock signal(s) are generated by combinatorial logic,
and XST is not able to identify which are the primary clock signals.
Please use the CLOCK_SIGNAL constraint to specify the clock signal(s) generated by combinatorial logic.
INFO:Xst:2169 - HDL ADVISOR - Some clock signals were not automatically buffered by XST with BUFG/BUFR resources. Please use the buffer_type constraint in order to insert these buffers to the clock signals to help prevent skew problems.

Asynchronous Control Signals Information:
----------------------------------------
---------------------------------------------------------------------+-------------------------------+-------+
Control Signal                                                       | Buffer(FF name)               | Load  |
---------------------------------------------------------------------+-------------------------------+-------+
BOOBOO_EN_CLR_openSignal(XST_GND:G)                                  | NONE(BOOBOO_EN/I_36_32)       | 16    |
XLXI_311/XLXI_84/Dout0_0_and0000(XLXI_311/XLXI_84/Dout0_0_and00001:O)| NONE(XLXI_311/XLXI_84/Dout0_0)| 1     |
XLXI_311/XLXI_84/Dout0_0_and0001(XLXI_311/XLXI_84/Dout0_0_and00011:O)| NONE(XLXI_311/XLXI_84/Dout0_0)| 1     |
XLXI_311/XLXI_84/Dout0_1_and0000(XLXI_311/XLXI_84/Dout0_1_and00001:O)| NONE(XLXI_311/XLXI_84/Dout0_1)| 1     |
XLXI_311/XLXI_84/Dout0_1_and0001(XLXI_311/XLXI_84/Dout0_1_and00011:O)| NONE(XLXI_311/XLXI_84/Dout0_1)| 1     |
XLXI_311/XLXI_84/Dout0_2_and0000(XLXI_311/XLXI_84/Dout0_2_and00001:O)| NONE(XLXI_311/XLXI_84/Dout0_2)| 1     |
XLXI_311/XLXI_84/Dout0_2_and0001(XLXI_311/XLXI_84/Dout0_2_and00011:O)| NONE(XLXI_311/XLXI_84/Dout0_2)| 1     |
XLXI_311/XLXI_84/Dout0_3_and0000(XLXI_311/XLXI_84/Dout0_3_and00001:O)| NONE(XLXI_311/XLXI_84/Dout0_3)| 1     |
XLXI_311/XLXI_84/Dout0_3_and0001(XLXI_311/XLXI_84/Dout0_3_and00011:O)| NONE(XLXI_311/XLXI_84/Dout0_3)| 1     |
XLXI_311/XLXI_84/Dout1_0_and0000(XLXI_311/XLXI_84/Dout1_0_and00001:O)| NONE(XLXI_311/XLXI_84/Dout1_0)| 1     |
XLXI_311/XLXI_84/Dout1_0_and0001(XLXI_311/XLXI_84/Dout1_0_and00011:O)| NONE(XLXI_311/XLXI_84/Dout1_0)| 1     |
XLXI_311/XLXI_84/Dout1_1_and0000(XLXI_311/XLXI_84/Dout1_1_and00001:O)| NONE(XLXI_311/XLXI_84/Dout1_1)| 1     |
XLXI_311/XLXI_84/Dout1_1_and0001(XLXI_311/XLXI_84/Dout1_1_and00011:O)| NONE(XLXI_311/XLXI_84/Dout1_1)| 1     |
XLXI_311/XLXI_84/Dout1_2_and0000(XLXI_311/XLXI_84/Dout1_2_and00001:O)| NONE(XLXI_311/XLXI_84/Dout1_2)| 1     |
XLXI_311/XLXI_84/Dout1_2_and0001(XLXI_311/XLXI_84/Dout1_2_and00011:O)| NONE(XLXI_311/XLXI_84/Dout1_2)| 1     |
XLXI_311/XLXI_84/Dout1_3_and0000(XLXI_311/XLXI_84/Dout1_3_and00001:O)| NONE(XLXI_311/XLXI_84/Dout1_3)| 1     |
XLXI_311/XLXI_84/Dout1_3_and0001(XLXI_311/XLXI_84/Dout1_3_and00011:O)| NONE(XLXI_311/XLXI_84/Dout1_3)| 1     |
---------------------------------------------------------------------+-------------------------------+-------+

Timing Summary:
---------------
Speed Grade: -4

   Minimum period: 10.324ns (Maximum Frequency: 96.860MHz)
   Minimum input arrival time before clock: No path found
   Maximum output required time after clock: 8.721ns
   Maximum combinational path delay: 6.145ns

Timing Detail:
--------------
All values displayed in nanoseconds (ns)

=========================================================================
Timing constraint: Default period analysis for Clock 'XLXI_311/XLXI_82/clk_1k'
  Clock period: 2.225ns (frequency: 449.438MHz)
  Total number of paths / destination ports: 5 / 4
-------------------------------------------------------------------------
Delay:               2.225ns (Levels of Logic = 1)
  Source:            XLXI_311/XLXI_83/selx_1 (FF)
  Destination:       XLXI_311/XLXI_83/sel_0 (FF)
  Source Clock:      XLXI_311/XLXI_82/clk_1k rising
  Destination Clock: XLXI_311/XLXI_82/clk_1k rising

  Data Path: XLXI_311/XLXI_83/selx_1 to XLXI_311/XLXI_83/sel_0
                                Gate     Net
    Cell:in->out      fanout   Delay   Delay  Logical Name (Net Name)
    ----------------------------------------  ------------
     FD:C->Q               2   0.591   0.622  XLXI_311/XLXI_83/selx_1 (XLXI_311/XLXI_83/selx_1)
     LUT2:I0->O            1   0.704   0.000  XLXI_311/XLXI_83/Mrom_sel_mux0001111 (XLXI_311/XLXI_83/Mrom_sel_mux00011)
     FD:D                      0.308          XLXI_311/XLXI_83/sel_0
    ----------------------------------------
    Total                      2.225ns (1.603ns logic, 0.622ns route)
                                       (72.0% logic, 28.0% route)

=========================================================================
Timing constraint: Default period analysis for Clock 'XLXI_311/XLXI_82/clk_1m1'
  Clock period: 10.324ns (frequency: 96.860MHz)
  Total number of paths / destination ports: 19009 / 66
-------------------------------------------------------------------------
Delay:               10.324ns (Levels of Logic = 34)
  Source:            XLXI_311/XLXI_82/cnt1k_1 (FF)
  Destination:       XLXI_311/XLXI_82/cnt1k_31 (FF)
  Source Clock:      XLXI_311/XLXI_82/clk_1m1 rising
  Destination Clock: XLXI_311/XLXI_82/clk_1m1 rising

  Data Path: XLXI_311/XLXI_82/cnt1k_1 to XLXI_311/XLXI_82/cnt1k_31
                                Gate     Net
    Cell:in->out      fanout   Delay   Delay  Logical Name (Net Name)
    ----------------------------------------  ------------
     FDR:C->Q              2   0.591   0.622  XLXI_311/XLXI_82/cnt1k_1 (XLXI_311/XLXI_82/cnt1k_1)
     LUT1:I0->O            1   0.704   0.000  XLXI_311/XLXI_82/Madd_clk_1k_addsub0000_cy<1>_rt (XLXI_311/XLXI_82/Madd_clk_1k_addsub0000_cy<1>_rt)
     MUXCY:S->O            1   0.464   0.000  XLXI_311/XLXI_82/Madd_clk_1k_addsub0000_cy<1> (XLXI_311/XLXI_82/Madd_clk_1k_addsub0000_cy<1>)
     MUXCY:CI->O           1   0.059   0.000  XLXI_311/XLXI_82/Madd_clk_1k_addsub0000_cy<2> (XLXI_311/XLXI_82/Madd_clk_1k_addsub0000_cy<2>)
     MUXCY:CI->O           1   0.059   0.000  XLXI_311/XLXI_82/Madd_clk_1k_addsub0000_cy<3> (XLXI_311/XLXI_82/Madd_clk_1k_addsub0000_cy<3>)
     MUXCY:CI->O           1   0.059   0.000  XLXI_311/XLXI_82/Madd_clk_1k_addsub0000_cy<4> (XLXI_311/XLXI_82/Madd_clk_1k_addsub0000_cy<4>)
     MUXCY:CI->O           1   0.059   0.000  XLXI_311/XLXI_82/Madd_clk_1k_addsub0000_cy<5> (XLXI_311/XLXI_82/Madd_clk_1k_addsub0000_cy<5>)
     MUXCY:CI->O           1   0.059   0.000  XLXI_311/XLXI_82/Madd_clk_1k_addsub0000_cy<6> (XLXI_311/XLXI_82/Madd_clk_1k_addsub0000_cy<6>)
     MUXCY:CI->O           1   0.059   0.000  XLXI_311/XLXI_82/Madd_clk_1k_addsub0000_cy<7> (XLXI_311/XLXI_82/Madd_clk_1k_addsub0000_cy<7>)
     MUXCY:CI->O           1   0.059   0.000  XLXI_311/XLXI_82/Madd_clk_1k_addsub0000_cy<8> (XLXI_311/XLXI_82/Madd_clk_1k_addsub0000_cy<8>)
     MUXCY:CI->O           1   0.059   0.000  XLXI_311/XLXI_82/Madd_clk_1k_addsub0000_cy<9> (XLXI_311/XLXI_82/Madd_clk_1k_addsub0000_cy<9>)
     MUXCY:CI->O           1   0.059   0.000  XLXI_311/XLXI_82/Madd_clk_1k_addsub0000_cy<10> (XLXI_311/XLXI_82/Madd_clk_1k_addsub0000_cy<10>)
     MUXCY:CI->O           1   0.059   0.000  XLXI_311/XLXI_82/Madd_clk_1k_addsub0000_cy<11> (XLXI_311/XLXI_82/Madd_clk_1k_addsub0000_cy<11>)
     MUXCY:CI->O           1   0.059   0.000  XLXI_311/XLXI_82/Madd_clk_1k_addsub0000_cy<12> (XLXI_311/XLXI_82/Madd_clk_1k_addsub0000_cy<12>)
     MUXCY:CI->O           1   0.059   0.000  XLXI_311/XLXI_82/Madd_clk_1k_addsub0000_cy<13> (XLXI_311/XLXI_82/Madd_clk_1k_addsub0000_cy<13>)
     MUXCY:CI->O           1   0.059   0.000  XLXI_311/XLXI_82/Madd_clk_1k_addsub0000_cy<14> (XLXI_311/XLXI_82/Madd_clk_1k_addsub0000_cy<14>)
     MUXCY:CI->O           1   0.059   0.000  XLXI_311/XLXI_82/Madd_clk_1k_addsub0000_cy<15> (XLXI_311/XLXI_82/Madd_clk_1k_addsub0000_cy<15>)
     MUXCY:CI->O           1   0.059   0.000  XLXI_311/XLXI_82/Madd_clk_1k_addsub0000_cy<16> (XLXI_311/XLXI_82/Madd_clk_1k_addsub0000_cy<16>)
     MUXCY:CI->O           1   0.059   0.000  XLXI_311/XLXI_82/Madd_clk_1k_addsub0000_cy<17> (XLXI_311/XLXI_82/Madd_clk_1k_addsub0000_cy<17>)
     MUXCY:CI->O           1   0.059   0.000  XLXI_311/XLXI_82/Madd_clk_1k_addsub0000_cy<18> (XLXI_311/XLXI_82/Madd_clk_1k_addsub0000_cy<18>)
     MUXCY:CI->O           1   0.059   0.000  XLXI_311/XLXI_82/Madd_clk_1k_addsub0000_cy<19> (XLXI_311/XLXI_82/Madd_clk_1k_addsub0000_cy<19>)
     MUXCY:CI->O           1   0.059   0.000  XLXI_311/XLXI_82/Madd_clk_1k_addsub0000_cy<20> (XLXI_311/XLXI_82/Madd_clk_1k_addsub0000_cy<20>)
     MUXCY:CI->O           1   0.059   0.000  XLXI_311/XLXI_82/Madd_clk_1k_addsub0000_cy<21> (XLXI_311/XLXI_82/Madd_clk_1k_addsub0000_cy<21>)
     MUXCY:CI->O           1   0.059   0.000  XLXI_311/XLXI_82/Madd_clk_1k_addsub0000_cy<22> (XLXI_311/XLXI_82/Madd_clk_1k_addsub0000_cy<22>)
     MUXCY:CI->O           1   0.059   0.000  XLXI_311/XLXI_82/Madd_clk_1k_addsub0000_cy<23> (XLXI_311/XLXI_82/Madd_clk_1k_addsub0000_cy<23>)
     MUXCY:CI->O           1   0.059   0.000  XLXI_311/XLXI_82/Madd_clk_1k_addsub0000_cy<24> (XLXI_311/XLXI_82/Madd_clk_1k_addsub0000_cy<24>)
     MUXCY:CI->O           1   0.059   0.000  XLXI_311/XLXI_82/Madd_clk_1k_addsub0000_cy<25> (XLXI_311/XLXI_82/Madd_clk_1k_addsub0000_cy<25>)
     MUXCY:CI->O           1   0.059   0.000  XLXI_311/XLXI_82/Madd_clk_1k_addsub0000_cy<26> (XLXI_311/XLXI_82/Madd_clk_1k_addsub0000_cy<26>)
     MUXCY:CI->O           1   0.059   0.000  XLXI_311/XLXI_82/Madd_clk_1k_addsub0000_cy<27> (XLXI_311/XLXI_82/Madd_clk_1k_addsub0000_cy<27>)
     MUXCY:CI->O           1   0.059   0.000  XLXI_311/XLXI_82/Madd_clk_1k_addsub0000_cy<28> (XLXI_311/XLXI_82/Madd_clk_1k_addsub0000_cy<28>)
     XORCY:CI->O           1   0.804   0.595  XLXI_311/XLXI_82/Madd_clk_1k_addsub0000_xor<29> (XLXI_311/XLXI_82/clk_1k_addsub0000<29>)
     LUT2:I0->O            1   0.704   0.000  XLXI_311/XLXI_82/Mcompar_clk_1k_cmp_gt0000_lut<10> (XLXI_311/XLXI_82/Mcompar_clk_1k_cmp_gt0000_lut<10>)
     MUXCY:S->O            1   0.464   0.000  XLXI_311/XLXI_82/Mcompar_clk_1k_cmp_gt0000_cy<10> (XLXI_311/XLXI_82/Mcompar_clk_1k_cmp_gt0000_cy<10>)
     MUXCY:CI->O           2   0.459   0.447  XLXI_311/XLXI_82/Mcompar_clk_1k_cmp_gt0000_cy<11> (XLXI_311/XLXI_82/Mcompar_clk_1k_cmp_gt0000_cy<11>)
     INV:I->O             32   0.704   1.262  XLXI_311/XLXI_82/Mcompar_clk_1k_cmp_gt0000_cy<11>_inv_INV_0 (XLXI_311/XLXI_82/clk_1k_cmp_gt0000)
     FDR:R                     0.911          XLXI_311/XLXI_82/cnt1k_0
    ----------------------------------------
    Total                     10.324ns (7.398ns logic, 2.926ns route)
                                       (71.7% logic, 28.3% route)

=========================================================================
Timing constraint: Default period analysis for Clock 'SYS_CLK'
  Clock period: 9.046ns (frequency: 110.552MHz)
  Total number of paths / destination ports: 17972 / 74
-------------------------------------------------------------------------
Delay:               9.046ns (Levels of Logic = 33)
  Source:            XLXI_311/XLXI_82/cnt1M_1 (FF)
  Destination:       XLXI_311/XLXI_82/cnt1M_31 (FF)
  Source Clock:      SYS_CLK rising
  Destination Clock: SYS_CLK rising

  Data Path: XLXI_311/XLXI_82/cnt1M_1 to XLXI_311/XLXI_82/cnt1M_31
                                Gate     Net
    Cell:in->out      fanout   Delay   Delay  Logical Name (Net Name)
    ----------------------------------------  ------------
     FDR:C->Q              2   0.591   0.622  XLXI_311/XLXI_82/cnt1M_1 (XLXI_311/XLXI_82/cnt1M_1)
     LUT1:I0->O            1   0.704   0.000  XLXI_311/XLXI_82/Madd_clk_1m_addsub0000_cy<1>_rt (XLXI_311/XLXI_82/Madd_clk_1m_addsub0000_cy<1>_rt)
     MUXCY:S->O            1   0.464   0.000  XLXI_311/XLXI_82/Madd_clk_1m_addsub0000_cy<1> (XLXI_311/XLXI_82/Madd_clk_1m_addsub0000_cy<1>)
     MUXCY:CI->O           1   0.059   0.000  XLXI_311/XLXI_82/Madd_clk_1m_addsub0000_cy<2> (XLXI_311/XLXI_82/Madd_clk_1m_addsub0000_cy<2>)
     MUXCY:CI->O           1   0.059   0.000  XLXI_311/XLXI_82/Madd_clk_1m_addsub0000_cy<3> (XLXI_311/XLXI_82/Madd_clk_1m_addsub0000_cy<3>)
     MUXCY:CI->O           1   0.059   0.000  XLXI_311/XLXI_82/Madd_clk_1m_addsub0000_cy<4> (XLXI_311/XLXI_82/Madd_clk_1m_addsub0000_cy<4>)
     MUXCY:CI->O           1   0.059   0.000  XLXI_311/XLXI_82/Madd_clk_1m_addsub0000_cy<5> (XLXI_311/XLXI_82/Madd_clk_1m_addsub0000_cy<5>)
     MUXCY:CI->O           1   0.059   0.000  XLXI_311/XLXI_82/Madd_clk_1m_addsub0000_cy<6> (XLXI_311/XLXI_82/Madd_clk_1m_addsub0000_cy<6>)
     MUXCY:CI->O           1   0.059   0.000  XLXI_311/XLXI_82/Madd_clk_1m_addsub0000_cy<7> (XLXI_311/XLXI_82/Madd_clk_1m_addsub0000_cy<7>)
     MUXCY:CI->O           1   0.059   0.000  XLXI_311/XLXI_82/Madd_clk_1m_addsub0000_cy<8> (XLXI_311/XLXI_82/Madd_clk_1m_addsub0000_cy<8>)
     MUXCY:CI->O           1   0.059   0.000  XLXI_311/XLXI_82/Madd_clk_1m_addsub0000_cy<9> (XLXI_311/XLXI_82/Madd_clk_1m_addsub0000_cy<9>)
     MUXCY:CI->O           1   0.059   0.000  XLXI_311/XLXI_82/Madd_clk_1m_addsub0000_cy<10> (XLXI_311/XLXI_82/Madd_clk_1m_addsub0000_cy<10>)
     MUXCY:CI->O           1   0.059   0.000  XLXI_311/XLXI_82/Madd_clk_1m_addsub0000_cy<11> (XLXI_311/XLXI_82/Madd_clk_1m_addsub0000_cy<11>)
     MUXCY:CI->O           1   0.059   0.000  XLXI_311/XLXI_82/Madd_clk_1m_addsub0000_cy<12> (XLXI_311/XLXI_82/Madd_clk_1m_addsub0000_cy<12>)
     MUXCY:CI->O           1   0.059   0.000  XLXI_311/XLXI_82/Madd_clk_1m_addsub0000_cy<13> (XLXI_311/XLXI_82/Madd_clk_1m_addsub0000_cy<13>)
     MUXCY:CI->O           1   0.059   0.000  XLXI_311/XLXI_82/Madd_clk_1m_addsub0000_cy<14> (XLXI_311/XLXI_82/Madd_clk_1m_addsub0000_cy<14>)
     MUXCY:CI->O           1   0.059   0.000  XLXI_311/XLXI_82/Madd_clk_1m_addsub0000_cy<15> (XLXI_311/XLXI_82/Madd_clk_1m_addsub0000_cy<15>)
     MUXCY:CI->O           1   0.059   0.000  XLXI_311/XLXI_82/Madd_clk_1m_addsub0000_cy<16> (XLXI_311/XLXI_82/Madd_clk_1m_addsub0000_cy<16>)
     MUXCY:CI->O           1   0.059   0.000  XLXI_311/XLXI_82/Madd_clk_1m_addsub0000_cy<17> (XLXI_311/XLXI_82/Madd_clk_1m_addsub0000_cy<17>)
     MUXCY:CI->O           1   0.059   0.000  XLXI_311/XLXI_82/Madd_clk_1m_addsub0000_cy<18> (XLXI_311/XLXI_82/Madd_clk_1m_addsub0000_cy<18>)
     MUXCY:CI->O           1   0.059   0.000  XLXI_311/XLXI_82/Madd_clk_1m_addsub0000_cy<19> (XLXI_311/XLXI_82/Madd_clk_1m_addsub0000_cy<19>)
     MUXCY:CI->O           1   0.059   0.000  XLXI_311/XLXI_82/Madd_clk_1m_addsub0000_cy<20> (XLXI_311/XLXI_82/Madd_clk_1m_addsub0000_cy<20>)
     MUXCY:CI->O           1   0.059   0.000  XLXI_311/XLXI_82/Madd_clk_1m_addsub0000_cy<21> (XLXI_311/XLXI_82/Madd_clk_1m_addsub0000_cy<21>)
     MUXCY:CI->O           1   0.059   0.000  XLXI_311/XLXI_82/Madd_clk_1m_addsub0000_cy<22> (XLXI_311/XLXI_82/Madd_clk_1m_addsub0000_cy<22>)
     MUXCY:CI->O           1   0.059   0.000  XLXI_311/XLXI_82/Madd_clk_1m_addsub0000_cy<23> (XLXI_311/XLXI_82/Madd_clk_1m_addsub0000_cy<23>)
     MUXCY:CI->O           1   0.059   0.000  XLXI_311/XLXI_82/Madd_clk_1m_addsub0000_cy<24> (XLXI_311/XLXI_82/Madd_clk_1m_addsub0000_cy<24>)
     MUXCY:CI->O           1   0.059   0.000  XLXI_311/XLXI_82/Madd_clk_1m_addsub0000_cy<25> (XLXI_311/XLXI_82/Madd_clk_1m_addsub0000_cy<25>)
     MUXCY:CI->O           1   0.059   0.000  XLXI_311/XLXI_82/Madd_clk_1m_addsub0000_cy<26> (XLXI_311/XLXI_82/Madd_clk_1m_addsub0000_cy<26>)
     MUXCY:CI->O           1   0.059   0.000  XLXI_311/XLXI_82/Madd_clk_1m_addsub0000_cy<27> (XLXI_311/XLXI_82/Madd_clk_1m_addsub0000_cy<27>)
     MUXCY:CI->O           1   0.059   0.000  XLXI_311/XLXI_82/Madd_clk_1m_addsub0000_cy<28> (XLXI_311/XLXI_82/Madd_clk_1m_addsub0000_cy<28>)
     XORCY:CI->O           1   0.804   0.595  XLXI_311/XLXI_82/Madd_clk_1m_addsub0000_xor<29> (XLXI_311/XLXI_82/clk_1m_addsub0000<29>)
     LUT2:I0->O            1   0.704   0.000  XLXI_311/XLXI_82/Mcompar_clk_1m_cmp_ge0000_lut<9> (XLXI_311/XLXI_82/Mcompar_clk_1m_cmp_ge0000_lut<9>)
     MUXCY:S->O            1   0.464   0.000  XLXI_311/XLXI_82/Mcompar_clk_1m_cmp_ge0000_cy<9> (XLXI_311/XLXI_82/Mcompar_clk_1m_cmp_ge0000_cy<9>)
     MUXCY:CI->O          33   0.331   1.263  XLXI_311/XLXI_82/Mcompar_clk_1m_cmp_ge0000_cy<10> (XLXI_311/XLXI_82/clk_1m_cmp_ge0000)
     FDR:R                     0.911          XLXI_311/XLXI_82/cnt1M_0
    ----------------------------------------
    Total                      9.046ns (6.566ns logic, 2.480ns route)
                                       (72.6% logic, 27.4% route)

=========================================================================
Timing constraint: Default period analysis for Clock 'CRY_CLK'
  Clock period: 8.660ns (frequency: 115.473MHz)
  Total number of paths / destination ports: 40 / 8
-------------------------------------------------------------------------
Delay:               8.660ns (Levels of Logic = 9)
  Source:            XLXI_10/I_Q0/I_36_35 (FF)
  Destination:       XLXI_10/I_Q3/I_36_35 (FF)
  Source Clock:      CRY_CLK rising
  Destination Clock: CRY_CLK rising

  Data Path: XLXI_10/I_Q0/I_36_35 to XLXI_10/I_Q3/I_36_35
                                Gate     Net
    Cell:in->out      fanout   Delay   Delay  Logical Name (Net Name)
    ----------------------------------------  ------------
     FDCE:C->Q            15   0.591   1.017  I_36_35 (Q)
     end scope: 'I_Q0'
     AND2B2:I1->O          1   0.704   0.420  I_36_3 (T2_DN)
     begin scope: 'I_T2'
     AND2B1:I1->O          1   0.704   0.420  I_36_7 (M0)
     OR2:I1->O             1   0.704   0.420  I_36_8 (O)
     end scope: 'I_T2'
     begin scope: 'I_Q2'
     XOR2:I0->O            1   0.704   0.420  I_36_32 (TQ)
     begin scope: 'I_36_30'
     AND2B1:I1->O          1   0.704   0.420  I_36_7 (M0)
     OR2:I1->O             1   0.704   0.420  I_36_8 (O)
     end scope: 'I_36_30'
     FDCE:D                    0.308          I_36_35
    ----------------------------------------
    Total                      8.660ns (5.123ns logic, 3.537ns route)
                                       (59.2% logic, 40.8% route)

=========================================================================
Timing constraint: Default period analysis for Clock 'COUNT_UP'
  Clock period: 8.643ns (frequency: 115.701MHz)
  Total number of paths / destination ports: 16 / 4
-------------------------------------------------------------------------
Delay:               8.643ns (Levels of Logic = 9)
  Source:            XLXI_9/I_Q0/I_36_35 (FF)
  Destination:       XLXI_9/I_Q3/I_36_35 (FF)
  Source Clock:      COUNT_UP rising
  Destination Clock: COUNT_UP rising

  Data Path: XLXI_9/I_Q0/I_36_35 to XLXI_9/I_Q3/I_36_35
                                Gate     Net
    Cell:in->out      fanout   Delay   Delay  Logical Name (Net Name)
    ----------------------------------------  ------------
     FDCE:C->Q            14   0.591   1.000  I_36_35 (Q)
     end scope: 'I_Q0'
     AND2B2:I1->O          1   0.704   0.420  I_36_3 (T2_DN)
     begin scope: 'I_T2'
     AND2B1:I1->O          1   0.704   0.420  I_36_7 (M0)
     OR2:I1->O             1   0.704   0.420  I_36_8 (O)
     end scope: 'I_T2'
     begin scope: 'I_Q2'
     XOR2:I0->O            1   0.704   0.420  I_36_32 (TQ)
     begin scope: 'I_36_30'
     AND2B1:I1->O          1   0.704   0.420  I_36_7 (M0)
     OR2:I1->O             1   0.704   0.420  I_36_8 (O)
     end scope: 'I_36_30'
     FDCE:D                    0.308          I_36_35
    ----------------------------------------
    Total                      8.643ns (5.123ns logic, 3.520ns route)
                                       (59.3% logic, 40.7% route)

=========================================================================
Timing constraint: Default OFFSET OUT AFTER for Clock 'CRY_CLK'
  Total number of paths / destination ports: 3 / 3
-------------------------------------------------------------------------
Offset:              4.880ns (Levels of Logic = 2)
  Source:            XLXI_10/I_Q0/I_36_35 (FF)
  Destination:       timer_out1 (PAD)
  Source Clock:      CRY_CLK rising

  Data Path: XLXI_10/I_Q0/I_36_35 to timer_out1
                                Gate     Net
    Cell:in->out      fanout   Delay   Delay  Logical Name (Net Name)
    ----------------------------------------  ------------
     FDCE:C->Q            15   0.591   1.017  I_36_35 (Q)
     end scope: 'I_Q0'
     end scope: 'XLXI_10'
     OBUF:I->O                 3.272          timer_out1_OBUF (timer_out1)
    ----------------------------------------
    Total                      4.880ns (3.863ns logic, 1.017ns route)
                                       (79.2% logic, 20.8% route)

=========================================================================
Timing constraint: Default OFFSET OUT AFTER for Clock 'COUNT_UP'
  Total number of paths / destination ports: 4 / 4
-------------------------------------------------------------------------
Offset:              4.863ns (Levels of Logic = 2)
  Source:            XLXI_9/I_Q0/I_36_35 (FF)
  Destination:       count_Q0 (PAD)
  Source Clock:      COUNT_UP rising

  Data Path: XLXI_9/I_Q0/I_36_35 to count_Q0
                                Gate     Net
    Cell:in->out      fanout   Delay   Delay  Logical Name (Net Name)
    ----------------------------------------  ------------
     FDCE:C->Q            14   0.591   1.000  I_36_35 (Q)
     end scope: 'I_Q0'
     end scope: 'XLXI_9'
     OBUF:I->O                 3.272          count_Q0_OBUF (count_Q0)
    ----------------------------------------
    Total                      4.863ns (3.863ns logic, 1.000ns route)
                                       (79.4% logic, 20.6% route)

=========================================================================
Timing constraint: Default OFFSET OUT AFTER for Clock 'XLXI_311/XLXI_82/clk_1k'
  Total number of paths / destination ports: 148 / 11
-------------------------------------------------------------------------
Offset:              8.721ns (Levels of Logic = 4)
  Source:            XLXI_311/XLXI_83/sel_0 (FF)
  Destination:       sseg<5> (PAD)
  Source Clock:      XLXI_311/XLXI_82/clk_1k rising

  Data Path: XLXI_311/XLXI_83/sel_0 to sseg<5>
                                Gate     Net
    Cell:in->out      fanout   Delay   Delay  Logical Name (Net Name)
    ----------------------------------------  ------------
     FD:C->Q              10   0.591   0.961  XLXI_311/XLXI_83/sel_0 (XLXI_311/XLXI_83/sel_0)
     LUT2:I1->O            2   0.704   0.482  XLXI_311/XLXI_86/hexO<3>_SW0 (N10)
     LUT4:I2->O            7   0.704   0.883  XLXI_311/XLXI_86/hexO<3> (XLXI_311/XLXN_185<3>)
     LUT4:I0->O            1   0.704   0.420  XLXI_311/XLXI_85/Mrom_hexD_rom000041 (sseg_2_OBUF)
     OBUF:I->O                 3.272          sseg_2_OBUF (sseg<2>)
    ----------------------------------------
    Total                      8.721ns (5.975ns logic, 2.746ns route)
                                       (68.5% logic, 31.5% route)

=========================================================================
Timing constraint: Default path analysis
  Total number of paths / destination ports: 2 / 1
-------------------------------------------------------------------------
Delay:               6.145ns (Levels of Logic = 3)
  Source:            CRY_CLK (PAD)
  Destination:       CLK (PAD)

  Data Path: CRY_CLK to CLK
                                Gate     Net
    Cell:in->out      fanout   Delay   Delay  Logical Name (Net Name)
    ----------------------------------------  ------------
     IBUF:I->O             3   1.218   0.531  CRY_CLK_IBUF (CRY_CLK_IBUF1)
     AND2:I0->O            1   0.704   0.420  XLXI_308 (CLK_OBUF)
     OBUF:I->O                 3.272          CLK_OBUF (CLK)
    ----------------------------------------
    Total                      6.145ns (5.194ns logic, 0.951ns route)
                                       (84.5% logic, 15.5% route)

=========================================================================


Total REAL time to Xst completion: 5.00 secs
Total CPU time to Xst completion: 5.32 secs
 
--> 

Total memory usage is 281976 kilobytes

Number of errors   :    0 (   0 filtered)
Number of warnings :  104 (   0 filtered)
Number of infos    :    7 (   0 filtered)

