#-----------------------------------------------------------
# PlanAhead v14.7 (64-bit)
# Build 321239 by xbuild on Fri Sep 27 19:29:51 MDT 2013
# Start of session at: Thu Oct 05 12:06:18 2017
# Process ID: 7596
# Log file: C:/Users/Big D/Documents/CSUSM/PHYS301/Lab 6/Experiment2/planAhead_run_4/planAhead.log
# Journal file: C:/Users/Big D/Documents/CSUSM/PHYS301/Lab 6/Experiment2/planAhead_run_4/planAhead.jou
#-----------------------------------------------------------
INFO: [Common 17-78] Attempting to get a license: PlanAhead
INFO: [Common 17-290] Got license for PlanAhead
INFO: [Common 17-86] Your PlanAhead license expires in -1435 day(s)
INFO: [Device 21-36] Loading parts and site information from C:/Xilinx/14.7/ISE_DS/PlanAhead/data/parts/arch.xml
Parsing RTL primitives file [C:/Xilinx/14.7/ISE_DS/PlanAhead/data/parts/xilinx/rtl/prims/rtl_prims.xml]
Finished parsing RTL primitives file [C:/Xilinx/14.7/ISE_DS/PlanAhead/data/parts/xilinx/rtl/prims/rtl_prims.xml]
start_gui
source {C:/Users/Big D/Documents/CSUSM/PHYS301/Lab 6/Experiment2/pa.fromNetlist.tcl}
# create_project -name Experiment2 -dir "C:/Users/Big D/Documents/CSUSM/PHYS301/Lab 6/Experiment2/planAhead_run_4" -part xc3s100ecp132-4
# set_property design_mode GateLvl [get_property srcset [current_run -impl]]
# set_property edif_top_file "C:/Users/Big D/Documents/CSUSM/PHYS301/Lab 6/Experiment2/Experiment2.ngc" [ get_property srcset [ current_run ] ]
# add_files -norecurse { {C:/Users/Big D/Documents/CSUSM/PHYS301/Lab 6/Experiment2} }
# set_param project.pinAheadLayout  yes
# set_property target_constrs_file "Experiment2.ucf" [current_fileset -constrset]
Adding file 'C:/Users/Big D/Documents/CSUSM/PHYS301/Lab 6/Experiment2/Experiment2.ucf' to fileset 'constrs_1'
# add_files [list {Experiment2.ucf}] -fileset [get_property constrset [current_run]]
# link_design
Design is defaulting to srcset: sources_1
Design is defaulting to constrset: constrs_1
Design is defaulting to project part: xc3s100ecp132-4
Release 14.7 - ngc2edif P.20131013 (nt64)
Copyright (c) 1995-2013 Xilinx, Inc.  All rights reserved.
Reading design Experiment2.ngc ...
WARNING:NetListWriters:298 - No output is written to Experiment2.xncf, ignored.
Processing design ...
   Preping design's networks ...
   Preping design's macros ...
  finished :Prep
Writing EDIF netlist file Experiment2.edif ...
ngc2edif: Total memory usage is 79328 kilobytes

Parsing EDIF File [./planAhead_run_4/Experiment2.data/cache/Experiment2_ngc_zx.edif]
Finished Parsing EDIF File [./planAhead_run_4/Experiment2.data/cache/Experiment2_ngc_zx.edif]
INFO: [Designutils 20-910] Reading macro library C:/Xilinx/14.7/ISE_DS/PlanAhead/data\./parts/xilinx/spartan3e/spartan3e/hd_int_macros.edn
Parsing EDIF File [C:/Xilinx/14.7/ISE_DS/PlanAhead/data\./parts/xilinx/spartan3e/spartan3e/hd_int_macros.edn]
Finished Parsing EDIF File [C:/Xilinx/14.7/ISE_DS/PlanAhead/data\./parts/xilinx/spartan3e/spartan3e/hd_int_macros.edn]
Loading clock regions from C:/Xilinx/14.7/ISE_DS/PlanAhead/data\parts/xilinx/spartan3e/spartan3e/xc3s100e/ClockRegion.xml
Loading clock buffers from C:/Xilinx/14.7/ISE_DS/PlanAhead/data\parts/xilinx/spartan3e/spartan3e/xc3s100e/ClockBuffers.xml
Loading package from C:/Xilinx/14.7/ISE_DS/PlanAhead/data\parts/xilinx/spartan3e/spartan3e/xc3s100e/cp132/Package.xml
Loading io standards from C:/Xilinx/14.7/ISE_DS/PlanAhead/data\./parts/xilinx/spartan3e/IOStandards.xml
INFO: [Device 21-19] Loading pkg sso from C:/Xilinx/14.7/ISE_DS/PlanAhead/data\parts/xilinx/spartan3e/spartan3e/xc3s100e/cp132/SSORules.xml
Loading list of drcs for the architecture : C:/Xilinx/14.7/ISE_DS/PlanAhead/data\./parts/xilinx/spartan3e/spartan3e/drc.xml
INFO: [Timing 38-77] Reading timing library C:/Xilinx/14.7/ISE_DS/PlanAhead/data\parts/xilinx/spartan3e/spartan3e/spartan3e-4.lib.
INFO: [Timing 38-34] Done reading timing library C:/Xilinx/14.7/ISE_DS/PlanAhead/data\parts/xilinx/spartan3e/spartan3e/spartan3e-4.lib.
Parsing UCF File [C:/Users/Big D/Documents/CSUSM/PHYS301/Lab 6/Experiment2/Experiment2.ucf]
CRITICAL WARNING: [Constraints 18-11] Could not find net or pin 'Ain[0]' [C:/Users/Big D/Documents/CSUSM/PHYS301/Lab 6/Experiment2/Experiment2.ucf:30]
CRITICAL WARNING: [Constraints 18-11] Could not find net or pin 'Ain[1]' [C:/Users/Big D/Documents/CSUSM/PHYS301/Lab 6/Experiment2/Experiment2.ucf:31]
CRITICAL WARNING: [Constraints 18-11] Could not find net or pin 'Ain[2]' [C:/Users/Big D/Documents/CSUSM/PHYS301/Lab 6/Experiment2/Experiment2.ucf:32]
CRITICAL WARNING: [Constraints 18-11] Could not find net or pin 'Ain[3]' [C:/Users/Big D/Documents/CSUSM/PHYS301/Lab 6/Experiment2/Experiment2.ucf:33]
Finished Parsing UCF File [C:/Users/Big D/Documents/CSUSM/PHYS301/Lab 6/Experiment2/Experiment2.ucf]
INFO: [Designutils 20-20] Invalid constraints found, use command 'write_ucf -constraints invalid <file>' to save all the invalid constraints to a file
INFO: [Project 1-111] Unisim Transformation Summary:
No Unisim elements were transformed.

Phase 0 | Netlist Checksum: fa3710a3
link_design: Time (s): elapsed = 00:00:11 . Memory (MB): peak = 550.156 ; gain = 128.973
startgroup
set_property package_pin K14 [get_ports {anO[0]}]
endgroup
save_constraints
