Release 14.7 - ngc2edif P.20131013 (nt64)
Copyright (c) 1995-2013 Xilinx, Inc.  All rights reserved.
Reading design Experiment2.ngc ...
WARNING:NetListWriters:298 - No output is written to Experiment2.xncf, ignored.
Processing design ...
   Preping design's networks ...
   Preping design's macros ...
  finished :Prep
Writing EDIF netlist file Experiment2.edif ...
ngc2edif: Total memory usage is 79200 kilobytes

Release 14.7 - ngc2edif P.20131013 (nt64)
Copyright (c) 1995-2013 Xilinx, Inc.  All rights reserved.
Reading design Experiment2.ngc ...
WARNING:NetListWriters:298 - No output is written to Experiment2.xncf, ignored.
Processing design ...
   Preping design's networks ...
   Preping design's macros ...
  finished :Prep
Writing EDIF netlist file Experiment2.edif ...
ngc2edif: Total memory usage is 79072 kilobytes

Release 14.7 - ngc2edif P.20131013 (nt64)
Copyright (c) 1995-2013 Xilinx, Inc.  All rights reserved.
Reading design Experiment2.ngc ...
WARNING:NetListWriters:298 - No output is written to Experiment2.xncf, ignored.
Processing design ...
   Preping design's networks ...
   Preping design's macros ...
  finished :Prep
Writing EDIF netlist file Experiment2.edif ...
ngc2edif: Total memory usage is 79200 kilobytes

Release 14.7 - ngc2edif P.20131013 (nt64)
Copyright (c) 1995-2013 Xilinx, Inc.  All rights reserved.
Reading design Experiment2.ngc ...
WARNING:NetListWriters:298 - No output is written to Experiment2.xncf, ignored.
Processing design ...
   Preping design's networks ...
   Preping design's macros ...
  finished :Prep
Writing EDIF netlist file Experiment2.edif ...
ngc2edif: Total memory usage is 78816 kilobytes

Release 14.7 - ngc2edif P.20131013 (nt64)
Copyright (c) 1995-2013 Xilinx, Inc.  All rights reserved.
Reading design Experiment2.ngc ...
WARNING:NetListWriters:298 - No output is written to Experiment2.xncf, ignored.
Processing design ...
   Preping design's networks ...
   Preping design's macros ...
  finished :Prep
Writing EDIF netlist file Experiment2.edif ...
ngc2edif: Total memory usage is 79648 kilobytes

Release 14.7 - ngc2edif P.20131013 (nt64)
Copyright (c) 1995-2013 Xilinx, Inc.  All rights reserved.
Reading design Experiment2.ngc ...
WARNING:NetListWriters:298 - No output is written to Experiment2.xncf, ignored.
Processing design ...
   Preping design's networks ...
   Preping design's macros ...
  finished :Prep
Writing EDIF netlist file Experiment2.edif ...
ngc2edif: Total memory usage is 79200 kilobytes

Release 14.7 - ngc2edif P.20131013 (nt64)
Copyright (c) 1995-2013 Xilinx, Inc.  All rights reserved.
Reading design Experiment2.ngc ...
WARNING:NetListWriters:298 - No output is written to Experiment2.xncf, ignored.
Processing design ...
   Preping design's networks ...
   Preping design's macros ...
  finished :Prep
Writing EDIF netlist file Experiment2.edif ...
ngc2edif: Total memory usage is 78688 kilobytes

Release 14.7 - ngc2edif P.20131013 (nt64)
Copyright (c) 1995-2013 Xilinx, Inc.  All rights reserved.
Reading design Experiment2.ngc ...
WARNING:NetListWriters:298 - No output is written to Experiment2.xncf, ignored.
Processing design ...
   Preping design's networks ...
   Preping design's macros ...
  finished :Prep
Writing EDIF netlist file Experiment2.edif ...
ngc2edif: Total memory usage is 78944 kilobytes

Release 14.7 - ngc2edif P.20131013 (nt64)
Copyright (c) 1995-2013 Xilinx, Inc.  All rights reserved.
Reading design Experiment2.ngc ...
WARNING:NetListWriters:298 - No output is written to Experiment2.xncf, ignored.
Processing design ...
   Preping design's networks ...
   Preping design's macros ...
  finished :Prep
Writing EDIF netlist file Experiment2.edif ...
ngc2edif: Total memory usage is 79328 kilobytes

Release 14.7 - ngc2edif P.20131013 (nt64)
Copyright (c) 1995-2013 Xilinx, Inc.  All rights reserved.
Reading design Experiment2.ngc ...
WARNING:NetListWriters:298 - No output is written to Experiment2.xncf, ignored.
Processing design ...
   Preping design's networks ...
   Preping design's macros ...
  finished :Prep
Writing EDIF netlist file Experiment2.edif ...
ngc2edif: Total memory usage is 78816 kilobytes

Release 14.7 - ngc2edif P.20131013 (nt64)
Copyright (c) 1995-2013 Xilinx, Inc.  All rights reserved.
Reading design Experiment2.ngc ...
WARNING:NetListWriters:298 - No output is written to Experiment2.xncf, ignored.
Processing design ...
   Preping design's networks ...
   Preping design's macros ...
  finished :Prep
Writing EDIF netlist file Experiment2.edif ...
ngc2edif: Total memory usage is 79200 kilobytes

Release 14.7 - ngc2edif P.20131013 (nt64)
Copyright (c) 1995-2013 Xilinx, Inc.  All rights reserved.
Reading design Experiment2.ngc ...
WARNING:NetListWriters:298 - No output is written to Experiment2.xncf, ignored.
Processing design ...
   Preping design's networks ...
   Preping design's macros ...
  finished :Prep
Writing EDIF netlist file Experiment2.edif ...
ngc2edif: Total memory usage is 78752 kilobytes

