Release 14.7 - xst P.20131013 (nt64)
Copyright (c) 1995-2013 Xilinx, Inc.  All rights reserved.
--> Parameter TMPDIR set to xst/projnav.tmp


Total REAL time to Xst completion: 0.00 secs
Total CPU time to Xst completion: 0.06 secs
 
--> Parameter xsthdpdir set to xst


Total REAL time to Xst completion: 0.00 secs
Total CPU time to Xst completion: 0.06 secs
 
--> Reading design: Experiment1.prj

TABLE OF CONTENTS
  1) Synthesis Options Summary
  2) HDL Compilation
  3) Design Hierarchy Analysis
  4) HDL Analysis
  5) HDL Synthesis
     5.1) HDL Synthesis Report
  6) Advanced HDL Synthesis
     6.1) Advanced HDL Synthesis Report
  7) Low Level Synthesis
  8) Partition Report
  9) Final Report
	9.1) Device utilization summary
	9.2) Partition Resource Summary
	9.3) TIMING REPORT


=========================================================================
*                      Synthesis Options Summary                        *
=========================================================================
---- Source Parameters
Input File Name                    : "Experiment1.prj"
Input Format                       : mixed
Ignore Synthesis Constraint File   : NO

---- Target Parameters
Output File Name                   : "Experiment1"
Output Format                      : NGC
Target Device                      : xc3s100e-4-cp132

---- Source Options
Top Module Name                    : Experiment1
Automatic FSM Extraction           : YES
FSM Encoding Algorithm             : Auto
Safe Implementation                : No
FSM Style                          : LUT
RAM Extraction                     : Yes
RAM Style                          : Auto
ROM Extraction                     : Yes
Mux Style                          : Auto
Decoder Extraction                 : YES
Priority Encoder Extraction        : Yes
Shift Register Extraction          : YES
Logical Shifter Extraction         : YES
XOR Collapsing                     : YES
ROM Style                          : Auto
Mux Extraction                     : Yes
Resource Sharing                   : YES
Asynchronous To Synchronous        : NO
Multiplier Style                   : Auto
Automatic Register Balancing       : No

---- Target Options
Add IO Buffers                     : YES
Global Maximum Fanout              : 500
Add Generic Clock Buffer(BUFG)     : 24
Register Duplication               : YES
Slice Packing                      : YES
Optimize Instantiated Primitives   : NO
Use Clock Enable                   : Yes
Use Synchronous Set                : Yes
Use Synchronous Reset              : Yes
Pack IO Registers into IOBs        : Auto
Equivalent register Removal        : YES

---- General Options
Optimization Goal                  : Speed
Optimization Effort                : 1
Keep Hierarchy                     : No
Netlist Hierarchy                  : As_Optimized
RTL Output                         : Yes
Global Optimization                : AllClockNets
Read Cores                         : YES
Write Timing Constraints           : NO
Cross Clock Analysis               : NO
Hierarchy Separator                : /
Bus Delimiter                      : <>
Case Specifier                     : Maintain
Slice Utilization Ratio            : 100
BRAM Utilization Ratio             : 100
Verilog 2001                       : YES
Auto BRAM Packing                  : NO
Slice Utilization Ratio Delta      : 5

=========================================================================


=========================================================================
*                          HDL Compilation                              *
=========================================================================
Compiling vhdl file "C:/Users/Big D/Downloads/bin2BCD3en.vhd" in Library work.
Architecture behavioral of Entity bin2bcd3en is up to date.
Compiling vhdl file "C:/Users/Big D/Downloads/sel_strobeB.vhd" in Library work.
Architecture behavioral of Entity sel_strobeb is up to date.
Compiling vhdl file "C:/Users/Big D/Downloads/mux4SSD.vhd" in Library work.
Architecture behavioral of Entity mux4ssd is up to date.
Compiling vhdl file "C:/Users/Big D/Downloads/DCM_50M.vhd" in Library work.
Architecture behavioral of Entity dcm_50m is up to date.
Compiling vhdl file "C:/Users/Big D/Downloads/SSD_1dig.vhd" in Library work.
Architecture behavioral of Entity ssd_1dig is up to date.
Compiling vhdl file "C:/Users/Big D/Documents/CSUSM/PHYS301/Lab9/R/Experiment1/Experiment3.vhf" in Library work.
Architecture behavioral of Entity experiment3 is up to date.
Compiling vhdl file "C:/Users/Big D/Documents/CSUSM/PHYS301/Lab9/R/Experiment1/Experiment1.vhf" in Library work.
Entity <EX1_MUX_2_MUSER_Experiment1> compiled.
Entity <EX1_MUX_2_MUSER_Experiment1> (Architecture <BEHAVIORAL>) compiled.
Entity <fjkce_mxilinx_experiment1> compiled.
Entity <fjkce_mxilinx_experiment1> (Architecture <behavioral>) compiled.
Entity <experiment1> compiled.
Entity <experiment1> (Architecture <behavioral>) compiled.
Compiling vhdl file "C:/Users/Big D/Documents/CSUSM/PHYS301/Lab9/R/Experiment1/EX1_MUX_2.vhf" in Library work.
Entity <EX1_MUX_2> compiled.
Entity <EX1_MUX_2> (Architecture <BEHAVIORAL>) compiled.

=========================================================================
*                     Design Hierarchy Analysis                         *
=========================================================================
Analyzing hierarchy for entity <Experiment1> in library <work> (architecture <behavioral>).

Analyzing hierarchy for entity <FJKCE_MXILINX_Experiment1> in library <work> (architecture <behavioral>) with generics.
	INIT = '0'

Analyzing hierarchy for entity <DCM_50M> in library <work> (architecture <behavioral>) with generics.
	DIV100 = 50
	DIV1k = 500
	DIV50 = 25

Analyzing hierarchy for entity <Experiment3> in library <work> (architecture <behavioral>).

Analyzing hierarchy for entity <EX1_MUX_2_MUSER_Experiment1> in library <work> (architecture <BEHAVIORAL>).

Analyzing hierarchy for entity <bin2BCD3en> in library <work> (architecture <behavioral>).

Analyzing hierarchy for entity <sel_strobeB> in library <work> (architecture <behavioral>).

Analyzing hierarchy for entity <mux4SSD> in library <work> (architecture <behavioral>).

Analyzing hierarchy for entity <DCM_50M> in library <work> (architecture <behavioral>) with generics.
	DIV100 = 50
	DIV1k = 500
	DIV50 = 25

Analyzing hierarchy for entity <SSD_1dig> in library <work> (architecture <behavioral>).


=========================================================================
*                            HDL Analysis                               *
=========================================================================
Analyzing Entity <Experiment1> in library <work> (Architecture <behavioral>).
    Set user-defined property "HU_SET =  XLXI_1_6" for instance <XLXI_1> in unit <Experiment1>.
    Set user-defined property "HU_SET =  XLXI_2_7" for instance <XLXI_2> in unit <Experiment1>.
    Set user-defined property "HU_SET =  XLXI_3_8" for instance <XLXI_3> in unit <Experiment1>.
    Set user-defined property "HU_SET =  XLXI_4_9" for instance <XLXI_4> in unit <Experiment1>.
    Set user-defined property "HU_SET =  XLXI_5_10" for instance <XLXI_5> in unit <Experiment1>.
    Set user-defined property "HU_SET =  XLXI_6_11" for instance <XLXI_6> in unit <Experiment1>.
WARNING:Xst:753 - "C:/Users/Big D/Documents/CSUSM/PHYS301/Lab9/R/Experiment1/Experiment1.vhf" line 550: Unconnected output port 'CLK1M' of component 'DCM_50M'.
Entity <Experiment1> analyzed. Unit <Experiment1> generated.

Analyzing generic Entity <FJKCE_MXILINX_Experiment1> in library <work> (Architecture <behavioral>).
	INIT = '0'
    Set user-defined property "INIT =  0" for instance <I_36_32> in unit <FJKCE_MXILINX_Experiment1>.
    Set user-defined property "RLOC =  X0Y0" for instance <I_36_32> in unit <FJKCE_MXILINX_Experiment1>.
Entity <FJKCE_MXILINX_Experiment1> analyzed. Unit <FJKCE_MXILINX_Experiment1> generated.

Analyzing generic Entity <DCM_50M> in library <work> (Architecture <behavioral>).
	DIV100 = 50
	DIV1k = 500
	DIV50 = 25
Entity <DCM_50M> analyzed. Unit <DCM_50M> generated.

Analyzing Entity <Experiment3> in library <work> (Architecture <behavioral>).
WARNING:Xst:753 - "C:/Users/Big D/Documents/CSUSM/PHYS301/Lab9/R/Experiment1/Experiment3.vhf" line 104: Unconnected output port 'RBout' of component 'bin2BCD3en'.
WARNING:Xst:753 - "C:/Users/Big D/Documents/CSUSM/PHYS301/Lab9/R/Experiment1/Experiment3.vhf" line 130: Unconnected output port 'CLK1M' of component 'DCM_50M'.
WARNING:Xst:753 - "C:/Users/Big D/Documents/CSUSM/PHYS301/Lab9/R/Experiment1/Experiment3.vhf" line 130: Unconnected output port 'CLK10k' of component 'DCM_50M'.
WARNING:Xst:753 - "C:/Users/Big D/Documents/CSUSM/PHYS301/Lab9/R/Experiment1/Experiment3.vhf" line 130: Unconnected output port 'CLK1' of component 'DCM_50M'.
Entity <Experiment3> analyzed. Unit <Experiment3> generated.

Analyzing Entity <bin2BCD3en> in library <work> (Architecture <behavioral>).
INFO:Xst:1561 - "C:/Users/Big D/Downloads/bin2BCD3en.vhd" line 62: Mux is complete : default of case is discarded
INFO:Xst:1561 - "C:/Users/Big D/Downloads/bin2BCD3en.vhd" line 62: Mux is complete : default of case is discarded
INFO:Xst:2679 - Register <Dout3> in unit <bin2BCD3en> has a constant value of 0000 during circuit operation. The register is replaced by logic.
Entity <bin2BCD3en> analyzed. Unit <bin2BCD3en> generated.

Analyzing Entity <sel_strobeB> in library <work> (Architecture <behavioral>).
Entity <sel_strobeB> analyzed. Unit <sel_strobeB> generated.

Analyzing Entity <mux4SSD> in library <work> (Architecture <behavioral>).
Entity <mux4SSD> analyzed. Unit <mux4SSD> generated.

Analyzing Entity <SSD_1dig> in library <work> (Architecture <behavioral>).
Entity <SSD_1dig> analyzed. Unit <SSD_1dig> generated.

Analyzing Entity <EX1_MUX_2_MUSER_Experiment1> in library <work> (Architecture <BEHAVIORAL>).
Entity <EX1_MUX_2_MUSER_Experiment1> analyzed. Unit <EX1_MUX_2_MUSER_Experiment1> generated.


=========================================================================
*                           HDL Synthesis                               *
=========================================================================

Performing bidirectional port resolution...

Synthesizing Unit <DCM_50M>.
    Related source file is "C:/Users/Big D/Downloads/DCM_50M.vhd".
    Found 1-bit register for signal <clk_1>.
    Found 32-bit adder for signal <clk_1$add0000> created at line 121.
    Found 1-bit register for signal <clk_10k>.
    Found 1-bit register for signal <clk_1k>.
    Found 32-bit adder for signal <clk_1k$add0000> created at line 101.
    Found 1-bit register for signal <clk_1m>.
    Found 32-bit adder for signal <clk_1m$add0000> created at line 61.
    Found 32-bit up counter for signal <cnt1>.
    Found 32-bit comparator greater for signal <cnt1$cmp_gt0000> created at line 122.
    Found 32-bit up counter for signal <cnt10k>.
    Found 32-bit adder for signal <cnt10k$add0000> created at line 81.
    Found 32-bit comparator greater for signal <cnt10k$cmp_gt0000> created at line 82.
    Found 32-bit up counter for signal <cnt1k>.
    Found 32-bit comparator greater for signal <cnt1k$cmp_gt0000> created at line 102.
    Found 32-bit up counter for signal <cnt1M>.
    Found 32-bit comparator greatequal for signal <cnt1M$cmp_ge0000> created at line 62.
    Summary:
	inferred   4 Counter(s).
	inferred   4 D-type flip-flop(s).
	inferred   4 Adder/Subtractor(s).
	inferred   4 Comparator(s).
Unit <DCM_50M> synthesized.


Synthesizing Unit <bin2BCD3en>.
    Related source file is "C:/Users/Big D/Downloads/bin2BCD3en.vhd".
    Found 16x4-bit ROM for signal <b9$mux0000> created at line 50.
    Found 16x4-bit ROM for signal <b8$mux0000> created at line 50.
    Found 16x4-bit ROM for signal <b7$mux0000> created at line 50.
    Found 16x4-bit ROM for signal <b6$mux0000> created at line 50.
    Found 16x4-bit ROM for signal <b4$mux0000> created at line 50.
    Found 8x4-bit ROM for signal <b$mux0000> created at line 50.
    Found 16x4-bit ROM for signal <b11$mux0000> created at line 50.
    Found 16x4-bit ROM for signal <b10$mux0000> created at line 50.
    Found 4-bit register for signal <RBout>.
    Found 4-bit register for signal <Dout0>.
    Found 4-bit register for signal <Dout1>.
    Found 4-bit register for signal <Dout2>.
    Summary:
	inferred   8 ROM(s).
	inferred  12 D-type flip-flop(s).
Unit <bin2BCD3en> synthesized.


Synthesizing Unit <sel_strobeB>.
    Related source file is "C:/Users/Big D/Downloads/sel_strobeB.vhd".
    Found 4x2-bit ROM for signal <sel$mux0001> created at line 44.
    Found 2-bit register for signal <sel>.
    Found 2-bit register for signal <selx>.
    Summary:
	inferred   1 ROM(s).
	inferred   4 D-type flip-flop(s).
Unit <sel_strobeB> synthesized.


Synthesizing Unit <mux4SSD>.
    Related source file is "C:/Users/Big D/Downloads/mux4SSD.vhd".
Unit <mux4SSD> synthesized.


Synthesizing Unit <SSD_1dig>.
    Related source file is "C:/Users/Big D/Downloads/SSD_1dig.vhd".
    Found 16x7-bit ROM for signal <hexD$rom0000>.
    Summary:
	inferred   1 ROM(s).
Unit <SSD_1dig> synthesized.


Synthesizing Unit <FJKCE_MXILINX_Experiment1>.
    Related source file is "C:/Users/Big D/Documents/CSUSM/PHYS301/Lab9/R/Experiment1/Experiment1.vhf".
Unit <FJKCE_MXILINX_Experiment1> synthesized.


Synthesizing Unit <Experiment3>.
    Related source file is "C:/Users/Big D/Documents/CSUSM/PHYS301/Lab9/R/Experiment1/Experiment3.vhf".
Unit <Experiment3> synthesized.


Synthesizing Unit <EX1_MUX_2_MUSER_Experiment1>.
    Related source file is "C:/Users/Big D/Documents/CSUSM/PHYS301/Lab9/R/Experiment1/Experiment1.vhf".
Unit <EX1_MUX_2_MUSER_Experiment1> synthesized.


Synthesizing Unit <Experiment1>.
    Related source file is "C:/Users/Big D/Documents/CSUSM/PHYS301/Lab9/R/Experiment1/Experiment1.vhf".
WARNING:Xst:653 - Signal <din<7:4>> is used but never assigned. This sourceless signal will be automatically connected to value 0000.
WARNING:Xst:653 - Signal <XLXI_6_CLR_openSignal> is used but never assigned. This sourceless signal will be automatically connected to value 0.
WARNING:Xst:653 - Signal <XLXI_5_CLR_openSignal> is used but never assigned. This sourceless signal will be automatically connected to value 0.
WARNING:Xst:653 - Signal <XLXI_54_En_openSignal> is used but never assigned. This sourceless signal will be automatically connected to value 0.
WARNING:Xst:653 - Signal <XLXI_36_RST_openSignal> is used but never assigned. This sourceless signal will be automatically connected to value 0.
WARNING:Xst:646 - Signal <DIS_CLK> is assigned but never used. This unconnected signal will be trimmed during the optimization process.
Unit <Experiment1> synthesized.


=========================================================================
HDL Synthesis Report

Macro Statistics
# ROMs                                                 : 10
 16x4-bit ROM                                          : 7
 16x7-bit ROM                                          : 1
 4x2-bit ROM                                           : 1
 8x4-bit ROM                                           : 1
# Adders/Subtractors                                   : 8
 32-bit adder                                          : 8
# Counters                                             : 8
 32-bit up counter                                     : 8
# Registers                                            : 20
 1-bit register                                        : 16
 2-bit register                                        : 2
 4-bit register                                        : 2
# Comparators                                          : 8
 32-bit comparator greatequal                          : 2
 32-bit comparator greater                             : 6

=========================================================================

=========================================================================
*                       Advanced HDL Synthesis                          *
=========================================================================

INFO:Xst:2261 - The FF/Latch <Dout2_2> in Unit <XLXI_75> is equivalent to the following FF/Latch, which will be removed : <Dout2_3> 
WARNING:Xst:1710 - FF/Latch <Dout2_2> (without init value) has a constant value of 0 in block <XLXI_75>. This FF/Latch will be trimmed during the optimization process.
WARNING:Xst:2404 -  FFs/Latches <Dout2<3:2>> (without init value) have a constant value of 0 in block <bin2BCD3en>.

Synthesizing (advanced) Unit <sel_strobeB>.
INFO:Xst:3034 - In order to maximize performance and save block RAM resources, the small ROM <Mrom_sel_mux0001> will be implemented on LUT. If you want to force its implementation on block, use option/constraint rom_style.
Unit <sel_strobeB> synthesized (advanced).

=========================================================================
Advanced HDL Synthesis Report

Macro Statistics
# ROMs                                                 : 10
 16x4-bit ROM                                          : 7
 16x7-bit ROM                                          : 1
 4x2-bit ROM                                           : 1
 8x4-bit ROM                                           : 1
# Adders/Subtractors                                   : 8
 32-bit adder                                          : 8
# Counters                                             : 8
 32-bit up counter                                     : 8
# Registers                                            : 32
 Flip-Flops                                            : 32
# Comparators                                          : 8
 32-bit comparator greatequal                          : 2
 32-bit comparator greater                             : 6

=========================================================================

=========================================================================
*                         Low Level Synthesis                           *
=========================================================================
INFO:Xst:2261 - The FF/Latch <RBout_1> in Unit <bin2BCD3en> is equivalent to the following FF/Latch, which will be removed : <RBout_0> 
WARNING:Xst:1426 - The value init of the FF/Latch RBout_2 hinder the constant cleaning in the block bin2BCD3en.
   You should achieve better results by setting this init to 0.
WARNING:Xst:1710 - FF/Latch <RBout_3> (without init value) has a constant value of 1 in block <bin2BCD3en>. This FF/Latch will be trimmed during the optimization process.
WARNING:Xst:1895 - Due to other FF/Latch trimming, FF/Latch <RBout_1> (without init value) has a constant value of 0 in block <bin2BCD3en>. This FF/Latch will be trimmed during the optimization process.
WARNING:Xst:2677 - Node <XLXI_54/XLXI_79/clk_1> of sequential type is unconnected in block <Experiment1>.
WARNING:Xst:2677 - Node <XLXI_54/XLXI_79/clk_10k> of sequential type is unconnected in block <Experiment1>.
WARNING:Xst:2677 - Node <XLXI_36/clk_10k> of sequential type is unconnected in block <Experiment1>.
WARNING:Xst:1710 - FF/Latch <Dout1_3> (without init value) has a constant value of 0 in block <bin2BCD3en>. This FF/Latch will be trimmed during the optimization process.
WARNING:Xst:1895 - Due to other FF/Latch trimming, FF/Latch <Dout1_2> (without init value) has a constant value of 0 in block <bin2BCD3en>. This FF/Latch will be trimmed during the optimization process.
WARNING:Xst:1895 - Due to other FF/Latch trimming, FF/Latch <Dout1_1> (without init value) has a constant value of 0 in block <bin2BCD3en>. This FF/Latch will be trimmed during the optimization process.
WARNING:Xst:1895 - Due to other FF/Latch trimming, FF/Latch <Dout2_0> (without init value) has a constant value of 0 in block <bin2BCD3en>. This FF/Latch will be trimmed during the optimization process.
WARNING:Xst:1895 - Due to other FF/Latch trimming, FF/Latch <Dout2_1> (without init value) has a constant value of 0 in block <bin2BCD3en>. This FF/Latch will be trimmed during the optimization process.

Optimizing unit <Experiment1> ...

Optimizing unit <FJKCE_MXILINX_Experiment1> ...

Optimizing unit <EX1_MUX_2_MUSER_Experiment1> ...

Optimizing unit <bin2BCD3en> ...
WARNING:Xst:2677 - Node <XLXI_54/XLXI_75/RBout_2> of sequential type is unconnected in block <Experiment1>.

Mapping all equations...
Building and optimizing final netlist ...
Found area constraint ratio of 100 (+ 5) on block Experiment1, actual ratio is 22.

Final Macro Processing ...

=========================================================================
Final Register Report

Macro Statistics
# Registers                                            : 180
 Flip-Flops                                            : 180

=========================================================================

=========================================================================
*                           Partition Report                            *
=========================================================================

Partition Implementation Status
-------------------------------

  No Partitions were found in this design.

-------------------------------

=========================================================================
*                            Final Report                               *
=========================================================================
Final Results
RTL Top Level Output File Name     : Experiment1.ngr
Top Level Output File Name         : Experiment1
Output Format                      : NGC
Optimization Goal                  : Speed
Keep Hierarchy                     : No

Design Statistics
# IOs                              : 21

Cell Usage :
# BELS                             : 1164
#      AND2                        : 10
#      AND2B1                      : 6
#      AND3                        : 4
#      AND3B1                      : 6
#      AND3B2                      : 6
#      AND4                        : 1
#      GND                         : 1
#      INV                         : 38
#      LUT1                        : 163
#      LUT2                        : 109
#      LUT3                        : 74
#      LUT4                        : 40
#      MUXCY                       : 368
#      MUXF5                       : 1
#      OR2                         : 8
#      OR3                         : 8
#      VCC                         : 1
#      XORCY                       : 320
# FlipFlops/Latches                : 180
#      FD                          : 3
#      FDCE                        : 6
#      FDCP                        : 5
#      FDE                         : 165
#      FDR                         : 1
# Clock Buffers                    : 4
#      BUFG                        : 3
#      BUFGP                       : 1
# IO Buffers                       : 19
#      IBUF                        : 2
#      OBUF                        : 17
# Others                           : 3
#      PULLUP                      : 3
=========================================================================

Device utilization summary:
---------------------------

Selected Device : 3s100ecp132-4 

 Number of Slices:                      209  out of    960    21%  
 Number of Slice Flip Flops:            180  out of   1920     9%  
 Number of 4 input LUTs:                424  out of   1920    22%  
 Number of IOs:                          21
 Number of bonded IOBs:                  20  out of     83    24%  
 Number of GCLKs:                         4  out of     24    16%  

---------------------------
Partition Resource Summary:
---------------------------

  No Partitions were found in this design.

---------------------------


=========================================================================
TIMING REPORT

NOTE: THESE TIMING NUMBERS ARE ONLY A SYNTHESIS ESTIMATE.
      FOR ACCURATE TIMING INFORMATION PLEASE REFER TO THE TRACE REPORT
      GENERATED AFTER PLACE-and-ROUTE.

Clock Information:
------------------
-----------------------------------+-----------------------------+-------+
Clock Signal                       | Clock buffer(FF name)       | Load  |
-----------------------------------+-----------------------------+-------+
XLXI_54/XLXI_79/clk_1k             | NONE(XLXI_54/XLXI_76/selx_1)| 9     |
XLXI_54/XLXI_79/clk_1m1            | BUFG                        | 33    |
SYS_CLK                            | BUFGP                       | 66    |
XLXI_36/clk_1k1                    | BUFG                        | 35    |
XLXI_36/clk_1m1                    | BUFG                        | 33    |
XLXI_36/clk_1                      | NONE(XLXI_4/I_36_32)        | 4     |
-----------------------------------+-----------------------------+-------+
INFO:Xst:2169 - HDL ADVISOR - Some clock signals were not automatically buffered by XST with BUFG/BUFR resources. Please use the buffer_type constraint in order to insert these buffers to the clock signals to help prevent skew problems.

Asynchronous Control Signals Information:
----------------------------------------
-----------------------------------+------------------------+-------+
Control Signal                     | Buffer(FF name)        | Load  |
-----------------------------------+------------------------+-------+
N0(XST_GND:G)                      | NONE(XLXI_5/I_36_32)   | 12    |
XLXN_130(XLXI_40:O)                | NONE(XLXI_1/I_36_32)   | 4     |
-----------------------------------+------------------------+-------+

Timing Summary:
---------------
Speed Grade: -4

   Minimum period: 12.220ns (Maximum Frequency: 81.834MHz)
   Minimum input arrival time before clock: 6.580ns
   Maximum output required time after clock: 7.856ns
   Maximum combinational path delay: No path found

Timing Detail:
--------------
All values displayed in nanoseconds (ns)

=========================================================================
Timing constraint: Default period analysis for Clock 'XLXI_54/XLXI_79/clk_1k'
  Clock period: 2.225ns (frequency: 449.438MHz)
  Total number of paths / destination ports: 5 / 4
-------------------------------------------------------------------------
Delay:               2.225ns (Levels of Logic = 1)
  Source:            XLXI_54/XLXI_76/selx_1 (FF)
  Destination:       XLXI_54/XLXI_76/sel_0 (FF)
  Source Clock:      XLXI_54/XLXI_79/clk_1k rising
  Destination Clock: XLXI_54/XLXI_79/clk_1k rising

  Data Path: XLXI_54/XLXI_76/selx_1 to XLXI_54/XLXI_76/sel_0
                                Gate     Net
    Cell:in->out      fanout   Delay   Delay  Logical Name (Net Name)
    ----------------------------------------  ------------
     FD:C->Q               2   0.591   0.622  XLXI_54/XLXI_76/selx_1 (XLXI_54/XLXI_76/selx_1)
     LUT2:I0->O            1   0.704   0.000  XLXI_54/XLXI_76/Mrom_sel_mux0001111 (XLXI_54/XLXI_76/Mrom_sel_mux00011)
     FD:D                      0.308          XLXI_54/XLXI_76/sel_0
    ----------------------------------------
    Total                      2.225ns (1.603ns logic, 0.622ns route)
                                       (72.0% logic, 28.0% route)

=========================================================================
Timing constraint: Default period analysis for Clock 'XLXI_54/XLXI_79/clk_1m1'
  Clock period: 11.992ns (frequency: 83.390MHz)
  Total number of paths / destination ports: 314689 / 34
-------------------------------------------------------------------------
Delay:               11.992ns (Levels of Logic = 66)
  Source:            XLXI_54/XLXI_79/cnt1k_1 (FF)
  Destination:       XLXI_54/XLXI_79/cnt1k_31 (FF)
  Source Clock:      XLXI_54/XLXI_79/clk_1m1 rising
  Destination Clock: XLXI_54/XLXI_79/clk_1m1 rising

  Data Path: XLXI_54/XLXI_79/cnt1k_1 to XLXI_54/XLXI_79/cnt1k_31
                                Gate     Net
    Cell:in->out      fanout   Delay   Delay  Logical Name (Net Name)
    ----------------------------------------  ------------
     FDE:C->Q              2   0.591   0.622  XLXI_54/XLXI_79/cnt1k_1 (XLXI_54/XLXI_79/cnt1k_1)
     LUT1:I0->O            1   0.704   0.000  XLXI_54/XLXI_79/Madd_clk_1k_add0000_cy<1>_rt (XLXI_54/XLXI_79/Madd_clk_1k_add0000_cy<1>_rt)
     MUXCY:S->O            1   0.464   0.000  XLXI_54/XLXI_79/Madd_clk_1k_add0000_cy<1> (XLXI_54/XLXI_79/Madd_clk_1k_add0000_cy<1>)
     MUXCY:CI->O           1   0.059   0.000  XLXI_54/XLXI_79/Madd_clk_1k_add0000_cy<2> (XLXI_54/XLXI_79/Madd_clk_1k_add0000_cy<2>)
     MUXCY:CI->O           1   0.059   0.000  XLXI_54/XLXI_79/Madd_clk_1k_add0000_cy<3> (XLXI_54/XLXI_79/Madd_clk_1k_add0000_cy<3>)
     MUXCY:CI->O           1   0.059   0.000  XLXI_54/XLXI_79/Madd_clk_1k_add0000_cy<4> (XLXI_54/XLXI_79/Madd_clk_1k_add0000_cy<4>)
     MUXCY:CI->O           1   0.059   0.000  XLXI_54/XLXI_79/Madd_clk_1k_add0000_cy<5> (XLXI_54/XLXI_79/Madd_clk_1k_add0000_cy<5>)
     MUXCY:CI->O           1   0.059   0.000  XLXI_54/XLXI_79/Madd_clk_1k_add0000_cy<6> (XLXI_54/XLXI_79/Madd_clk_1k_add0000_cy<6>)
     MUXCY:CI->O           1   0.059   0.000  XLXI_54/XLXI_79/Madd_clk_1k_add0000_cy<7> (XLXI_54/XLXI_79/Madd_clk_1k_add0000_cy<7>)
     MUXCY:CI->O           1   0.059   0.000  XLXI_54/XLXI_79/Madd_clk_1k_add0000_cy<8> (XLXI_54/XLXI_79/Madd_clk_1k_add0000_cy<8>)
     MUXCY:CI->O           1   0.059   0.000  XLXI_54/XLXI_79/Madd_clk_1k_add0000_cy<9> (XLXI_54/XLXI_79/Madd_clk_1k_add0000_cy<9>)
     MUXCY:CI->O           1   0.059   0.000  XLXI_54/XLXI_79/Madd_clk_1k_add0000_cy<10> (XLXI_54/XLXI_79/Madd_clk_1k_add0000_cy<10>)
     MUXCY:CI->O           1   0.059   0.000  XLXI_54/XLXI_79/Madd_clk_1k_add0000_cy<11> (XLXI_54/XLXI_79/Madd_clk_1k_add0000_cy<11>)
     MUXCY:CI->O           1   0.059   0.000  XLXI_54/XLXI_79/Madd_clk_1k_add0000_cy<12> (XLXI_54/XLXI_79/Madd_clk_1k_add0000_cy<12>)
     MUXCY:CI->O           1   0.059   0.000  XLXI_54/XLXI_79/Madd_clk_1k_add0000_cy<13> (XLXI_54/XLXI_79/Madd_clk_1k_add0000_cy<13>)
     MUXCY:CI->O           1   0.059   0.000  XLXI_54/XLXI_79/Madd_clk_1k_add0000_cy<14> (XLXI_54/XLXI_79/Madd_clk_1k_add0000_cy<14>)
     MUXCY:CI->O           1   0.059   0.000  XLXI_54/XLXI_79/Madd_clk_1k_add0000_cy<15> (XLXI_54/XLXI_79/Madd_clk_1k_add0000_cy<15>)
     MUXCY:CI->O           1   0.059   0.000  XLXI_54/XLXI_79/Madd_clk_1k_add0000_cy<16> (XLXI_54/XLXI_79/Madd_clk_1k_add0000_cy<16>)
     MUXCY:CI->O           1   0.059   0.000  XLXI_54/XLXI_79/Madd_clk_1k_add0000_cy<17> (XLXI_54/XLXI_79/Madd_clk_1k_add0000_cy<17>)
     MUXCY:CI->O           1   0.059   0.000  XLXI_54/XLXI_79/Madd_clk_1k_add0000_cy<18> (XLXI_54/XLXI_79/Madd_clk_1k_add0000_cy<18>)
     MUXCY:CI->O           1   0.059   0.000  XLXI_54/XLXI_79/Madd_clk_1k_add0000_cy<19> (XLXI_54/XLXI_79/Madd_clk_1k_add0000_cy<19>)
     MUXCY:CI->O           1   0.059   0.000  XLXI_54/XLXI_79/Madd_clk_1k_add0000_cy<20> (XLXI_54/XLXI_79/Madd_clk_1k_add0000_cy<20>)
     MUXCY:CI->O           1   0.059   0.000  XLXI_54/XLXI_79/Madd_clk_1k_add0000_cy<21> (XLXI_54/XLXI_79/Madd_clk_1k_add0000_cy<21>)
     MUXCY:CI->O           1   0.059   0.000  XLXI_54/XLXI_79/Madd_clk_1k_add0000_cy<22> (XLXI_54/XLXI_79/Madd_clk_1k_add0000_cy<22>)
     MUXCY:CI->O           1   0.059   0.000  XLXI_54/XLXI_79/Madd_clk_1k_add0000_cy<23> (XLXI_54/XLXI_79/Madd_clk_1k_add0000_cy<23>)
     MUXCY:CI->O           1   0.059   0.000  XLXI_54/XLXI_79/Madd_clk_1k_add0000_cy<24> (XLXI_54/XLXI_79/Madd_clk_1k_add0000_cy<24>)
     MUXCY:CI->O           1   0.059   0.000  XLXI_54/XLXI_79/Madd_clk_1k_add0000_cy<25> (XLXI_54/XLXI_79/Madd_clk_1k_add0000_cy<25>)
     MUXCY:CI->O           1   0.059   0.000  XLXI_54/XLXI_79/Madd_clk_1k_add0000_cy<26> (XLXI_54/XLXI_79/Madd_clk_1k_add0000_cy<26>)
     MUXCY:CI->O           1   0.059   0.000  XLXI_54/XLXI_79/Madd_clk_1k_add0000_cy<27> (XLXI_54/XLXI_79/Madd_clk_1k_add0000_cy<27>)
     MUXCY:CI->O           1   0.059   0.000  XLXI_54/XLXI_79/Madd_clk_1k_add0000_cy<28> (XLXI_54/XLXI_79/Madd_clk_1k_add0000_cy<28>)
     XORCY:CI->O           1   0.804   0.595  XLXI_54/XLXI_79/Madd_clk_1k_add0000_xor<29> (XLXI_54/XLXI_79/clk_1k_add0000<29>)
     LUT2:I0->O            1   0.704   0.000  XLXI_54/XLXI_79/Mcompar_cnt1k_cmp_gt0000_lut<10> (XLXI_54/XLXI_79/Mcompar_cnt1k_cmp_gt0000_lut<10>)
     MUXCY:S->O            1   0.464   0.000  XLXI_54/XLXI_79/Mcompar_cnt1k_cmp_gt0000_cy<10> (XLXI_54/XLXI_79/Mcompar_cnt1k_cmp_gt0000_cy<10>)
     MUXCY:CI->O          34   0.059   1.342  XLXI_54/XLXI_79/Mcompar_cnt1k_cmp_gt0000_cy<11> (XLXI_54/XLXI_79/Mcompar_cnt1k_cmp_gt0000_cy<11>)
     LUT2:I1->O            1   0.704   0.000  XLXI_54/XLXI_79/Mcount_cnt1k_lut<0> (XLXI_54/XLXI_79/Mcount_cnt1k_lut<0>)
     MUXCY:S->O            1   0.464   0.000  XLXI_54/XLXI_79/Mcount_cnt1k_cy<0> (XLXI_54/XLXI_79/Mcount_cnt1k_cy<0>)
     MUXCY:CI->O           1   0.059   0.000  XLXI_54/XLXI_79/Mcount_cnt1k_cy<1> (XLXI_54/XLXI_79/Mcount_cnt1k_cy<1>)
     MUXCY:CI->O           1   0.059   0.000  XLXI_54/XLXI_79/Mcount_cnt1k_cy<2> (XLXI_54/XLXI_79/Mcount_cnt1k_cy<2>)
     MUXCY:CI->O           1   0.059   0.000  XLXI_54/XLXI_79/Mcount_cnt1k_cy<3> (XLXI_54/XLXI_79/Mcount_cnt1k_cy<3>)
     MUXCY:CI->O           1   0.059   0.000  XLXI_54/XLXI_79/Mcount_cnt1k_cy<4> (XLXI_54/XLXI_79/Mcount_cnt1k_cy<4>)
     MUXCY:CI->O           1   0.059   0.000  XLXI_54/XLXI_79/Mcount_cnt1k_cy<5> (XLXI_54/XLXI_79/Mcount_cnt1k_cy<5>)
     MUXCY:CI->O           1   0.059   0.000  XLXI_54/XLXI_79/Mcount_cnt1k_cy<6> (XLXI_54/XLXI_79/Mcount_cnt1k_cy<6>)
     MUXCY:CI->O           1   0.059   0.000  XLXI_54/XLXI_79/Mcount_cnt1k_cy<7> (XLXI_54/XLXI_79/Mcount_cnt1k_cy<7>)
     MUXCY:CI->O           1   0.059   0.000  XLXI_54/XLXI_79/Mcount_cnt1k_cy<8> (XLXI_54/XLXI_79/Mcount_cnt1k_cy<8>)
     MUXCY:CI->O           1   0.059   0.000  XLXI_54/XLXI_79/Mcount_cnt1k_cy<9> (XLXI_54/XLXI_79/Mcount_cnt1k_cy<9>)
     MUXCY:CI->O           1   0.059   0.000  XLXI_54/XLXI_79/Mcount_cnt1k_cy<10> (XLXI_54/XLXI_79/Mcount_cnt1k_cy<10>)
     MUXCY:CI->O           1   0.059   0.000  XLXI_54/XLXI_79/Mcount_cnt1k_cy<11> (XLXI_54/XLXI_79/Mcount_cnt1k_cy<11>)
     MUXCY:CI->O           1   0.059   0.000  XLXI_54/XLXI_79/Mcount_cnt1k_cy<12> (XLXI_54/XLXI_79/Mcount_cnt1k_cy<12>)
     MUXCY:CI->O           1   0.059   0.000  XLXI_54/XLXI_79/Mcount_cnt1k_cy<13> (XLXI_54/XLXI_79/Mcount_cnt1k_cy<13>)
     MUXCY:CI->O           1   0.059   0.000  XLXI_54/XLXI_79/Mcount_cnt1k_cy<14> (XLXI_54/XLXI_79/Mcount_cnt1k_cy<14>)
     MUXCY:CI->O           1   0.059   0.000  XLXI_54/XLXI_79/Mcount_cnt1k_cy<15> (XLXI_54/XLXI_79/Mcount_cnt1k_cy<15>)
     MUXCY:CI->O           1   0.059   0.000  XLXI_54/XLXI_79/Mcount_cnt1k_cy<16> (XLXI_54/XLXI_79/Mcount_cnt1k_cy<16>)
     MUXCY:CI->O           1   0.059   0.000  XLXI_54/XLXI_79/Mcount_cnt1k_cy<17> (XLXI_54/XLXI_79/Mcount_cnt1k_cy<17>)
     MUXCY:CI->O           1   0.059   0.000  XLXI_54/XLXI_79/Mcount_cnt1k_cy<18> (XLXI_54/XLXI_79/Mcount_cnt1k_cy<18>)
     MUXCY:CI->O           1   0.059   0.000  XLXI_54/XLXI_79/Mcount_cnt1k_cy<19> (XLXI_54/XLXI_79/Mcount_cnt1k_cy<19>)
     MUXCY:CI->O           1   0.059   0.000  XLXI_54/XLXI_79/Mcount_cnt1k_cy<20> (XLXI_54/XLXI_79/Mcount_cnt1k_cy<20>)
     MUXCY:CI->O           1   0.059   0.000  XLXI_54/XLXI_79/Mcount_cnt1k_cy<21> (XLXI_54/XLXI_79/Mcount_cnt1k_cy<21>)
     MUXCY:CI->O           1   0.059   0.000  XLXI_54/XLXI_79/Mcount_cnt1k_cy<22> (XLXI_54/XLXI_79/Mcount_cnt1k_cy<22>)
     MUXCY:CI->O           1   0.059   0.000  XLXI_54/XLXI_79/Mcount_cnt1k_cy<23> (XLXI_54/XLXI_79/Mcount_cnt1k_cy<23>)
     MUXCY:CI->O           1   0.059   0.000  XLXI_54/XLXI_79/Mcount_cnt1k_cy<24> (XLXI_54/XLXI_79/Mcount_cnt1k_cy<24>)
     MUXCY:CI->O           1   0.059   0.000  XLXI_54/XLXI_79/Mcount_cnt1k_cy<25> (XLXI_54/XLXI_79/Mcount_cnt1k_cy<25>)
     MUXCY:CI->O           1   0.059   0.000  XLXI_54/XLXI_79/Mcount_cnt1k_cy<26> (XLXI_54/XLXI_79/Mcount_cnt1k_cy<26>)
     MUXCY:CI->O           1   0.059   0.000  XLXI_54/XLXI_79/Mcount_cnt1k_cy<27> (XLXI_54/XLXI_79/Mcount_cnt1k_cy<27>)
     MUXCY:CI->O           1   0.059   0.000  XLXI_54/XLXI_79/Mcount_cnt1k_cy<28> (XLXI_54/XLXI_79/Mcount_cnt1k_cy<28>)
     MUXCY:CI->O           1   0.059   0.000  XLXI_54/XLXI_79/Mcount_cnt1k_cy<29> (XLXI_54/XLXI_79/Mcount_cnt1k_cy<29>)
     MUXCY:CI->O           0   0.059   0.000  XLXI_54/XLXI_79/Mcount_cnt1k_cy<30> (XLXI_54/XLXI_79/Mcount_cnt1k_cy<30>)
     XORCY:CI->O           1   0.804   0.000  XLXI_54/XLXI_79/Mcount_cnt1k_xor<31> (XLXI_54/XLXI_79/Mcount_cnt1k31)
     FDE:D                     0.308          XLXI_54/XLXI_79/cnt1k_31
    ----------------------------------------
    Total                     11.992ns (9.433ns logic, 2.559ns route)
                                       (78.7% logic, 21.3% route)

=========================================================================
Timing constraint: Default period analysis for Clock 'SYS_CLK'
  Clock period: 12.220ns (frequency: 81.834MHz)
  Total number of paths / destination ports: 593474 / 68
-------------------------------------------------------------------------
Delay:               12.220ns (Levels of Logic = 66)
  Source:            XLXI_54/XLXI_79/cnt1M_1 (FF)
  Destination:       XLXI_54/XLXI_79/cnt1M_31 (FF)
  Source Clock:      SYS_CLK rising
  Destination Clock: SYS_CLK rising

  Data Path: XLXI_54/XLXI_79/cnt1M_1 to XLXI_54/XLXI_79/cnt1M_31
                                Gate     Net
    Cell:in->out      fanout   Delay   Delay  Logical Name (Net Name)
    ----------------------------------------  ------------
     FDE:C->Q              2   0.591   0.622  XLXI_54/XLXI_79/cnt1M_1 (XLXI_54/XLXI_79/cnt1M_1)
     LUT1:I0->O            1   0.704   0.000  XLXI_54/XLXI_79/Madd_clk_1m_add0000_cy<1>_rt (XLXI_54/XLXI_79/Madd_clk_1m_add0000_cy<1>_rt)
     MUXCY:S->O            1   0.464   0.000  XLXI_54/XLXI_79/Madd_clk_1m_add0000_cy<1> (XLXI_54/XLXI_79/Madd_clk_1m_add0000_cy<1>)
     MUXCY:CI->O           1   0.059   0.000  XLXI_54/XLXI_79/Madd_clk_1m_add0000_cy<2> (XLXI_54/XLXI_79/Madd_clk_1m_add0000_cy<2>)
     MUXCY:CI->O           1   0.059   0.000  XLXI_54/XLXI_79/Madd_clk_1m_add0000_cy<3> (XLXI_54/XLXI_79/Madd_clk_1m_add0000_cy<3>)
     MUXCY:CI->O           1   0.059   0.000  XLXI_54/XLXI_79/Madd_clk_1m_add0000_cy<4> (XLXI_54/XLXI_79/Madd_clk_1m_add0000_cy<4>)
     MUXCY:CI->O           1   0.059   0.000  XLXI_54/XLXI_79/Madd_clk_1m_add0000_cy<5> (XLXI_54/XLXI_79/Madd_clk_1m_add0000_cy<5>)
     MUXCY:CI->O           1   0.059   0.000  XLXI_54/XLXI_79/Madd_clk_1m_add0000_cy<6> (XLXI_54/XLXI_79/Madd_clk_1m_add0000_cy<6>)
     MUXCY:CI->O           1   0.059   0.000  XLXI_54/XLXI_79/Madd_clk_1m_add0000_cy<7> (XLXI_54/XLXI_79/Madd_clk_1m_add0000_cy<7>)
     MUXCY:CI->O           1   0.059   0.000  XLXI_54/XLXI_79/Madd_clk_1m_add0000_cy<8> (XLXI_54/XLXI_79/Madd_clk_1m_add0000_cy<8>)
     MUXCY:CI->O           1   0.059   0.000  XLXI_54/XLXI_79/Madd_clk_1m_add0000_cy<9> (XLXI_54/XLXI_79/Madd_clk_1m_add0000_cy<9>)
     MUXCY:CI->O           1   0.059   0.000  XLXI_54/XLXI_79/Madd_clk_1m_add0000_cy<10> (XLXI_54/XLXI_79/Madd_clk_1m_add0000_cy<10>)
     MUXCY:CI->O           1   0.059   0.000  XLXI_54/XLXI_79/Madd_clk_1m_add0000_cy<11> (XLXI_54/XLXI_79/Madd_clk_1m_add0000_cy<11>)
     MUXCY:CI->O           1   0.059   0.000  XLXI_54/XLXI_79/Madd_clk_1m_add0000_cy<12> (XLXI_54/XLXI_79/Madd_clk_1m_add0000_cy<12>)
     MUXCY:CI->O           1   0.059   0.000  XLXI_54/XLXI_79/Madd_clk_1m_add0000_cy<13> (XLXI_54/XLXI_79/Madd_clk_1m_add0000_cy<13>)
     MUXCY:CI->O           1   0.059   0.000  XLXI_54/XLXI_79/Madd_clk_1m_add0000_cy<14> (XLXI_54/XLXI_79/Madd_clk_1m_add0000_cy<14>)
     MUXCY:CI->O           1   0.059   0.000  XLXI_54/XLXI_79/Madd_clk_1m_add0000_cy<15> (XLXI_54/XLXI_79/Madd_clk_1m_add0000_cy<15>)
     MUXCY:CI->O           1   0.059   0.000  XLXI_54/XLXI_79/Madd_clk_1m_add0000_cy<16> (XLXI_54/XLXI_79/Madd_clk_1m_add0000_cy<16>)
     MUXCY:CI->O           1   0.059   0.000  XLXI_54/XLXI_79/Madd_clk_1m_add0000_cy<17> (XLXI_54/XLXI_79/Madd_clk_1m_add0000_cy<17>)
     MUXCY:CI->O           1   0.059   0.000  XLXI_54/XLXI_79/Madd_clk_1m_add0000_cy<18> (XLXI_54/XLXI_79/Madd_clk_1m_add0000_cy<18>)
     MUXCY:CI->O           1   0.059   0.000  XLXI_54/XLXI_79/Madd_clk_1m_add0000_cy<19> (XLXI_54/XLXI_79/Madd_clk_1m_add0000_cy<19>)
     MUXCY:CI->O           1   0.059   0.000  XLXI_54/XLXI_79/Madd_clk_1m_add0000_cy<20> (XLXI_54/XLXI_79/Madd_clk_1m_add0000_cy<20>)
     MUXCY:CI->O           1   0.059   0.000  XLXI_54/XLXI_79/Madd_clk_1m_add0000_cy<21> (XLXI_54/XLXI_79/Madd_clk_1m_add0000_cy<21>)
     MUXCY:CI->O           1   0.059   0.000  XLXI_54/XLXI_79/Madd_clk_1m_add0000_cy<22> (XLXI_54/XLXI_79/Madd_clk_1m_add0000_cy<22>)
     MUXCY:CI->O           1   0.059   0.000  XLXI_54/XLXI_79/Madd_clk_1m_add0000_cy<23> (XLXI_54/XLXI_79/Madd_clk_1m_add0000_cy<23>)
     MUXCY:CI->O           1   0.059   0.000  XLXI_54/XLXI_79/Madd_clk_1m_add0000_cy<24> (XLXI_54/XLXI_79/Madd_clk_1m_add0000_cy<24>)
     MUXCY:CI->O           1   0.059   0.000  XLXI_54/XLXI_79/Madd_clk_1m_add0000_cy<25> (XLXI_54/XLXI_79/Madd_clk_1m_add0000_cy<25>)
     MUXCY:CI->O           1   0.059   0.000  XLXI_54/XLXI_79/Madd_clk_1m_add0000_cy<26> (XLXI_54/XLXI_79/Madd_clk_1m_add0000_cy<26>)
     MUXCY:CI->O           1   0.059   0.000  XLXI_54/XLXI_79/Madd_clk_1m_add0000_cy<27> (XLXI_54/XLXI_79/Madd_clk_1m_add0000_cy<27>)
     MUXCY:CI->O           1   0.059   0.000  XLXI_54/XLXI_79/Madd_clk_1m_add0000_cy<28> (XLXI_54/XLXI_79/Madd_clk_1m_add0000_cy<28>)
     XORCY:CI->O           1   0.804   0.595  XLXI_54/XLXI_79/Madd_clk_1m_add0000_xor<29> (XLXI_54/XLXI_79/clk_1m_add0000<29>)
     LUT2:I0->O            1   0.704   0.000  XLXI_54/XLXI_79/Mcompar_cnt1M_cmp_ge0000_lut<9> (XLXI_54/XLXI_79/Mcompar_cnt1M_cmp_ge0000_lut<9>)
     MUXCY:S->O            1   0.464   0.000  XLXI_54/XLXI_79/Mcompar_cnt1M_cmp_ge0000_cy<9> (XLXI_54/XLXI_79/Mcompar_cnt1M_cmp_ge0000_cy<9>)
     MUXCY:CI->O          34   0.331   1.298  XLXI_54/XLXI_79/Mcompar_cnt1M_cmp_ge0000_cy<10> (XLXI_54/XLXI_79/clk_1m_and0000)
     LUT3:I2->O            1   0.704   0.000  XLXI_54/XLXI_79/Mcount_cnt1M_lut<0> (XLXI_54/XLXI_79/Mcount_cnt1M_lut<0>)
     MUXCY:S->O            1   0.464   0.000  XLXI_54/XLXI_79/Mcount_cnt1M_cy<0> (XLXI_54/XLXI_79/Mcount_cnt1M_cy<0>)
     MUXCY:CI->O           1   0.059   0.000  XLXI_54/XLXI_79/Mcount_cnt1M_cy<1> (XLXI_54/XLXI_79/Mcount_cnt1M_cy<1>)
     MUXCY:CI->O           1   0.059   0.000  XLXI_54/XLXI_79/Mcount_cnt1M_cy<2> (XLXI_54/XLXI_79/Mcount_cnt1M_cy<2>)
     MUXCY:CI->O           1   0.059   0.000  XLXI_54/XLXI_79/Mcount_cnt1M_cy<3> (XLXI_54/XLXI_79/Mcount_cnt1M_cy<3>)
     MUXCY:CI->O           1   0.059   0.000  XLXI_54/XLXI_79/Mcount_cnt1M_cy<4> (XLXI_54/XLXI_79/Mcount_cnt1M_cy<4>)
     MUXCY:CI->O           1   0.059   0.000  XLXI_54/XLXI_79/Mcount_cnt1M_cy<5> (XLXI_54/XLXI_79/Mcount_cnt1M_cy<5>)
     MUXCY:CI->O           1   0.059   0.000  XLXI_54/XLXI_79/Mcount_cnt1M_cy<6> (XLXI_54/XLXI_79/Mcount_cnt1M_cy<6>)
     MUXCY:CI->O           1   0.059   0.000  XLXI_54/XLXI_79/Mcount_cnt1M_cy<7> (XLXI_54/XLXI_79/Mcount_cnt1M_cy<7>)
     MUXCY:CI->O           1   0.059   0.000  XLXI_54/XLXI_79/Mcount_cnt1M_cy<8> (XLXI_54/XLXI_79/Mcount_cnt1M_cy<8>)
     MUXCY:CI->O           1   0.059   0.000  XLXI_54/XLXI_79/Mcount_cnt1M_cy<9> (XLXI_54/XLXI_79/Mcount_cnt1M_cy<9>)
     MUXCY:CI->O           1   0.059   0.000  XLXI_54/XLXI_79/Mcount_cnt1M_cy<10> (XLXI_54/XLXI_79/Mcount_cnt1M_cy<10>)
     MUXCY:CI->O           1   0.059   0.000  XLXI_54/XLXI_79/Mcount_cnt1M_cy<11> (XLXI_54/XLXI_79/Mcount_cnt1M_cy<11>)
     MUXCY:CI->O           1   0.059   0.000  XLXI_54/XLXI_79/Mcount_cnt1M_cy<12> (XLXI_54/XLXI_79/Mcount_cnt1M_cy<12>)
     MUXCY:CI->O           1   0.059   0.000  XLXI_54/XLXI_79/Mcount_cnt1M_cy<13> (XLXI_54/XLXI_79/Mcount_cnt1M_cy<13>)
     MUXCY:CI->O           1   0.059   0.000  XLXI_54/XLXI_79/Mcount_cnt1M_cy<14> (XLXI_54/XLXI_79/Mcount_cnt1M_cy<14>)
     MUXCY:CI->O           1   0.059   0.000  XLXI_54/XLXI_79/Mcount_cnt1M_cy<15> (XLXI_54/XLXI_79/Mcount_cnt1M_cy<15>)
     MUXCY:CI->O           1   0.059   0.000  XLXI_54/XLXI_79/Mcount_cnt1M_cy<16> (XLXI_54/XLXI_79/Mcount_cnt1M_cy<16>)
     MUXCY:CI->O           1   0.059   0.000  XLXI_54/XLXI_79/Mcount_cnt1M_cy<17> (XLXI_54/XLXI_79/Mcount_cnt1M_cy<17>)
     MUXCY:CI->O           1   0.059   0.000  XLXI_54/XLXI_79/Mcount_cnt1M_cy<18> (XLXI_54/XLXI_79/Mcount_cnt1M_cy<18>)
     MUXCY:CI->O           1   0.059   0.000  XLXI_54/XLXI_79/Mcount_cnt1M_cy<19> (XLXI_54/XLXI_79/Mcount_cnt1M_cy<19>)
     MUXCY:CI->O           1   0.059   0.000  XLXI_54/XLXI_79/Mcount_cnt1M_cy<20> (XLXI_54/XLXI_79/Mcount_cnt1M_cy<20>)
     MUXCY:CI->O           1   0.059   0.000  XLXI_54/XLXI_79/Mcount_cnt1M_cy<21> (XLXI_54/XLXI_79/Mcount_cnt1M_cy<21>)
     MUXCY:CI->O           1   0.059   0.000  XLXI_54/XLXI_79/Mcount_cnt1M_cy<22> (XLXI_54/XLXI_79/Mcount_cnt1M_cy<22>)
     MUXCY:CI->O           1   0.059   0.000  XLXI_54/XLXI_79/Mcount_cnt1M_cy<23> (XLXI_54/XLXI_79/Mcount_cnt1M_cy<23>)
     MUXCY:CI->O           1   0.059   0.000  XLXI_54/XLXI_79/Mcount_cnt1M_cy<24> (XLXI_54/XLXI_79/Mcount_cnt1M_cy<24>)
     MUXCY:CI->O           1   0.059   0.000  XLXI_54/XLXI_79/Mcount_cnt1M_cy<25> (XLXI_54/XLXI_79/Mcount_cnt1M_cy<25>)
     MUXCY:CI->O           1   0.059   0.000  XLXI_54/XLXI_79/Mcount_cnt1M_cy<26> (XLXI_54/XLXI_79/Mcount_cnt1M_cy<26>)
     MUXCY:CI->O           1   0.059   0.000  XLXI_54/XLXI_79/Mcount_cnt1M_cy<27> (XLXI_54/XLXI_79/Mcount_cnt1M_cy<27>)
     MUXCY:CI->O           1   0.059   0.000  XLXI_54/XLXI_79/Mcount_cnt1M_cy<28> (XLXI_54/XLXI_79/Mcount_cnt1M_cy<28>)
     MUXCY:CI->O           1   0.059   0.000  XLXI_54/XLXI_79/Mcount_cnt1M_cy<29> (XLXI_54/XLXI_79/Mcount_cnt1M_cy<29>)
     MUXCY:CI->O           0   0.059   0.000  XLXI_54/XLXI_79/Mcount_cnt1M_cy<30> (XLXI_54/XLXI_79/Mcount_cnt1M_cy<30>)
     XORCY:CI->O           1   0.804   0.000  XLXI_54/XLXI_79/Mcount_cnt1M_xor<31> (XLXI_54/XLXI_79/Mcount_cnt1M31)
     FDE:D                     0.308          XLXI_54/XLXI_79/cnt1M_31
    ----------------------------------------
    Total                     12.220ns (9.705ns logic, 2.515ns route)
                                       (79.4% logic, 20.6% route)

=========================================================================
Timing constraint: Default period analysis for Clock 'XLXI_36/clk_1k1'
  Clock period: 11.992ns (frequency: 83.390MHz)
  Total number of paths / destination ports: 314741 / 36
-------------------------------------------------------------------------
Delay:               11.992ns (Levels of Logic = 66)
  Source:            XLXI_36/cnt1_1 (FF)
  Destination:       XLXI_36/cnt1_31 (FF)
  Source Clock:      XLXI_36/clk_1k1 rising
  Destination Clock: XLXI_36/clk_1k1 rising

  Data Path: XLXI_36/cnt1_1 to XLXI_36/cnt1_31
                                Gate     Net
    Cell:in->out      fanout   Delay   Delay  Logical Name (Net Name)
    ----------------------------------------  ------------
     FDE:C->Q              2   0.591   0.622  XLXI_36/cnt1_1 (XLXI_36/cnt1_1)
     LUT1:I0->O            1   0.704   0.000  XLXI_36/Madd_clk_1_add0000_cy<1>_rt (XLXI_36/Madd_clk_1_add0000_cy<1>_rt)
     MUXCY:S->O            1   0.464   0.000  XLXI_36/Madd_clk_1_add0000_cy<1> (XLXI_36/Madd_clk_1_add0000_cy<1>)
     MUXCY:CI->O           1   0.059   0.000  XLXI_36/Madd_clk_1_add0000_cy<2> (XLXI_36/Madd_clk_1_add0000_cy<2>)
     MUXCY:CI->O           1   0.059   0.000  XLXI_36/Madd_clk_1_add0000_cy<3> (XLXI_36/Madd_clk_1_add0000_cy<3>)
     MUXCY:CI->O           1   0.059   0.000  XLXI_36/Madd_clk_1_add0000_cy<4> (XLXI_36/Madd_clk_1_add0000_cy<4>)
     MUXCY:CI->O           1   0.059   0.000  XLXI_36/Madd_clk_1_add0000_cy<5> (XLXI_36/Madd_clk_1_add0000_cy<5>)
     MUXCY:CI->O           1   0.059   0.000  XLXI_36/Madd_clk_1_add0000_cy<6> (XLXI_36/Madd_clk_1_add0000_cy<6>)
     MUXCY:CI->O           1   0.059   0.000  XLXI_36/Madd_clk_1_add0000_cy<7> (XLXI_36/Madd_clk_1_add0000_cy<7>)
     MUXCY:CI->O           1   0.059   0.000  XLXI_36/Madd_clk_1_add0000_cy<8> (XLXI_36/Madd_clk_1_add0000_cy<8>)
     MUXCY:CI->O           1   0.059   0.000  XLXI_36/Madd_clk_1_add0000_cy<9> (XLXI_36/Madd_clk_1_add0000_cy<9>)
     MUXCY:CI->O           1   0.059   0.000  XLXI_36/Madd_clk_1_add0000_cy<10> (XLXI_36/Madd_clk_1_add0000_cy<10>)
     MUXCY:CI->O           1   0.059   0.000  XLXI_36/Madd_clk_1_add0000_cy<11> (XLXI_36/Madd_clk_1_add0000_cy<11>)
     MUXCY:CI->O           1   0.059   0.000  XLXI_36/Madd_clk_1_add0000_cy<12> (XLXI_36/Madd_clk_1_add0000_cy<12>)
     MUXCY:CI->O           1   0.059   0.000  XLXI_36/Madd_clk_1_add0000_cy<13> (XLXI_36/Madd_clk_1_add0000_cy<13>)
     MUXCY:CI->O           1   0.059   0.000  XLXI_36/Madd_clk_1_add0000_cy<14> (XLXI_36/Madd_clk_1_add0000_cy<14>)
     MUXCY:CI->O           1   0.059   0.000  XLXI_36/Madd_clk_1_add0000_cy<15> (XLXI_36/Madd_clk_1_add0000_cy<15>)
     MUXCY:CI->O           1   0.059   0.000  XLXI_36/Madd_clk_1_add0000_cy<16> (XLXI_36/Madd_clk_1_add0000_cy<16>)
     MUXCY:CI->O           1   0.059   0.000  XLXI_36/Madd_clk_1_add0000_cy<17> (XLXI_36/Madd_clk_1_add0000_cy<17>)
     MUXCY:CI->O           1   0.059   0.000  XLXI_36/Madd_clk_1_add0000_cy<18> (XLXI_36/Madd_clk_1_add0000_cy<18>)
     MUXCY:CI->O           1   0.059   0.000  XLXI_36/Madd_clk_1_add0000_cy<19> (XLXI_36/Madd_clk_1_add0000_cy<19>)
     MUXCY:CI->O           1   0.059   0.000  XLXI_36/Madd_clk_1_add0000_cy<20> (XLXI_36/Madd_clk_1_add0000_cy<20>)
     MUXCY:CI->O           1   0.059   0.000  XLXI_36/Madd_clk_1_add0000_cy<21> (XLXI_36/Madd_clk_1_add0000_cy<21>)
     MUXCY:CI->O           1   0.059   0.000  XLXI_36/Madd_clk_1_add0000_cy<22> (XLXI_36/Madd_clk_1_add0000_cy<22>)
     MUXCY:CI->O           1   0.059   0.000  XLXI_36/Madd_clk_1_add0000_cy<23> (XLXI_36/Madd_clk_1_add0000_cy<23>)
     MUXCY:CI->O           1   0.059   0.000  XLXI_36/Madd_clk_1_add0000_cy<24> (XLXI_36/Madd_clk_1_add0000_cy<24>)
     MUXCY:CI->O           1   0.059   0.000  XLXI_36/Madd_clk_1_add0000_cy<25> (XLXI_36/Madd_clk_1_add0000_cy<25>)
     MUXCY:CI->O           1   0.059   0.000  XLXI_36/Madd_clk_1_add0000_cy<26> (XLXI_36/Madd_clk_1_add0000_cy<26>)
     MUXCY:CI->O           1   0.059   0.000  XLXI_36/Madd_clk_1_add0000_cy<27> (XLXI_36/Madd_clk_1_add0000_cy<27>)
     MUXCY:CI->O           1   0.059   0.000  XLXI_36/Madd_clk_1_add0000_cy<28> (XLXI_36/Madd_clk_1_add0000_cy<28>)
     XORCY:CI->O           1   0.804   0.595  XLXI_36/Madd_clk_1_add0000_xor<29> (XLXI_36/clk_1_add0000<29>)
     LUT2:I0->O            1   0.704   0.000  XLXI_36/Mcompar_cnt1_cmp_gt0000_lut<10> (XLXI_36/Mcompar_cnt1_cmp_gt0000_lut<10>)
     MUXCY:S->O            1   0.464   0.000  XLXI_36/Mcompar_cnt1_cmp_gt0000_cy<10> (XLXI_36/Mcompar_cnt1_cmp_gt0000_cy<10>)
     MUXCY:CI->O          34   0.059   1.342  XLXI_36/Mcompar_cnt1_cmp_gt0000_cy<11> (XLXI_36/Mcompar_cnt1_cmp_gt0000_cy<11>)
     LUT2:I1->O            1   0.704   0.000  XLXI_36/Mcount_cnt1_lut<0> (XLXI_36/Mcount_cnt1_lut<0>)
     MUXCY:S->O            1   0.464   0.000  XLXI_36/Mcount_cnt1_cy<0> (XLXI_36/Mcount_cnt1_cy<0>)
     MUXCY:CI->O           1   0.059   0.000  XLXI_36/Mcount_cnt1_cy<1> (XLXI_36/Mcount_cnt1_cy<1>)
     MUXCY:CI->O           1   0.059   0.000  XLXI_36/Mcount_cnt1_cy<2> (XLXI_36/Mcount_cnt1_cy<2>)
     MUXCY:CI->O           1   0.059   0.000  XLXI_36/Mcount_cnt1_cy<3> (XLXI_36/Mcount_cnt1_cy<3>)
     MUXCY:CI->O           1   0.059   0.000  XLXI_36/Mcount_cnt1_cy<4> (XLXI_36/Mcount_cnt1_cy<4>)
     MUXCY:CI->O           1   0.059   0.000  XLXI_36/Mcount_cnt1_cy<5> (XLXI_36/Mcount_cnt1_cy<5>)
     MUXCY:CI->O           1   0.059   0.000  XLXI_36/Mcount_cnt1_cy<6> (XLXI_36/Mcount_cnt1_cy<6>)
     MUXCY:CI->O           1   0.059   0.000  XLXI_36/Mcount_cnt1_cy<7> (XLXI_36/Mcount_cnt1_cy<7>)
     MUXCY:CI->O           1   0.059   0.000  XLXI_36/Mcount_cnt1_cy<8> (XLXI_36/Mcount_cnt1_cy<8>)
     MUXCY:CI->O           1   0.059   0.000  XLXI_36/Mcount_cnt1_cy<9> (XLXI_36/Mcount_cnt1_cy<9>)
     MUXCY:CI->O           1   0.059   0.000  XLXI_36/Mcount_cnt1_cy<10> (XLXI_36/Mcount_cnt1_cy<10>)
     MUXCY:CI->O           1   0.059   0.000  XLXI_36/Mcount_cnt1_cy<11> (XLXI_36/Mcount_cnt1_cy<11>)
     MUXCY:CI->O           1   0.059   0.000  XLXI_36/Mcount_cnt1_cy<12> (XLXI_36/Mcount_cnt1_cy<12>)
     MUXCY:CI->O           1   0.059   0.000  XLXI_36/Mcount_cnt1_cy<13> (XLXI_36/Mcount_cnt1_cy<13>)
     MUXCY:CI->O           1   0.059   0.000  XLXI_36/Mcount_cnt1_cy<14> (XLXI_36/Mcount_cnt1_cy<14>)
     MUXCY:CI->O           1   0.059   0.000  XLXI_36/Mcount_cnt1_cy<15> (XLXI_36/Mcount_cnt1_cy<15>)
     MUXCY:CI->O           1   0.059   0.000  XLXI_36/Mcount_cnt1_cy<16> (XLXI_36/Mcount_cnt1_cy<16>)
     MUXCY:CI->O           1   0.059   0.000  XLXI_36/Mcount_cnt1_cy<17> (XLXI_36/Mcount_cnt1_cy<17>)
     MUXCY:CI->O           1   0.059   0.000  XLXI_36/Mcount_cnt1_cy<18> (XLXI_36/Mcount_cnt1_cy<18>)
     MUXCY:CI->O           1   0.059   0.000  XLXI_36/Mcount_cnt1_cy<19> (XLXI_36/Mcount_cnt1_cy<19>)
     MUXCY:CI->O           1   0.059   0.000  XLXI_36/Mcount_cnt1_cy<20> (XLXI_36/Mcount_cnt1_cy<20>)
     MUXCY:CI->O           1   0.059   0.000  XLXI_36/Mcount_cnt1_cy<21> (XLXI_36/Mcount_cnt1_cy<21>)
     MUXCY:CI->O           1   0.059   0.000  XLXI_36/Mcount_cnt1_cy<22> (XLXI_36/Mcount_cnt1_cy<22>)
     MUXCY:CI->O           1   0.059   0.000  XLXI_36/Mcount_cnt1_cy<23> (XLXI_36/Mcount_cnt1_cy<23>)
     MUXCY:CI->O           1   0.059   0.000  XLXI_36/Mcount_cnt1_cy<24> (XLXI_36/Mcount_cnt1_cy<24>)
     MUXCY:CI->O           1   0.059   0.000  XLXI_36/Mcount_cnt1_cy<25> (XLXI_36/Mcount_cnt1_cy<25>)
     MUXCY:CI->O           1   0.059   0.000  XLXI_36/Mcount_cnt1_cy<26> (XLXI_36/Mcount_cnt1_cy<26>)
     MUXCY:CI->O           1   0.059   0.000  XLXI_36/Mcount_cnt1_cy<27> (XLXI_36/Mcount_cnt1_cy<27>)
     MUXCY:CI->O           1   0.059   0.000  XLXI_36/Mcount_cnt1_cy<28> (XLXI_36/Mcount_cnt1_cy<28>)
     MUXCY:CI->O           1   0.059   0.000  XLXI_36/Mcount_cnt1_cy<29> (XLXI_36/Mcount_cnt1_cy<29>)
     MUXCY:CI->O           0   0.059   0.000  XLXI_36/Mcount_cnt1_cy<30> (XLXI_36/Mcount_cnt1_cy<30>)
     XORCY:CI->O           1   0.804   0.000  XLXI_36/Mcount_cnt1_xor<31> (XLXI_36/Mcount_cnt131)
     FDE:D                     0.308          XLXI_36/cnt1_31
    ----------------------------------------
    Total                     11.992ns (9.433ns logic, 2.559ns route)
                                       (78.7% logic, 21.3% route)

=========================================================================
Timing constraint: Default period analysis for Clock 'XLXI_36/clk_1m1'
  Clock period: 11.992ns (frequency: 83.390MHz)
  Total number of paths / destination ports: 314689 / 34
-------------------------------------------------------------------------
Delay:               11.992ns (Levels of Logic = 66)
  Source:            XLXI_36/cnt1k_1 (FF)
  Destination:       XLXI_36/cnt1k_31 (FF)
  Source Clock:      XLXI_36/clk_1m1 rising
  Destination Clock: XLXI_36/clk_1m1 rising

  Data Path: XLXI_36/cnt1k_1 to XLXI_36/cnt1k_31
                                Gate     Net
    Cell:in->out      fanout   Delay   Delay  Logical Name (Net Name)
    ----------------------------------------  ------------
     FDE:C->Q              2   0.591   0.622  XLXI_36/cnt1k_1 (XLXI_36/cnt1k_1)
     LUT1:I0->O            1   0.704   0.000  XLXI_36/Madd_clk_1k_add0000_cy<1>_rt (XLXI_36/Madd_clk_1k_add0000_cy<1>_rt)
     MUXCY:S->O            1   0.464   0.000  XLXI_36/Madd_clk_1k_add0000_cy<1> (XLXI_36/Madd_clk_1k_add0000_cy<1>)
     MUXCY:CI->O           1   0.059   0.000  XLXI_36/Madd_clk_1k_add0000_cy<2> (XLXI_36/Madd_clk_1k_add0000_cy<2>)
     MUXCY:CI->O           1   0.059   0.000  XLXI_36/Madd_clk_1k_add0000_cy<3> (XLXI_36/Madd_clk_1k_add0000_cy<3>)
     MUXCY:CI->O           1   0.059   0.000  XLXI_36/Madd_clk_1k_add0000_cy<4> (XLXI_36/Madd_clk_1k_add0000_cy<4>)
     MUXCY:CI->O           1   0.059   0.000  XLXI_36/Madd_clk_1k_add0000_cy<5> (XLXI_36/Madd_clk_1k_add0000_cy<5>)
     MUXCY:CI->O           1   0.059   0.000  XLXI_36/Madd_clk_1k_add0000_cy<6> (XLXI_36/Madd_clk_1k_add0000_cy<6>)
     MUXCY:CI->O           1   0.059   0.000  XLXI_36/Madd_clk_1k_add0000_cy<7> (XLXI_36/Madd_clk_1k_add0000_cy<7>)
     MUXCY:CI->O           1   0.059   0.000  XLXI_36/Madd_clk_1k_add0000_cy<8> (XLXI_36/Madd_clk_1k_add0000_cy<8>)
     MUXCY:CI->O           1   0.059   0.000  XLXI_36/Madd_clk_1k_add0000_cy<9> (XLXI_36/Madd_clk_1k_add0000_cy<9>)
     MUXCY:CI->O           1   0.059   0.000  XLXI_36/Madd_clk_1k_add0000_cy<10> (XLXI_36/Madd_clk_1k_add0000_cy<10>)
     MUXCY:CI->O           1   0.059   0.000  XLXI_36/Madd_clk_1k_add0000_cy<11> (XLXI_36/Madd_clk_1k_add0000_cy<11>)
     MUXCY:CI->O           1   0.059   0.000  XLXI_36/Madd_clk_1k_add0000_cy<12> (XLXI_36/Madd_clk_1k_add0000_cy<12>)
     MUXCY:CI->O           1   0.059   0.000  XLXI_36/Madd_clk_1k_add0000_cy<13> (XLXI_36/Madd_clk_1k_add0000_cy<13>)
     MUXCY:CI->O           1   0.059   0.000  XLXI_36/Madd_clk_1k_add0000_cy<14> (XLXI_36/Madd_clk_1k_add0000_cy<14>)
     MUXCY:CI->O           1   0.059   0.000  XLXI_36/Madd_clk_1k_add0000_cy<15> (XLXI_36/Madd_clk_1k_add0000_cy<15>)
     MUXCY:CI->O           1   0.059   0.000  XLXI_36/Madd_clk_1k_add0000_cy<16> (XLXI_36/Madd_clk_1k_add0000_cy<16>)
     MUXCY:CI->O           1   0.059   0.000  XLXI_36/Madd_clk_1k_add0000_cy<17> (XLXI_36/Madd_clk_1k_add0000_cy<17>)
     MUXCY:CI->O           1   0.059   0.000  XLXI_36/Madd_clk_1k_add0000_cy<18> (XLXI_36/Madd_clk_1k_add0000_cy<18>)
     MUXCY:CI->O           1   0.059   0.000  XLXI_36/Madd_clk_1k_add0000_cy<19> (XLXI_36/Madd_clk_1k_add0000_cy<19>)
     MUXCY:CI->O           1   0.059   0.000  XLXI_36/Madd_clk_1k_add0000_cy<20> (XLXI_36/Madd_clk_1k_add0000_cy<20>)
     MUXCY:CI->O           1   0.059   0.000  XLXI_36/Madd_clk_1k_add0000_cy<21> (XLXI_36/Madd_clk_1k_add0000_cy<21>)
     MUXCY:CI->O           1   0.059   0.000  XLXI_36/Madd_clk_1k_add0000_cy<22> (XLXI_36/Madd_clk_1k_add0000_cy<22>)
     MUXCY:CI->O           1   0.059   0.000  XLXI_36/Madd_clk_1k_add0000_cy<23> (XLXI_36/Madd_clk_1k_add0000_cy<23>)
     MUXCY:CI->O           1   0.059   0.000  XLXI_36/Madd_clk_1k_add0000_cy<24> (XLXI_36/Madd_clk_1k_add0000_cy<24>)
     MUXCY:CI->O           1   0.059   0.000  XLXI_36/Madd_clk_1k_add0000_cy<25> (XLXI_36/Madd_clk_1k_add0000_cy<25>)
     MUXCY:CI->O           1   0.059   0.000  XLXI_36/Madd_clk_1k_add0000_cy<26> (XLXI_36/Madd_clk_1k_add0000_cy<26>)
     MUXCY:CI->O           1   0.059   0.000  XLXI_36/Madd_clk_1k_add0000_cy<27> (XLXI_36/Madd_clk_1k_add0000_cy<27>)
     MUXCY:CI->O           1   0.059   0.000  XLXI_36/Madd_clk_1k_add0000_cy<28> (XLXI_36/Madd_clk_1k_add0000_cy<28>)
     XORCY:CI->O           1   0.804   0.595  XLXI_36/Madd_clk_1k_add0000_xor<29> (XLXI_36/clk_1k_add0000<29>)
     LUT2:I0->O            1   0.704   0.000  XLXI_36/Mcompar_cnt1k_cmp_gt0000_lut<10> (XLXI_36/Mcompar_cnt1k_cmp_gt0000_lut<10>)
     MUXCY:S->O            1   0.464   0.000  XLXI_36/Mcompar_cnt1k_cmp_gt0000_cy<10> (XLXI_36/Mcompar_cnt1k_cmp_gt0000_cy<10>)
     MUXCY:CI->O          34   0.059   1.342  XLXI_36/Mcompar_cnt1k_cmp_gt0000_cy<11> (XLXI_36/Mcompar_cnt1k_cmp_gt0000_cy<11>)
     LUT2:I1->O            1   0.704   0.000  XLXI_36/Mcount_cnt1k_lut<0> (XLXI_36/Mcount_cnt1k_lut<0>)
     MUXCY:S->O            1   0.464   0.000  XLXI_36/Mcount_cnt1k_cy<0> (XLXI_36/Mcount_cnt1k_cy<0>)
     MUXCY:CI->O           1   0.059   0.000  XLXI_36/Mcount_cnt1k_cy<1> (XLXI_36/Mcount_cnt1k_cy<1>)
     MUXCY:CI->O           1   0.059   0.000  XLXI_36/Mcount_cnt1k_cy<2> (XLXI_36/Mcount_cnt1k_cy<2>)
     MUXCY:CI->O           1   0.059   0.000  XLXI_36/Mcount_cnt1k_cy<3> (XLXI_36/Mcount_cnt1k_cy<3>)
     MUXCY:CI->O           1   0.059   0.000  XLXI_36/Mcount_cnt1k_cy<4> (XLXI_36/Mcount_cnt1k_cy<4>)
     MUXCY:CI->O           1   0.059   0.000  XLXI_36/Mcount_cnt1k_cy<5> (XLXI_36/Mcount_cnt1k_cy<5>)
     MUXCY:CI->O           1   0.059   0.000  XLXI_36/Mcount_cnt1k_cy<6> (XLXI_36/Mcount_cnt1k_cy<6>)
     MUXCY:CI->O           1   0.059   0.000  XLXI_36/Mcount_cnt1k_cy<7> (XLXI_36/Mcount_cnt1k_cy<7>)
     MUXCY:CI->O           1   0.059   0.000  XLXI_36/Mcount_cnt1k_cy<8> (XLXI_36/Mcount_cnt1k_cy<8>)
     MUXCY:CI->O           1   0.059   0.000  XLXI_36/Mcount_cnt1k_cy<9> (XLXI_36/Mcount_cnt1k_cy<9>)
     MUXCY:CI->O           1   0.059   0.000  XLXI_36/Mcount_cnt1k_cy<10> (XLXI_36/Mcount_cnt1k_cy<10>)
     MUXCY:CI->O           1   0.059   0.000  XLXI_36/Mcount_cnt1k_cy<11> (XLXI_36/Mcount_cnt1k_cy<11>)
     MUXCY:CI->O           1   0.059   0.000  XLXI_36/Mcount_cnt1k_cy<12> (XLXI_36/Mcount_cnt1k_cy<12>)
     MUXCY:CI->O           1   0.059   0.000  XLXI_36/Mcount_cnt1k_cy<13> (XLXI_36/Mcount_cnt1k_cy<13>)
     MUXCY:CI->O           1   0.059   0.000  XLXI_36/Mcount_cnt1k_cy<14> (XLXI_36/Mcount_cnt1k_cy<14>)
     MUXCY:CI->O           1   0.059   0.000  XLXI_36/Mcount_cnt1k_cy<15> (XLXI_36/Mcount_cnt1k_cy<15>)
     MUXCY:CI->O           1   0.059   0.000  XLXI_36/Mcount_cnt1k_cy<16> (XLXI_36/Mcount_cnt1k_cy<16>)
     MUXCY:CI->O           1   0.059   0.000  XLXI_36/Mcount_cnt1k_cy<17> (XLXI_36/Mcount_cnt1k_cy<17>)
     MUXCY:CI->O           1   0.059   0.000  XLXI_36/Mcount_cnt1k_cy<18> (XLXI_36/Mcount_cnt1k_cy<18>)
     MUXCY:CI->O           1   0.059   0.000  XLXI_36/Mcount_cnt1k_cy<19> (XLXI_36/Mcount_cnt1k_cy<19>)
     MUXCY:CI->O           1   0.059   0.000  XLXI_36/Mcount_cnt1k_cy<20> (XLXI_36/Mcount_cnt1k_cy<20>)
     MUXCY:CI->O           1   0.059   0.000  XLXI_36/Mcount_cnt1k_cy<21> (XLXI_36/Mcount_cnt1k_cy<21>)
     MUXCY:CI->O           1   0.059   0.000  XLXI_36/Mcount_cnt1k_cy<22> (XLXI_36/Mcount_cnt1k_cy<22>)
     MUXCY:CI->O           1   0.059   0.000  XLXI_36/Mcount_cnt1k_cy<23> (XLXI_36/Mcount_cnt1k_cy<23>)
     MUXCY:CI->O           1   0.059   0.000  XLXI_36/Mcount_cnt1k_cy<24> (XLXI_36/Mcount_cnt1k_cy<24>)
     MUXCY:CI->O           1   0.059   0.000  XLXI_36/Mcount_cnt1k_cy<25> (XLXI_36/Mcount_cnt1k_cy<25>)
     MUXCY:CI->O           1   0.059   0.000  XLXI_36/Mcount_cnt1k_cy<26> (XLXI_36/Mcount_cnt1k_cy<26>)
     MUXCY:CI->O           1   0.059   0.000  XLXI_36/Mcount_cnt1k_cy<27> (XLXI_36/Mcount_cnt1k_cy<27>)
     MUXCY:CI->O           1   0.059   0.000  XLXI_36/Mcount_cnt1k_cy<28> (XLXI_36/Mcount_cnt1k_cy<28>)
     MUXCY:CI->O           1   0.059   0.000  XLXI_36/Mcount_cnt1k_cy<29> (XLXI_36/Mcount_cnt1k_cy<29>)
     MUXCY:CI->O           0   0.059   0.000  XLXI_36/Mcount_cnt1k_cy<30> (XLXI_36/Mcount_cnt1k_cy<30>)
     XORCY:CI->O           1   0.804   0.000  XLXI_36/Mcount_cnt1k_xor<31> (XLXI_36/Mcount_cnt1k31)
     FDE:D                     0.308          XLXI_36/cnt1k_31
    ----------------------------------------
    Total                     11.992ns (9.433ns logic, 2.559ns route)
                                       (78.7% logic, 21.3% route)

=========================================================================
Timing constraint: Default period analysis for Clock 'XLXI_36/clk_1'
  Clock period: 6.865ns (frequency: 145.666MHz)
  Total number of paths / destination ports: 44 / 4
-------------------------------------------------------------------------
Delay:               6.865ns (Levels of Logic = 5)
  Source:            XLXI_1/I_36_32 (FF)
  Destination:       XLXI_3/I_36_32 (FF)
  Source Clock:      XLXI_36/clk_1 rising
  Destination Clock: XLXI_36/clk_1 rising

  Data Path: XLXI_1/I_36_32 to XLXI_3/I_36_32
                                Gate     Net
    Cell:in->out      fanout   Delay   Delay  Logical Name (Net Name)
    ----------------------------------------  ------------
     FDCE:C->Q            11   0.591   0.933  I_36_32 (Q)
     end scope: 'XLXI_1'
     AND2:I1->O            7   0.704   0.708  XLXI_38 (XLXN_105)
     AND2:I1->O            6   0.704   0.669  XLXI_39 (XLXN_108)
     begin scope: 'XLXI_3'
     AND3B2:I0->O          1   0.704   0.420  I_36_37 (A0)
     OR3:I2->O             1   0.704   0.420  I_36_41 (AD)
     FDCE:D                    0.308          I_36_32
    ----------------------------------------
    Total                      6.865ns (3.715ns logic, 3.150ns route)
                                       (54.1% logic, 45.9% route)

=========================================================================
Timing constraint: Default OFFSET IN BEFORE for Clock 'XLXI_36/clk_1k1'
  Total number of paths / destination ports: 12 / 2
-------------------------------------------------------------------------
Offset:              6.580ns (Levels of Logic = 6)
  Source:            B (PAD)
  Destination:       XLXI_6/I_36_32 (FF)
  Destination Clock: XLXI_36/clk_1k1 rising

  Data Path: B to XLXI_6/I_36_32
                                Gate     Net
    Cell:in->out      fanout   Delay   Delay  Logical Name (Net Name)
    ----------------------------------------  ------------
     IBUF:I->O             1   1.218   0.420  B_IBUF (B_IBUF)
     AND3:I1->O            2   0.704   0.447  XLXI_7 (Test1)
     OR2:I0->O             3   0.704   0.531  XLXI_11 (XLXN_5)
     begin scope: 'XLXI_5'
     AND3B2:I1->O          1   0.704   0.420  I_36_37 (A0)
     OR3:I2->O             1   0.704   0.420  I_36_41 (AD)
     FDCE:D                    0.308          I_36_32
    ----------------------------------------
    Total                      6.580ns (4.342ns logic, 2.238ns route)
                                       (66.0% logic, 34.0% route)

=========================================================================
Timing constraint: Default OFFSET OUT AFTER for Clock 'XLXI_36/clk_1k1'
  Total number of paths / destination ports: 2 / 2
-------------------------------------------------------------------------
Offset:              4.880ns (Levels of Logic = 2)
  Source:            XLXI_6/I_36_32 (FF)
  Destination:       Q1 (PAD)
  Source Clock:      XLXI_36/clk_1k1 rising

  Data Path: XLXI_6/I_36_32 to Q1
                                Gate     Net
    Cell:in->out      fanout   Delay   Delay  Logical Name (Net Name)
    ----------------------------------------  ------------
     FDCE:C->Q            15   0.591   1.017  I_36_32 (Q)
     end scope: 'XLXI_6'
     OBUF:I->O                 3.272          Q1_OBUF (Q1)
    ----------------------------------------
    Total                      4.880ns (3.863ns logic, 1.017ns route)
                                       (79.2% logic, 20.8% route)

=========================================================================
Timing constraint: Default OFFSET OUT AFTER for Clock 'XLXI_36/clk_1'
  Total number of paths / destination ports: 4 / 4
-------------------------------------------------------------------------
Offset:              4.796ns (Levels of Logic = 2)
  Source:            XLXI_1/I_36_32 (FF)
  Destination:       T0 (PAD)
  Source Clock:      XLXI_36/clk_1 rising

  Data Path: XLXI_1/I_36_32 to T0
                                Gate     Net
    Cell:in->out      fanout   Delay   Delay  Logical Name (Net Name)
    ----------------------------------------  ------------
     FDCE:C->Q            11   0.591   0.933  I_36_32 (Q)
     end scope: 'XLXI_1'
     OBUF:I->O                 3.272          T0_OBUF (T0)
    ----------------------------------------
    Total                      4.796ns (3.863ns logic, 0.933ns route)
                                       (80.5% logic, 19.5% route)

=========================================================================
Timing constraint: Default OFFSET OUT AFTER for Clock 'XLXI_54/XLXI_79/clk_1k'
  Total number of paths / destination ports: 106 / 11
-------------------------------------------------------------------------
Offset:              7.856ns (Levels of Logic = 4)
  Source:            XLXI_54/XLXI_76/sel_0 (FF)
  Destination:       sseg<6> (PAD)
  Source Clock:      XLXI_54/XLXI_79/clk_1k rising

  Data Path: XLXI_54/XLXI_76/sel_0 to sseg<6>
                                Gate     Net
    Cell:in->out      fanout   Delay   Delay  Logical Name (Net Name)
    ----------------------------------------  ------------
     FD:C->Q              10   0.591   0.961  XLXI_54/XLXI_76/sel_0 (XLXI_54/XLXI_76/sel_0)
     LUT3:I1->O            1   0.704   0.000  XLXI_54/XLXI_78/hexO<0>1 (XLXI_54/XLXI_78/hexO<0>)
     MUXF5:I1->O           7   0.321   0.883  XLXI_54/XLXI_78/hexO<0>_f5 (XLXI_54/XLXN_185<0>)
     LUT4:I0->O            1   0.704   0.420  XLXI_54/XLXI_80/Mrom_hexD_rom000031 (sseg_3_OBUF)
     OBUF:I->O                 3.272          sseg_3_OBUF (sseg<3>)
    ----------------------------------------
    Total                      7.856ns (5.592ns logic, 2.264ns route)
                                       (71.2% logic, 28.8% route)

=========================================================================


Total REAL time to Xst completion: 6.00 secs
Total CPU time to Xst completion: 5.63 secs
 
--> 

Total memory usage is 288528 kilobytes

Number of errors   :    0 (   0 filtered)
Number of warnings :   25 (   0 filtered)
Number of infos    :    7 (   0 filtered)

