Command line:
   example1_isim_beh.exe
     -simmode  gui
     -simrunnum  1
     -socket  49451

Tue Sep 19 13:43:51 2017


 Elaboration Time: 0.0312 sec

 Current Memory Usage: 666.513 Meg

 Total Signals          : 36
 Total Nets             : 30
 Total Signal Drivers   : 2
 Total Blocks           : 6
 Total Primitive Blocks : 5
 Total Processes        : 2
 Total Traceable Variables  : 13
 Total Scalar Nets and Variables : 513
Total Line Count : 2

 Total Simulation Time: 0.0312 sec

 Current Memory Usage: 666.513 Meg

Tue Sep 19 13:43:59 2017

