Release 14.7 - ngc2edif P.20131013 (nt64)
Copyright (c) 1995-2013 Xilinx, Inc.  All rights reserved.
Reading design EXperiment5.ngc ...
WARNING:NetListWriters:298 - No output is written to EXperiment5.xncf, ignored.
Processing design ...
   Preping design's networks ...
   Preping design's macros ...
  finished :Prep
Writing EDIF netlist file EXperiment5.edif ...
ngc2edif: Total memory usage is 79200 kilobytes

Release 14.7 - ngc2edif P.20131013 (nt64)
Copyright (c) 1995-2013 Xilinx, Inc.  All rights reserved.
Reading design EXperiment5.ngc ...
WARNING:NetListWriters:298 - No output is written to EXperiment5.xncf, ignored.
Processing design ...
   Preping design's networks ...
   Preping design's macros ...
WARNING:NetListWriters:306 - Signal bus
   XLXI_36/XLXI_50/Mcompar_clk_1k_cmp_gt0000_lut<11 : 0> on block EXperiment5 is
   not reconstructed, because there are some missing bus signals.
  finished :Prep
Writing EDIF netlist file EXperiment5.edif ...
ngc2edif: Total memory usage is 80224 kilobytes

