Release 14.7 - xst P.20131013 (nt64)
Copyright (c) 1995-2013 Xilinx, Inc.  All rights reserved.
--> Parameter TMPDIR set to xst/projnav.tmp


Total REAL time to Xst completion: 0.00 secs
Total CPU time to Xst completion: 0.06 secs
 
--> Parameter xsthdpdir set to xst


Total REAL time to Xst completion: 0.00 secs
Total CPU time to Xst completion: 0.06 secs
 
--> Reading design: Experiment3.prj

TABLE OF CONTENTS
  1) Synthesis Options Summary
  2) HDL Compilation
  3) Design Hierarchy Analysis
  4) HDL Analysis
  5) HDL Synthesis
     5.1) HDL Synthesis Report
  6) Advanced HDL Synthesis
     6.1) Advanced HDL Synthesis Report
  7) Low Level Synthesis
  8) Partition Report
  9) Final Report
	9.1) Device utilization summary
	9.2) Partition Resource Summary
	9.3) TIMING REPORT


=========================================================================
*                      Synthesis Options Summary                        *
=========================================================================
---- Source Parameters
Input File Name                    : "Experiment3.prj"
Input Format                       : mixed
Ignore Synthesis Constraint File   : NO

---- Target Parameters
Output File Name                   : "Experiment3"
Output Format                      : NGC
Target Device                      : xc3s100e-4-cp132

---- Source Options
Top Module Name                    : Experiment3
Automatic FSM Extraction           : YES
FSM Encoding Algorithm             : Auto
Safe Implementation                : No
FSM Style                          : LUT
RAM Extraction                     : Yes
RAM Style                          : Auto
ROM Extraction                     : Yes
Mux Style                          : Auto
Decoder Extraction                 : YES
Priority Encoder Extraction        : Yes
Shift Register Extraction          : YES
Logical Shifter Extraction         : YES
XOR Collapsing                     : YES
ROM Style                          : Auto
Mux Extraction                     : Yes
Resource Sharing                   : YES
Asynchronous To Synchronous        : NO
Multiplier Style                   : Auto
Automatic Register Balancing       : No

---- Target Options
Add IO Buffers                     : YES
Global Maximum Fanout              : 500
Add Generic Clock Buffer(BUFG)     : 24
Register Duplication               : YES
Slice Packing                      : YES
Optimize Instantiated Primitives   : NO
Use Clock Enable                   : Yes
Use Synchronous Set                : Yes
Use Synchronous Reset              : Yes
Pack IO Registers into IOBs        : Auto
Equivalent register Removal        : YES

---- General Options
Optimization Goal                  : Speed
Optimization Effort                : 1
Keep Hierarchy                     : No
Netlist Hierarchy                  : As_Optimized
RTL Output                         : Yes
Global Optimization                : AllClockNets
Read Cores                         : YES
Write Timing Constraints           : NO
Cross Clock Analysis               : NO
Hierarchy Separator                : /
Bus Delimiter                      : <>
Case Specifier                     : Maintain
Slice Utilization Ratio            : 100
BRAM Utilization Ratio             : 100
Verilog 2001                       : YES
Auto BRAM Packing                  : NO
Slice Utilization Ratio Delta      : 5

=========================================================================


=========================================================================
*                          HDL Compilation                              *
=========================================================================
Compiling vhdl file "C:/Users/Big D/Downloads/DCM_50M.vhd" in Library work.
Architecture behavioral of Entity dcm_50m is up to date.
Compiling vhdl file "C:/Users/Big D/Downloads/sel_strobeB.vhd" in Library work.
Architecture behavioral of Entity sel_strobeb is up to date.
Compiling vhdl file "C:/Users/Big D/Documents/CSUSM/PHYS301/Lab8/Experiment4/Experiment3.vhf" in Library work.
Architecture behavioral of Entity experiment3 is up to date.

=========================================================================
*                     Design Hierarchy Analysis                         *
=========================================================================
Analyzing hierarchy for entity <Experiment3> in library <work> (architecture <behavioral>).

Analyzing hierarchy for entity <DCM_50M> in library <work> (architecture <behavioral>) with generics.
	DIV100 = 50
	DIV1k = 500
	DIV50 = 25

Analyzing hierarchy for entity <sel_strobeB> in library <work> (architecture <behavioral>).


=========================================================================
*                            HDL Analysis                               *
=========================================================================
Analyzing Entity <Experiment3> in library <work> (Architecture <behavioral>).
WARNING:Xst:753 - "C:/Users/Big D/Documents/CSUSM/PHYS301/Lab8/Experiment4/Experiment3.vhf" line 101: Unconnected output port 'CLK1M' of component 'DCM_50M'.
WARNING:Xst:753 - "C:/Users/Big D/Documents/CSUSM/PHYS301/Lab8/Experiment4/Experiment3.vhf" line 101: Unconnected output port 'CLK10k' of component 'DCM_50M'.
WARNING:Xst:753 - "C:/Users/Big D/Documents/CSUSM/PHYS301/Lab8/Experiment4/Experiment3.vhf" line 101: Unconnected output port 'CLK1' of component 'DCM_50M'.
WARNING:Xst:2211 - "C:/Users/Big D/Documents/CSUSM/PHYS301/Lab8/Experiment4/Experiment3.vhf" line 112: Instantiating black box module <SSD_1dig>.
WARNING:Xst:753 - "C:/Users/Big D/Documents/CSUSM/PHYS301/Lab8/Experiment4/Experiment3.vhf" line 117: Unconnected output port 'RBout' of component 'bin2BCD3en'.
WARNING:Xst:2211 - "C:/Users/Big D/Documents/CSUSM/PHYS301/Lab8/Experiment4/Experiment3.vhf" line 117: Instantiating black box module <bin2BCD3en>.
WARNING:Xst:2211 - "C:/Users/Big D/Documents/CSUSM/PHYS301/Lab8/Experiment4/Experiment3.vhf" line 131: Instantiating black box module <mux4SSD>.
Entity <Experiment3> analyzed. Unit <Experiment3> generated.

Analyzing generic Entity <DCM_50M> in library <work> (Architecture <behavioral>).
	DIV100 = 50
	DIV1k = 500
	DIV50 = 25
Entity <DCM_50M> analyzed. Unit <DCM_50M> generated.

Analyzing Entity <sel_strobeB> in library <work> (Architecture <behavioral>).
Entity <sel_strobeB> analyzed. Unit <sel_strobeB> generated.


=========================================================================
*                           HDL Synthesis                               *
=========================================================================

Performing bidirectional port resolution...

Synthesizing Unit <DCM_50M>.
    Related source file is "C:/Users/Big D/Downloads/DCM_50M.vhd".
    Found 1-bit register for signal <clk_1>.
    Found 32-bit adder for signal <clk_1$addsub0000> created at line 121.
    Found 32-bit comparator greater for signal <clk_1$cmp_gt0000> created at line 122.
    Found 1-bit register for signal <clk_10k>.
    Found 1-bit register for signal <clk_1k>.
    Found 32-bit adder for signal <clk_1k$addsub0000> created at line 101.
    Found 32-bit comparator greater for signal <clk_1k$cmp_gt0000> created at line 102.
    Found 1-bit register for signal <clk_1m>.
    Found 32-bit adder for signal <clk_1m$addsub0000> created at line 61.
    Found 32-bit comparator greatequal for signal <clk_1m$cmp_ge0000> created at line 62.
    Found 32-bit up counter for signal <cnt1>.
    Found 32-bit up counter for signal <cnt10k>.
    Found 32-bit adder for signal <cnt10k$addsub0000> created at line 81.
    Found 32-bit comparator greater for signal <cnt10k$cmp_gt0000> created at line 82.
    Found 32-bit up counter for signal <cnt1k>.
    Found 32-bit up counter for signal <cnt1M>.
    Summary:
	inferred   4 Counter(s).
	inferred   4 D-type flip-flop(s).
	inferred   4 Adder/Subtractor(s).
	inferred   4 Comparator(s).
Unit <DCM_50M> synthesized.


Synthesizing Unit <sel_strobeB>.
    Related source file is "C:/Users/Big D/Downloads/sel_strobeB.vhd".
    Found 4x2-bit ROM for signal <sel$mux0001> created at line 44.
    Found 2-bit register for signal <sel>.
    Found 2-bit register for signal <selx>.
    Summary:
	inferred   1 ROM(s).
	inferred   4 D-type flip-flop(s).
Unit <sel_strobeB> synthesized.


Synthesizing Unit <Experiment3>.
    Related source file is "C:/Users/Big D/Documents/CSUSM/PHYS301/Lab8/Experiment4/Experiment3.vhf".
Unit <Experiment3> synthesized.


=========================================================================
HDL Synthesis Report

Macro Statistics
# ROMs                                                 : 1
 4x2-bit ROM                                           : 1
# Adders/Subtractors                                   : 4
 32-bit adder                                          : 4
# Counters                                             : 4
 32-bit up counter                                     : 4
# Registers                                            : 6
 1-bit register                                        : 4
 2-bit register                                        : 2
# Comparators                                          : 4
 32-bit comparator greatequal                          : 1
 32-bit comparator greater                             : 3

=========================================================================

=========================================================================
*                       Advanced HDL Synthesis                          *
=========================================================================


Synthesizing (advanced) Unit <sel_strobeB>.
INFO:Xst:3034 - In order to maximize performance and save block RAM resources, the small ROM <Mrom_sel_mux0001> will be implemented on LUT. If you want to force its implementation on block, use option/constraint rom_style.
Unit <sel_strobeB> synthesized (advanced).

=========================================================================
Advanced HDL Synthesis Report

Macro Statistics
# ROMs                                                 : 1
 4x2-bit ROM                                           : 1
# Adders/Subtractors                                   : 4
 32-bit adder                                          : 4
# Counters                                             : 4
 32-bit up counter                                     : 4
# Registers                                            : 8
 Flip-Flops                                            : 8
# Comparators                                          : 4
 32-bit comparator greatequal                          : 1
 32-bit comparator greater                             : 3

=========================================================================

=========================================================================
*                         Low Level Synthesis                           *
=========================================================================

Optimizing unit <Experiment3> ...

Optimizing unit <DCM_50M> ...
WARNING:Xst:2677 - Node <XLXI_1/cnt10k_31> of sequential type is unconnected in block <Experiment3>.
WARNING:Xst:2677 - Node <XLXI_1/cnt10k_30> of sequential type is unconnected in block <Experiment3>.
WARNING:Xst:2677 - Node <XLXI_1/cnt10k_29> of sequential type is unconnected in block <Experiment3>.
WARNING:Xst:2677 - Node <XLXI_1/cnt10k_28> of sequential type is unconnected in block <Experiment3>.
WARNING:Xst:2677 - Node <XLXI_1/cnt10k_27> of sequential type is unconnected in block <Experiment3>.
WARNING:Xst:2677 - Node <XLXI_1/cnt10k_26> of sequential type is unconnected in block <Experiment3>.
WARNING:Xst:2677 - Node <XLXI_1/cnt10k_25> of sequential type is unconnected in block <Experiment3>.
WARNING:Xst:2677 - Node <XLXI_1/cnt10k_24> of sequential type is unconnected in block <Experiment3>.
WARNING:Xst:2677 - Node <XLXI_1/cnt10k_23> of sequential type is unconnected in block <Experiment3>.
WARNING:Xst:2677 - Node <XLXI_1/cnt10k_22> of sequential type is unconnected in block <Experiment3>.
WARNING:Xst:2677 - Node <XLXI_1/cnt10k_21> of sequential type is unconnected in block <Experiment3>.
WARNING:Xst:2677 - Node <XLXI_1/cnt10k_20> of sequential type is unconnected in block <Experiment3>.
WARNING:Xst:2677 - Node <XLXI_1/cnt10k_19> of sequential type is unconnected in block <Experiment3>.
WARNING:Xst:2677 - Node <XLXI_1/cnt10k_18> of sequential type is unconnected in block <Experiment3>.
WARNING:Xst:2677 - Node <XLXI_1/cnt10k_17> of sequential type is unconnected in block <Experiment3>.
WARNING:Xst:2677 - Node <XLXI_1/cnt10k_16> of sequential type is unconnected in block <Experiment3>.
WARNING:Xst:2677 - Node <XLXI_1/cnt10k_15> of sequential type is unconnected in block <Experiment3>.
WARNING:Xst:2677 - Node <XLXI_1/cnt10k_14> of sequential type is unconnected in block <Experiment3>.
WARNING:Xst:2677 - Node <XLXI_1/cnt10k_13> of sequential type is unconnected in block <Experiment3>.
WARNING:Xst:2677 - Node <XLXI_1/cnt10k_12> of sequential type is unconnected in block <Experiment3>.
WARNING:Xst:2677 - Node <XLXI_1/cnt10k_11> of sequential type is unconnected in block <Experiment3>.
WARNING:Xst:2677 - Node <XLXI_1/cnt10k_10> of sequential type is unconnected in block <Experiment3>.
WARNING:Xst:2677 - Node <XLXI_1/cnt10k_9> of sequential type is unconnected in block <Experiment3>.
WARNING:Xst:2677 - Node <XLXI_1/cnt10k_8> of sequential type is unconnected in block <Experiment3>.
WARNING:Xst:2677 - Node <XLXI_1/cnt10k_7> of sequential type is unconnected in block <Experiment3>.
WARNING:Xst:2677 - Node <XLXI_1/cnt10k_6> of sequential type is unconnected in block <Experiment3>.
WARNING:Xst:2677 - Node <XLXI_1/cnt10k_5> of sequential type is unconnected in block <Experiment3>.
WARNING:Xst:2677 - Node <XLXI_1/cnt10k_4> of sequential type is unconnected in block <Experiment3>.
WARNING:Xst:2677 - Node <XLXI_1/cnt10k_3> of sequential type is unconnected in block <Experiment3>.
WARNING:Xst:2677 - Node <XLXI_1/cnt10k_2> of sequential type is unconnected in block <Experiment3>.
WARNING:Xst:2677 - Node <XLXI_1/cnt10k_1> of sequential type is unconnected in block <Experiment3>.
WARNING:Xst:2677 - Node <XLXI_1/cnt10k_0> of sequential type is unconnected in block <Experiment3>.
WARNING:Xst:2677 - Node <XLXI_1/cnt1_31> of sequential type is unconnected in block <Experiment3>.
WARNING:Xst:2677 - Node <XLXI_1/cnt1_30> of sequential type is unconnected in block <Experiment3>.
WARNING:Xst:2677 - Node <XLXI_1/cnt1_29> of sequential type is unconnected in block <Experiment3>.
WARNING:Xst:2677 - Node <XLXI_1/cnt1_28> of sequential type is unconnected in block <Experiment3>.
WARNING:Xst:2677 - Node <XLXI_1/cnt1_27> of sequential type is unconnected in block <Experiment3>.
WARNING:Xst:2677 - Node <XLXI_1/cnt1_26> of sequential type is unconnected in block <Experiment3>.
WARNING:Xst:2677 - Node <XLXI_1/cnt1_25> of sequential type is unconnected in block <Experiment3>.
WARNING:Xst:2677 - Node <XLXI_1/cnt1_24> of sequential type is unconnected in block <Experiment3>.
WARNING:Xst:2677 - Node <XLXI_1/cnt1_23> of sequential type is unconnected in block <Experiment3>.
WARNING:Xst:2677 - Node <XLXI_1/cnt1_22> of sequential type is unconnected in block <Experiment3>.
WARNING:Xst:2677 - Node <XLXI_1/cnt1_21> of sequential type is unconnected in block <Experiment3>.
WARNING:Xst:2677 - Node <XLXI_1/cnt1_20> of sequential type is unconnected in block <Experiment3>.
WARNING:Xst:2677 - Node <XLXI_1/cnt1_19> of sequential type is unconnected in block <Experiment3>.
WARNING:Xst:2677 - Node <XLXI_1/cnt1_18> of sequential type is unconnected in block <Experiment3>.
WARNING:Xst:2677 - Node <XLXI_1/cnt1_17> of sequential type is unconnected in block <Experiment3>.
WARNING:Xst:2677 - Node <XLXI_1/cnt1_16> of sequential type is unconnected in block <Experiment3>.
WARNING:Xst:2677 - Node <XLXI_1/cnt1_15> of sequential type is unconnected in block <Experiment3>.
WARNING:Xst:2677 - Node <XLXI_1/cnt1_14> of sequential type is unconnected in block <Experiment3>.
WARNING:Xst:2677 - Node <XLXI_1/cnt1_13> of sequential type is unconnected in block <Experiment3>.
WARNING:Xst:2677 - Node <XLXI_1/cnt1_12> of sequential type is unconnected in block <Experiment3>.
WARNING:Xst:2677 - Node <XLXI_1/cnt1_11> of sequential type is unconnected in block <Experiment3>.
WARNING:Xst:2677 - Node <XLXI_1/cnt1_10> of sequential type is unconnected in block <Experiment3>.
WARNING:Xst:2677 - Node <XLXI_1/cnt1_9> of sequential type is unconnected in block <Experiment3>.
WARNING:Xst:2677 - Node <XLXI_1/cnt1_8> of sequential type is unconnected in block <Experiment3>.
WARNING:Xst:2677 - Node <XLXI_1/cnt1_7> of sequential type is unconnected in block <Experiment3>.
WARNING:Xst:2677 - Node <XLXI_1/cnt1_6> of sequential type is unconnected in block <Experiment3>.
WARNING:Xst:2677 - Node <XLXI_1/cnt1_5> of sequential type is unconnected in block <Experiment3>.
WARNING:Xst:2677 - Node <XLXI_1/cnt1_4> of sequential type is unconnected in block <Experiment3>.
WARNING:Xst:2677 - Node <XLXI_1/cnt1_3> of sequential type is unconnected in block <Experiment3>.
WARNING:Xst:2677 - Node <XLXI_1/cnt1_2> of sequential type is unconnected in block <Experiment3>.
WARNING:Xst:2677 - Node <XLXI_1/cnt1_1> of sequential type is unconnected in block <Experiment3>.
WARNING:Xst:2677 - Node <XLXI_1/cnt1_0> of sequential type is unconnected in block <Experiment3>.
WARNING:Xst:2677 - Node <XLXI_1/clk_1> of sequential type is unconnected in block <Experiment3>.
WARNING:Xst:2677 - Node <XLXI_1/clk_10k> of sequential type is unconnected in block <Experiment3>.

Mapping all equations...
WARNING:Xst:2036 - Inserting OBUF on port <sseg<7>> driven by black box <SSD_1dig>. Possible simulation mismatch.
WARNING:Xst:2036 - Inserting OBUF on port <sseg<6>> driven by black box <SSD_1dig>. Possible simulation mismatch.
WARNING:Xst:2036 - Inserting OBUF on port <sseg<5>> driven by black box <SSD_1dig>. Possible simulation mismatch.
WARNING:Xst:2036 - Inserting OBUF on port <sseg<4>> driven by black box <SSD_1dig>. Possible simulation mismatch.
WARNING:Xst:2036 - Inserting OBUF on port <sseg<3>> driven by black box <SSD_1dig>. Possible simulation mismatch.
WARNING:Xst:2036 - Inserting OBUF on port <sseg<2>> driven by black box <SSD_1dig>. Possible simulation mismatch.
WARNING:Xst:2036 - Inserting OBUF on port <sseg<1>> driven by black box <SSD_1dig>. Possible simulation mismatch.
WARNING:Xst:2036 - Inserting OBUF on port <sseg<0>> driven by black box <SSD_1dig>. Possible simulation mismatch.
WARNING:Xst:2036 - Inserting OBUF on port <anO<3>> driven by black box <mux4SSD>. Possible simulation mismatch.
WARNING:Xst:2036 - Inserting OBUF on port <anO<2>> driven by black box <mux4SSD>. Possible simulation mismatch.
WARNING:Xst:2036 - Inserting OBUF on port <anO<1>> driven by black box <mux4SSD>. Possible simulation mismatch.
WARNING:Xst:2036 - Inserting OBUF on port <anO<0>> driven by black box <mux4SSD>. Possible simulation mismatch.
Building and optimizing final netlist ...
Found area constraint ratio of 100 (+ 5) on block Experiment3, actual ratio is 10.

Final Macro Processing ...

=========================================================================
Final Register Report

Macro Statistics
# Registers                                            : 70
 Flip-Flops                                            : 70

=========================================================================

=========================================================================
*                           Partition Report                            *
=========================================================================

Partition Implementation Status
-------------------------------

  No Partitions were found in this design.

-------------------------------

=========================================================================
*                            Final Report                               *
=========================================================================
Final Results
RTL Top Level Output File Name     : Experiment3.ngr
Top Level Output File Name         : Experiment3
Output Format                      : NGC
Optimization Goal                  : Speed
Keep Hierarchy                     : No

Design Statistics
# IOs                              : 22

Cell Usage :
# BELS                             : 433
#      GND                         : 1
#      INV                         : 11
#      LUT1                        : 127
#      LUT2                        : 6
#      LUT4                        : 12
#      MUXCY                       : 147
#      VCC                         : 1
#      XORCY                       : 128
# FlipFlops/Latches                : 70
#      FD                          : 3
#      FDE                         : 2
#      FDR                         : 65
# Clock Buffers                    : 2
#      BUFG                        : 1
#      BUFGP                       : 1
# IO Buffers                       : 21
#      IBUF                        : 9
#      OBUF                        : 12
# Others                           : 4
#      bin2BCD3en                  : 1
#      mux4SSD                     : 1
#      PULLUP                      : 1
#      SSD_1dig                    : 1
=========================================================================

Device utilization summary:
---------------------------

Selected Device : 3s100ecp132-4 

 Number of Slices:                      101  out of    960    10%  
 Number of Slice Flip Flops:             70  out of   1920     3%  
 Number of 4 input LUTs:                156  out of   1920     8%  
 Number of IOs:                          22
 Number of bonded IOBs:                  22  out of     83    26%  
 Number of GCLKs:                         2  out of     24     8%  

---------------------------
Partition Resource Summary:
---------------------------

  No Partitions were found in this design.

---------------------------


=========================================================================
TIMING REPORT

NOTE: THESE TIMING NUMBERS ARE ONLY A SYNTHESIS ESTIMATE.
      FOR ACCURATE TIMING INFORMATION PLEASE REFER TO THE TRACE REPORT
      GENERATED AFTER PLACE-and-ROUTE.

Clock Information:
------------------
-----------------------------------+------------------------+-------+
Clock Signal                       | Clock buffer(FF name)  | Load  |
-----------------------------------+------------------------+-------+
XLXI_1/clk_1k                      | NONE(XLXI_48/sel_0)    | 4     |
XLXI_1/clk_1m1                     | BUFG                   | 33    |
SYS_CLK                            | BUFGP                  | 33    |
-----------------------------------+------------------------+-------+
INFO:Xst:2169 - HDL ADVISOR - Some clock signals were not automatically buffered by XST with BUFG/BUFR resources. Please use the buffer_type constraint in order to insert these buffers to the clock signals to help prevent skew problems.

Asynchronous Control Signals Information:
----------------------------------------
No asynchronous control signals found in this design

Timing Summary:
---------------
Speed Grade: -4

   Minimum period: 10.324ns (Maximum Frequency: 96.860MHz)
   Minimum input arrival time before clock: No path found
   Maximum output required time after clock: 1.224ns
   Maximum combinational path delay: 3.692ns

Timing Detail:
--------------
All values displayed in nanoseconds (ns)

=========================================================================
Timing constraint: Default period analysis for Clock 'XLXI_1/clk_1k'
  Clock period: 2.225ns (frequency: 449.438MHz)
  Total number of paths / destination ports: 5 / 4
-------------------------------------------------------------------------
Delay:               2.225ns (Levels of Logic = 1)
  Source:            XLXI_48/selx_1 (FF)
  Destination:       XLXI_48/sel_0 (FF)
  Source Clock:      XLXI_1/clk_1k rising
  Destination Clock: XLXI_1/clk_1k rising

  Data Path: XLXI_48/selx_1 to XLXI_48/sel_0
                                Gate     Net
    Cell:in->out      fanout   Delay   Delay  Logical Name (Net Name)
    ----------------------------------------  ------------
     FD:C->Q               2   0.591   0.622  XLXI_48/selx_1 (XLXI_48/selx_1)
     LUT2:I0->O            1   0.704   0.000  XLXI_48/Mrom_sel_mux0001111 (XLXI_48/Mrom_sel_mux00011)
     FD:D                      0.308          XLXI_48/sel_0
    ----------------------------------------
    Total                      2.225ns (1.603ns logic, 0.622ns route)
                                       (72.0% logic, 28.0% route)

=========================================================================
Timing constraint: Default period analysis for Clock 'XLXI_1/clk_1m1'
  Clock period: 10.324ns (frequency: 96.860MHz)
  Total number of paths / destination ports: 19009 / 66
-------------------------------------------------------------------------
Delay:               10.324ns (Levels of Logic = 34)
  Source:            XLXI_1/cnt1k_1 (FF)
  Destination:       XLXI_1/cnt1k_31 (FF)
  Source Clock:      XLXI_1/clk_1m1 rising
  Destination Clock: XLXI_1/clk_1m1 rising

  Data Path: XLXI_1/cnt1k_1 to XLXI_1/cnt1k_31
                                Gate     Net
    Cell:in->out      fanout   Delay   Delay  Logical Name (Net Name)
    ----------------------------------------  ------------
     FDR:C->Q              2   0.591   0.622  XLXI_1/cnt1k_1 (XLXI_1/cnt1k_1)
     LUT1:I0->O            1   0.704   0.000  XLXI_1/Madd_clk_1k_addsub0000_cy<1>_rt (XLXI_1/Madd_clk_1k_addsub0000_cy<1>_rt)
     MUXCY:S->O            1   0.464   0.000  XLXI_1/Madd_clk_1k_addsub0000_cy<1> (XLXI_1/Madd_clk_1k_addsub0000_cy<1>)
     MUXCY:CI->O           1   0.059   0.000  XLXI_1/Madd_clk_1k_addsub0000_cy<2> (XLXI_1/Madd_clk_1k_addsub0000_cy<2>)
     MUXCY:CI->O           1   0.059   0.000  XLXI_1/Madd_clk_1k_addsub0000_cy<3> (XLXI_1/Madd_clk_1k_addsub0000_cy<3>)
     MUXCY:CI->O           1   0.059   0.000  XLXI_1/Madd_clk_1k_addsub0000_cy<4> (XLXI_1/Madd_clk_1k_addsub0000_cy<4>)
     MUXCY:CI->O           1   0.059   0.000  XLXI_1/Madd_clk_1k_addsub0000_cy<5> (XLXI_1/Madd_clk_1k_addsub0000_cy<5>)
     MUXCY:CI->O           1   0.059   0.000  XLXI_1/Madd_clk_1k_addsub0000_cy<6> (XLXI_1/Madd_clk_1k_addsub0000_cy<6>)
     MUXCY:CI->O           1   0.059   0.000  XLXI_1/Madd_clk_1k_addsub0000_cy<7> (XLXI_1/Madd_clk_1k_addsub0000_cy<7>)
     MUXCY:CI->O           1   0.059   0.000  XLXI_1/Madd_clk_1k_addsub0000_cy<8> (XLXI_1/Madd_clk_1k_addsub0000_cy<8>)
     MUXCY:CI->O           1   0.059   0.000  XLXI_1/Madd_clk_1k_addsub0000_cy<9> (XLXI_1/Madd_clk_1k_addsub0000_cy<9>)
     MUXCY:CI->O           1   0.059   0.000  XLXI_1/Madd_clk_1k_addsub0000_cy<10> (XLXI_1/Madd_clk_1k_addsub0000_cy<10>)
     MUXCY:CI->O           1   0.059   0.000  XLXI_1/Madd_clk_1k_addsub0000_cy<11> (XLXI_1/Madd_clk_1k_addsub0000_cy<11>)
     MUXCY:CI->O           1   0.059   0.000  XLXI_1/Madd_clk_1k_addsub0000_cy<12> (XLXI_1/Madd_clk_1k_addsub0000_cy<12>)
     MUXCY:CI->O           1   0.059   0.000  XLXI_1/Madd_clk_1k_addsub0000_cy<13> (XLXI_1/Madd_clk_1k_addsub0000_cy<13>)
     MUXCY:CI->O           1   0.059   0.000  XLXI_1/Madd_clk_1k_addsub0000_cy<14> (XLXI_1/Madd_clk_1k_addsub0000_cy<14>)
     MUXCY:CI->O           1   0.059   0.000  XLXI_1/Madd_clk_1k_addsub0000_cy<15> (XLXI_1/Madd_clk_1k_addsub0000_cy<15>)
     MUXCY:CI->O           1   0.059   0.000  XLXI_1/Madd_clk_1k_addsub0000_cy<16> (XLXI_1/Madd_clk_1k_addsub0000_cy<16>)
     MUXCY:CI->O           1   0.059   0.000  XLXI_1/Madd_clk_1k_addsub0000_cy<17> (XLXI_1/Madd_clk_1k_addsub0000_cy<17>)
     MUXCY:CI->O           1   0.059   0.000  XLXI_1/Madd_clk_1k_addsub0000_cy<18> (XLXI_1/Madd_clk_1k_addsub0000_cy<18>)
     MUXCY:CI->O           1   0.059   0.000  XLXI_1/Madd_clk_1k_addsub0000_cy<19> (XLXI_1/Madd_clk_1k_addsub0000_cy<19>)
     MUXCY:CI->O           1   0.059   0.000  XLXI_1/Madd_clk_1k_addsub0000_cy<20> (XLXI_1/Madd_clk_1k_addsub0000_cy<20>)
     MUXCY:CI->O           1   0.059   0.000  XLXI_1/Madd_clk_1k_addsub0000_cy<21> (XLXI_1/Madd_clk_1k_addsub0000_cy<21>)
     MUXCY:CI->O           1   0.059   0.000  XLXI_1/Madd_clk_1k_addsub0000_cy<22> (XLXI_1/Madd_clk_1k_addsub0000_cy<22>)
     MUXCY:CI->O           1   0.059   0.000  XLXI_1/Madd_clk_1k_addsub0000_cy<23> (XLXI_1/Madd_clk_1k_addsub0000_cy<23>)
     MUXCY:CI->O           1   0.059   0.000  XLXI_1/Madd_clk_1k_addsub0000_cy<24> (XLXI_1/Madd_clk_1k_addsub0000_cy<24>)
     MUXCY:CI->O           1   0.059   0.000  XLXI_1/Madd_clk_1k_addsub0000_cy<25> (XLXI_1/Madd_clk_1k_addsub0000_cy<25>)
     MUXCY:CI->O           1   0.059   0.000  XLXI_1/Madd_clk_1k_addsub0000_cy<26> (XLXI_1/Madd_clk_1k_addsub0000_cy<26>)
     MUXCY:CI->O           1   0.059   0.000  XLXI_1/Madd_clk_1k_addsub0000_cy<27> (XLXI_1/Madd_clk_1k_addsub0000_cy<27>)
     MUXCY:CI->O           1   0.059   0.000  XLXI_1/Madd_clk_1k_addsub0000_cy<28> (XLXI_1/Madd_clk_1k_addsub0000_cy<28>)
     XORCY:CI->O           1   0.804   0.595  XLXI_1/Madd_clk_1k_addsub0000_xor<29> (XLXI_1/clk_1k_addsub0000<29>)
     LUT2:I0->O            1   0.704   0.000  XLXI_1/Mcompar_clk_1k_cmp_gt0000_lut<10> (XLXI_1/Mcompar_clk_1k_cmp_gt0000_lut<10>)
     MUXCY:S->O            1   0.464   0.000  XLXI_1/Mcompar_clk_1k_cmp_gt0000_cy<10> (XLXI_1/Mcompar_clk_1k_cmp_gt0000_cy<10>)
     MUXCY:CI->O           2   0.459   0.447  XLXI_1/Mcompar_clk_1k_cmp_gt0000_cy<11> (XLXI_1/Mcompar_clk_1k_cmp_gt0000_cy<11>)
     INV:I->O             32   0.704   1.262  XLXI_1/Mcompar_clk_1k_cmp_gt0000_cy<11>_inv_INV_0 (XLXI_1/clk_1k_cmp_gt0000)
     FDR:R                     0.911          XLXI_1/cnt1k_0
    ----------------------------------------
    Total                     10.324ns (7.398ns logic, 2.926ns route)
                                       (71.7% logic, 28.3% route)

=========================================================================
Timing constraint: Default period analysis for Clock 'SYS_CLK'
  Clock period: 9.046ns (frequency: 110.552MHz)
  Total number of paths / destination ports: 17953 / 66
-------------------------------------------------------------------------
Delay:               9.046ns (Levels of Logic = 33)
  Source:            XLXI_1/cnt1M_1 (FF)
  Destination:       XLXI_1/cnt1M_31 (FF)
  Source Clock:      SYS_CLK rising
  Destination Clock: SYS_CLK rising

  Data Path: XLXI_1/cnt1M_1 to XLXI_1/cnt1M_31
                                Gate     Net
    Cell:in->out      fanout   Delay   Delay  Logical Name (Net Name)
    ----------------------------------------  ------------
     FDR:C->Q              2   0.591   0.622  XLXI_1/cnt1M_1 (XLXI_1/cnt1M_1)
     LUT1:I0->O            1   0.704   0.000  XLXI_1/Madd_clk_1m_addsub0000_cy<1>_rt (XLXI_1/Madd_clk_1m_addsub0000_cy<1>_rt)
     MUXCY:S->O            1   0.464   0.000  XLXI_1/Madd_clk_1m_addsub0000_cy<1> (XLXI_1/Madd_clk_1m_addsub0000_cy<1>)
     MUXCY:CI->O           1   0.059   0.000  XLXI_1/Madd_clk_1m_addsub0000_cy<2> (XLXI_1/Madd_clk_1m_addsub0000_cy<2>)
     MUXCY:CI->O           1   0.059   0.000  XLXI_1/Madd_clk_1m_addsub0000_cy<3> (XLXI_1/Madd_clk_1m_addsub0000_cy<3>)
     MUXCY:CI->O           1   0.059   0.000  XLXI_1/Madd_clk_1m_addsub0000_cy<4> (XLXI_1/Madd_clk_1m_addsub0000_cy<4>)
     MUXCY:CI->O           1   0.059   0.000  XLXI_1/Madd_clk_1m_addsub0000_cy<5> (XLXI_1/Madd_clk_1m_addsub0000_cy<5>)
     MUXCY:CI->O           1   0.059   0.000  XLXI_1/Madd_clk_1m_addsub0000_cy<6> (XLXI_1/Madd_clk_1m_addsub0000_cy<6>)
     MUXCY:CI->O           1   0.059   0.000  XLXI_1/Madd_clk_1m_addsub0000_cy<7> (XLXI_1/Madd_clk_1m_addsub0000_cy<7>)
     MUXCY:CI->O           1   0.059   0.000  XLXI_1/Madd_clk_1m_addsub0000_cy<8> (XLXI_1/Madd_clk_1m_addsub0000_cy<8>)
     MUXCY:CI->O           1   0.059   0.000  XLXI_1/Madd_clk_1m_addsub0000_cy<9> (XLXI_1/Madd_clk_1m_addsub0000_cy<9>)
     MUXCY:CI->O           1   0.059   0.000  XLXI_1/Madd_clk_1m_addsub0000_cy<10> (XLXI_1/Madd_clk_1m_addsub0000_cy<10>)
     MUXCY:CI->O           1   0.059   0.000  XLXI_1/Madd_clk_1m_addsub0000_cy<11> (XLXI_1/Madd_clk_1m_addsub0000_cy<11>)
     MUXCY:CI->O           1   0.059   0.000  XLXI_1/Madd_clk_1m_addsub0000_cy<12> (XLXI_1/Madd_clk_1m_addsub0000_cy<12>)
     MUXCY:CI->O           1   0.059   0.000  XLXI_1/Madd_clk_1m_addsub0000_cy<13> (XLXI_1/Madd_clk_1m_addsub0000_cy<13>)
     MUXCY:CI->O           1   0.059   0.000  XLXI_1/Madd_clk_1m_addsub0000_cy<14> (XLXI_1/Madd_clk_1m_addsub0000_cy<14>)
     MUXCY:CI->O           1   0.059   0.000  XLXI_1/Madd_clk_1m_addsub0000_cy<15> (XLXI_1/Madd_clk_1m_addsub0000_cy<15>)
     MUXCY:CI->O           1   0.059   0.000  XLXI_1/Madd_clk_1m_addsub0000_cy<16> (XLXI_1/Madd_clk_1m_addsub0000_cy<16>)
     MUXCY:CI->O           1   0.059   0.000  XLXI_1/Madd_clk_1m_addsub0000_cy<17> (XLXI_1/Madd_clk_1m_addsub0000_cy<17>)
     MUXCY:CI->O           1   0.059   0.000  XLXI_1/Madd_clk_1m_addsub0000_cy<18> (XLXI_1/Madd_clk_1m_addsub0000_cy<18>)
     MUXCY:CI->O           1   0.059   0.000  XLXI_1/Madd_clk_1m_addsub0000_cy<19> (XLXI_1/Madd_clk_1m_addsub0000_cy<19>)
     MUXCY:CI->O           1   0.059   0.000  XLXI_1/Madd_clk_1m_addsub0000_cy<20> (XLXI_1/Madd_clk_1m_addsub0000_cy<20>)
     MUXCY:CI->O           1   0.059   0.000  XLXI_1/Madd_clk_1m_addsub0000_cy<21> (XLXI_1/Madd_clk_1m_addsub0000_cy<21>)
     MUXCY:CI->O           1   0.059   0.000  XLXI_1/Madd_clk_1m_addsub0000_cy<22> (XLXI_1/Madd_clk_1m_addsub0000_cy<22>)
     MUXCY:CI->O           1   0.059   0.000  XLXI_1/Madd_clk_1m_addsub0000_cy<23> (XLXI_1/Madd_clk_1m_addsub0000_cy<23>)
     MUXCY:CI->O           1   0.059   0.000  XLXI_1/Madd_clk_1m_addsub0000_cy<24> (XLXI_1/Madd_clk_1m_addsub0000_cy<24>)
     MUXCY:CI->O           1   0.059   0.000  XLXI_1/Madd_clk_1m_addsub0000_cy<25> (XLXI_1/Madd_clk_1m_addsub0000_cy<25>)
     MUXCY:CI->O           1   0.059   0.000  XLXI_1/Madd_clk_1m_addsub0000_cy<26> (XLXI_1/Madd_clk_1m_addsub0000_cy<26>)
     MUXCY:CI->O           1   0.059   0.000  XLXI_1/Madd_clk_1m_addsub0000_cy<27> (XLXI_1/Madd_clk_1m_addsub0000_cy<27>)
     MUXCY:CI->O           1   0.059   0.000  XLXI_1/Madd_clk_1m_addsub0000_cy<28> (XLXI_1/Madd_clk_1m_addsub0000_cy<28>)
     XORCY:CI->O           1   0.804   0.595  XLXI_1/Madd_clk_1m_addsub0000_xor<29> (XLXI_1/clk_1m_addsub0000<29>)
     LUT2:I0->O            1   0.704   0.000  XLXI_1/Mcompar_clk_1m_cmp_ge0000_lut<9> (XLXI_1/Mcompar_clk_1m_cmp_ge0000_lut<9>)
     MUXCY:S->O            1   0.464   0.000  XLXI_1/Mcompar_clk_1m_cmp_ge0000_cy<9> (XLXI_1/Mcompar_clk_1m_cmp_ge0000_cy<9>)
     MUXCY:CI->O          33   0.331   1.263  XLXI_1/Mcompar_clk_1m_cmp_ge0000_cy<10> (XLXI_1/clk_1m_cmp_ge0000)
     FDR:R                     0.911          XLXI_1/cnt1M_0
    ----------------------------------------
    Total                      9.046ns (6.566ns logic, 2.480ns route)
                                       (72.6% logic, 27.4% route)

=========================================================================
Timing constraint: Default OFFSET OUT AFTER for Clock 'XLXI_1/clk_1m1'
  Total number of paths / destination ports: 1 / 1
-------------------------------------------------------------------------
Offset:              1.224ns (Levels of Logic = 0)
  Source:            XLXI_1/clk_1k (FF)
  Destination:       XLXI_47:CLK (PAD)
  Source Clock:      XLXI_1/clk_1m1 rising

  Data Path: XLXI_1/clk_1k to XLXI_47:CLK
                                Gate     Net
    Cell:in->out      fanout   Delay   Delay  Logical Name (Net Name)
    ----------------------------------------  ------------
     FDE:C->Q              5   0.591   0.633  XLXI_1/clk_1k (XLXI_1/clk_1k)
    bin2BCD3en:CLK             0.000          XLXI_47
    ----------------------------------------
    Total                      1.224ns (0.591ns logic, 0.633ns route)
                                       (48.3% logic, 51.7% route)

=========================================================================
Timing constraint: Default OFFSET OUT AFTER for Clock 'XLXI_1/clk_1k'
  Total number of paths / destination ports: 2 / 2
-------------------------------------------------------------------------
Offset:              1.011ns (Levels of Logic = 0)
  Source:            XLXI_48/sel_0 (FF)
  Destination:       XLXI_49:sel<0> (PAD)
  Source Clock:      XLXI_1/clk_1k rising

  Data Path: XLXI_48/sel_0 to XLXI_49:sel<0>
                                Gate     Net
    Cell:in->out      fanout   Delay   Delay  Logical Name (Net Name)
    ----------------------------------------  ------------
     FD:C->Q               1   0.591   0.420  XLXI_48/sel_0 (XLXI_48/sel_0)
    mux4SSD:sel<0>             0.000          XLXI_49
    ----------------------------------------
    Total                      1.011ns (0.591ns logic, 0.420ns route)
                                       (58.5% logic, 41.5% route)

=========================================================================
Timing constraint: Default path analysis
  Total number of paths / destination ports: 42 / 42
-------------------------------------------------------------------------
Delay:               3.692ns (Levels of Logic = 1)
  Source:            XLXI_46:sseg<7> (PAD)
  Destination:       sseg<7> (PAD)

  Data Path: XLXI_46:sseg<7> to sseg<7>
                                Gate     Net
    Cell:in->out      fanout   Delay   Delay  Logical Name (Net Name)
    ----------------------------------------  ------------
    SSD_1dig:sseg<7>       1   0.000   0.420  XLXI_46 (sseg_7_OBUF)
     OBUF:I->O                 3.272          sseg_7_OBUF (sseg<7>)
    ----------------------------------------
    Total                      3.692ns (3.272ns logic, 0.420ns route)
                                       (88.6% logic, 11.4% route)

=========================================================================


Total REAL time to Xst completion: 4.00 secs
Total CPU time to Xst completion: 4.20 secs
 
--> 

Total memory usage is 286456 kilobytes

Number of errors   :    0 (   0 filtered)
Number of warnings :   85 (   0 filtered)
Number of infos    :    2 (   0 filtered)

