Release 14.7 - xst P.20131013 (nt64)
Copyright (c) 1995-2013 Xilinx, Inc.  All rights reserved.
--> Parameter TMPDIR set to xst/projnav.tmp


Total REAL time to Xst completion: 0.00 secs
Total CPU time to Xst completion: 0.08 secs
 
--> Parameter xsthdpdir set to xst


Total REAL time to Xst completion: 0.00 secs
Total CPU time to Xst completion: 0.08 secs
 
--> Reading design: Experiment4.prj

TABLE OF CONTENTS
  1) Synthesis Options Summary
  2) HDL Compilation
  3) Design Hierarchy Analysis
  4) HDL Analysis
  5) HDL Synthesis
     5.1) HDL Synthesis Report
  6) Advanced HDL Synthesis
     6.1) Advanced HDL Synthesis Report
  7) Low Level Synthesis
  8) Partition Report
  9) Final Report
	9.1) Device utilization summary
	9.2) Partition Resource Summary
	9.3) TIMING REPORT


=========================================================================
*                      Synthesis Options Summary                        *
=========================================================================
---- Source Parameters
Input File Name                    : "Experiment4.prj"
Input Format                       : mixed
Ignore Synthesis Constraint File   : NO

---- Target Parameters
Output File Name                   : "Experiment4"
Output Format                      : NGC
Target Device                      : xc3s100e-4-cp132

---- Source Options
Top Module Name                    : Experiment4
Automatic FSM Extraction           : YES
FSM Encoding Algorithm             : Auto
Safe Implementation                : No
FSM Style                          : LUT
RAM Extraction                     : Yes
RAM Style                          : Auto
ROM Extraction                     : Yes
Mux Style                          : Auto
Decoder Extraction                 : YES
Priority Encoder Extraction        : Yes
Shift Register Extraction          : YES
Logical Shifter Extraction         : YES
XOR Collapsing                     : YES
ROM Style                          : Auto
Mux Extraction                     : Yes
Resource Sharing                   : YES
Asynchronous To Synchronous        : NO
Multiplier Style                   : Auto
Automatic Register Balancing       : No

---- Target Options
Add IO Buffers                     : YES
Global Maximum Fanout              : 500
Add Generic Clock Buffer(BUFG)     : 24
Register Duplication               : YES
Slice Packing                      : YES
Optimize Instantiated Primitives   : NO
Use Clock Enable                   : Yes
Use Synchronous Set                : Yes
Use Synchronous Reset              : Yes
Pack IO Registers into IOBs        : Auto
Equivalent register Removal        : YES

---- General Options
Optimization Goal                  : Speed
Optimization Effort                : 1
Keep Hierarchy                     : No
Netlist Hierarchy                  : As_Optimized
RTL Output                         : Yes
Global Optimization                : AllClockNets
Read Cores                         : YES
Write Timing Constraints           : NO
Cross Clock Analysis               : NO
Hierarchy Separator                : /
Bus Delimiter                      : <>
Case Specifier                     : Maintain
Slice Utilization Ratio            : 100
BRAM Utilization Ratio             : 100
Verilog 2001                       : YES
Auto BRAM Packing                  : NO
Slice Utilization Ratio Delta      : 5

=========================================================================


=========================================================================
*                          HDL Compilation                              *
=========================================================================
Compiling vhdl file "C:/Users/Big D/Downloads/DCM_50M.vhd" in Library work.
Architecture behavioral of Entity dcm_50m is up to date.
Compiling vhdl file "C:/Users/Big D/Documents/CSUSM/PHYS301/Lab8/Experiment4/Experiment4.vhf" in Library work.
Entity <fjkce_mxilinx_experiment4> compiled.
Entity <fjkce_mxilinx_experiment4> (Architecture <behavioral>) compiled.
Entity <fjkpe_mxilinx_experiment4> compiled.
Entity <fjkpe_mxilinx_experiment4> (Architecture <behavioral>) compiled.
Entity <fjkc_mxilinx_experiment4> compiled.
Entity <fjkc_mxilinx_experiment4> (Architecture <behavioral>) compiled.
Entity <experiment4> compiled.
Entity <experiment4> (Architecture <behavioral>) compiled.

=========================================================================
*                     Design Hierarchy Analysis                         *
=========================================================================
Analyzing hierarchy for entity <Experiment4> in library <work> (architecture <behavioral>).

Analyzing hierarchy for entity <FJKC_MXILINX_Experiment4> in library <work> (architecture <behavioral>) with generics.
	INIT = '0'

Analyzing hierarchy for entity <FJKCE_MXILINX_Experiment4> in library <work> (architecture <behavioral>) with generics.
	INIT = '0'

Analyzing hierarchy for entity <FJKPE_MXILINX_Experiment4> in library <work> (architecture <behavioral>) with generics.
	INIT = '1'

Analyzing hierarchy for entity <DCM_50M> in library <work> (architecture <behavioral>) with generics.
	DIV100 = 50
	DIV1k = 500
	DIV50 = 25


=========================================================================
*                            HDL Analysis                               *
=========================================================================
Analyzing Entity <Experiment4> in library <work> (Architecture <behavioral>).
WARNING:Xst:753 - "C:/Users/Big D/Documents/CSUSM/PHYS301/Lab8/Experiment4/Experiment4.vhf" line 447: Unconnected output port 'Q' of component 'FJKC_MXILINX_Experiment4'.
    Set user-defined property "HU_SET =  XLXI_1_0" for instance <XLXI_1> in unit <Experiment4>.
    Set user-defined property "HU_SET =  XLXI_12_3" for instance <XLXI_12> in unit <Experiment4>.
    Set user-defined property "HU_SET =  XLXI_13_1" for instance <XLXI_13> in unit <Experiment4>.
    Set user-defined property "HU_SET =  XLXI_15_2" for instance <XLXI_15> in unit <Experiment4>.
WARNING:Xst:753 - "C:/Users/Big D/Documents/CSUSM/PHYS301/Lab8/Experiment4/Experiment4.vhf" line 491: Unconnected output port 'CLK1M' of component 'DCM_50M'.
WARNING:Xst:753 - "C:/Users/Big D/Documents/CSUSM/PHYS301/Lab8/Experiment4/Experiment4.vhf" line 491: Unconnected output port 'CLK10k' of component 'DCM_50M'.
WARNING:Xst:753 - "C:/Users/Big D/Documents/CSUSM/PHYS301/Lab8/Experiment4/Experiment4.vhf" line 491: Unconnected output port 'CLK1k' of component 'DCM_50M'.
Entity <Experiment4> analyzed. Unit <Experiment4> generated.

Analyzing generic Entity <FJKC_MXILINX_Experiment4> in library <work> (Architecture <behavioral>).
	INIT = '0'
    Set user-defined property "INIT =  0" for instance <I_36_32> in unit <FJKC_MXILINX_Experiment4>.
    Set user-defined property "RLOC =  X0Y0" for instance <I_36_32> in unit <FJKC_MXILINX_Experiment4>.
Entity <FJKC_MXILINX_Experiment4> analyzed. Unit <FJKC_MXILINX_Experiment4> generated.

Analyzing generic Entity <FJKCE_MXILINX_Experiment4> in library <work> (Architecture <behavioral>).
	INIT = '0'
    Set user-defined property "INIT =  0" for instance <I_36_32> in unit <FJKCE_MXILINX_Experiment4>.
    Set user-defined property "RLOC =  X0Y0" for instance <I_36_32> in unit <FJKCE_MXILINX_Experiment4>.
Entity <FJKCE_MXILINX_Experiment4> analyzed. Unit <FJKCE_MXILINX_Experiment4> generated.

Analyzing generic Entity <FJKPE_MXILINX_Experiment4> in library <work> (Architecture <behavioral>).
	INIT = '1'
    Set user-defined property "INIT =  1" for instance <I_36_32> in unit <FJKPE_MXILINX_Experiment4>.
    Set user-defined property "RLOC =  X0Y0" for instance <I_36_32> in unit <FJKPE_MXILINX_Experiment4>.
Entity <FJKPE_MXILINX_Experiment4> analyzed. Unit <FJKPE_MXILINX_Experiment4> generated.

Analyzing generic Entity <DCM_50M> in library <work> (Architecture <behavioral>).
	DIV100 = 50
	DIV1k = 500
	DIV50 = 25
Entity <DCM_50M> analyzed. Unit <DCM_50M> generated.


=========================================================================
*                           HDL Synthesis                               *
=========================================================================

Performing bidirectional port resolution...

Synthesizing Unit <DCM_50M>.
    Related source file is "C:/Users/Big D/Downloads/DCM_50M.vhd".
    Found 1-bit register for signal <clk_1>.
    Found 32-bit adder for signal <clk_1$add0000> created at line 121.
    Found 1-bit register for signal <clk_10k>.
    Found 1-bit register for signal <clk_1k>.
    Found 32-bit adder for signal <clk_1k$add0000> created at line 101.
    Found 1-bit register for signal <clk_1m>.
    Found 32-bit adder for signal <clk_1m$add0000> created at line 61.
    Found 32-bit up counter for signal <cnt1>.
    Found 32-bit comparator greater for signal <cnt1$cmp_gt0000> created at line 122.
    Found 32-bit up counter for signal <cnt10k>.
    Found 32-bit adder for signal <cnt10k$add0000> created at line 81.
    Found 32-bit comparator greater for signal <cnt10k$cmp_gt0000> created at line 82.
    Found 32-bit up counter for signal <cnt1k>.
    Found 32-bit comparator greater for signal <cnt1k$cmp_gt0000> created at line 102.
    Found 32-bit up counter for signal <cnt1M>.
    Found 32-bit comparator greatequal for signal <cnt1M$cmp_ge0000> created at line 62.
    Summary:
	inferred   4 Counter(s).
	inferred   4 D-type flip-flop(s).
	inferred   4 Adder/Subtractor(s).
	inferred   4 Comparator(s).
Unit <DCM_50M> synthesized.


Synthesizing Unit <FJKC_MXILINX_Experiment4>.
    Related source file is "C:/Users/Big D/Documents/CSUSM/PHYS301/Lab8/Experiment4/Experiment4.vhf".
Unit <FJKC_MXILINX_Experiment4> synthesized.


Synthesizing Unit <FJKCE_MXILINX_Experiment4>.
    Related source file is "C:/Users/Big D/Documents/CSUSM/PHYS301/Lab8/Experiment4/Experiment4.vhf".
Unit <FJKCE_MXILINX_Experiment4> synthesized.


Synthesizing Unit <FJKPE_MXILINX_Experiment4>.
    Related source file is "C:/Users/Big D/Documents/CSUSM/PHYS301/Lab8/Experiment4/Experiment4.vhf".
Unit <FJKPE_MXILINX_Experiment4> synthesized.


Synthesizing Unit <Experiment4>.
    Related source file is "C:/Users/Big D/Documents/CSUSM/PHYS301/Lab8/Experiment4/Experiment4.vhf".
WARNING:Xst:653 - Signal <XLXI_4_I1_openSignal> is used but never assigned. This sourceless signal will be automatically connected to value 0.
WARNING:Xst:653 - Signal <XLXI_4_I0_openSignal> is used but never assigned. This sourceless signal will be automatically connected to value 0.
WARNING:Xst:653 - Signal <XLXI_33_I2_openSignal> is used but never assigned. This sourceless signal will be automatically connected to value 0.
WARNING:Xst:653 - Signal <XLXI_33_I1_openSignal> is used but never assigned. This sourceless signal will be automatically connected to value 0.
WARNING:Xst:653 - Signal <XLXI_33_I0_openSignal> is used but never assigned. This sourceless signal will be automatically connected to value 0.
WARNING:Xst:653 - Signal <XLXI_32_I2_openSignal> is used but never assigned. This sourceless signal will be automatically connected to value 0.
WARNING:Xst:653 - Signal <XLXI_32_I1_openSignal> is used but never assigned. This sourceless signal will be automatically connected to value 0.
WARNING:Xst:653 - Signal <XLXI_32_I0_openSignal> is used but never assigned. This sourceless signal will be automatically connected to value 0.
WARNING:Xst:653 - Signal <XLXI_1_K_openSignal> is used but never assigned. This sourceless signal will be automatically connected to value 0.
WARNING:Xst:653 - Signal <XLXI_1_J_openSignal> is used but never assigned. This sourceless signal will be automatically connected to value 0.
WARNING:Xst:653 - Signal <XLXI_1_C_openSignal> is used but never assigned. This sourceless signal will be automatically connected to value 0.
WARNING:Xst:653 - Signal <XLXI_1_CLR_openSignal> is used but never assigned. This sourceless signal will be automatically connected to value 0.
Unit <Experiment4> synthesized.


=========================================================================
HDL Synthesis Report

Macro Statistics
# Adders/Subtractors                                   : 4
 32-bit adder                                          : 4
# Counters                                             : 4
 32-bit up counter                                     : 4
# Registers                                            : 4
 1-bit register                                        : 4
# Comparators                                          : 4
 32-bit comparator greatequal                          : 1
 32-bit comparator greater                             : 3

=========================================================================

=========================================================================
*                       Advanced HDL Synthesis                          *
=========================================================================


=========================================================================
Advanced HDL Synthesis Report

Macro Statistics
# Adders/Subtractors                                   : 4
 32-bit adder                                          : 4
# Counters                                             : 4
 32-bit up counter                                     : 4
# Registers                                            : 8
 Flip-Flops                                            : 8
# Comparators                                          : 4
 32-bit comparator greatequal                          : 1
 32-bit comparator greater                             : 3

=========================================================================

=========================================================================
*                         Low Level Synthesis                           *
=========================================================================

Optimizing unit <Experiment4> ...

Optimizing unit <DCM_50M> ...

Optimizing unit <FJKC_MXILINX_Experiment4> ...

Optimizing unit <FJKCE_MXILINX_Experiment4> ...

Optimizing unit <FJKPE_MXILINX_Experiment4> ...
WARNING:Xst:2677 - Node <XLXI_29/cnt10k_31> of sequential type is unconnected in block <Experiment4>.
WARNING:Xst:2677 - Node <XLXI_29/cnt10k_30> of sequential type is unconnected in block <Experiment4>.
WARNING:Xst:2677 - Node <XLXI_29/cnt10k_29> of sequential type is unconnected in block <Experiment4>.
WARNING:Xst:2677 - Node <XLXI_29/cnt10k_28> of sequential type is unconnected in block <Experiment4>.
WARNING:Xst:2677 - Node <XLXI_29/cnt10k_27> of sequential type is unconnected in block <Experiment4>.
WARNING:Xst:2677 - Node <XLXI_29/cnt10k_26> of sequential type is unconnected in block <Experiment4>.
WARNING:Xst:2677 - Node <XLXI_29/cnt10k_25> of sequential type is unconnected in block <Experiment4>.
WARNING:Xst:2677 - Node <XLXI_29/cnt10k_24> of sequential type is unconnected in block <Experiment4>.
WARNING:Xst:2677 - Node <XLXI_29/cnt10k_23> of sequential type is unconnected in block <Experiment4>.
WARNING:Xst:2677 - Node <XLXI_29/cnt10k_22> of sequential type is unconnected in block <Experiment4>.
WARNING:Xst:2677 - Node <XLXI_29/cnt10k_21> of sequential type is unconnected in block <Experiment4>.
WARNING:Xst:2677 - Node <XLXI_29/cnt10k_20> of sequential type is unconnected in block <Experiment4>.
WARNING:Xst:2677 - Node <XLXI_29/cnt10k_19> of sequential type is unconnected in block <Experiment4>.
WARNING:Xst:2677 - Node <XLXI_29/cnt10k_18> of sequential type is unconnected in block <Experiment4>.
WARNING:Xst:2677 - Node <XLXI_29/cnt10k_17> of sequential type is unconnected in block <Experiment4>.
WARNING:Xst:2677 - Node <XLXI_29/cnt10k_16> of sequential type is unconnected in block <Experiment4>.
WARNING:Xst:2677 - Node <XLXI_29/cnt10k_15> of sequential type is unconnected in block <Experiment4>.
WARNING:Xst:2677 - Node <XLXI_29/cnt10k_14> of sequential type is unconnected in block <Experiment4>.
WARNING:Xst:2677 - Node <XLXI_29/cnt10k_13> of sequential type is unconnected in block <Experiment4>.
WARNING:Xst:2677 - Node <XLXI_29/cnt10k_12> of sequential type is unconnected in block <Experiment4>.
WARNING:Xst:2677 - Node <XLXI_29/cnt10k_11> of sequential type is unconnected in block <Experiment4>.
WARNING:Xst:2677 - Node <XLXI_29/cnt10k_10> of sequential type is unconnected in block <Experiment4>.
WARNING:Xst:2677 - Node <XLXI_29/cnt10k_9> of sequential type is unconnected in block <Experiment4>.
WARNING:Xst:2677 - Node <XLXI_29/cnt10k_8> of sequential type is unconnected in block <Experiment4>.
WARNING:Xst:2677 - Node <XLXI_29/cnt10k_7> of sequential type is unconnected in block <Experiment4>.
WARNING:Xst:2677 - Node <XLXI_29/cnt10k_6> of sequential type is unconnected in block <Experiment4>.
WARNING:Xst:2677 - Node <XLXI_29/cnt10k_5> of sequential type is unconnected in block <Experiment4>.
WARNING:Xst:2677 - Node <XLXI_29/cnt10k_4> of sequential type is unconnected in block <Experiment4>.
WARNING:Xst:2677 - Node <XLXI_29/cnt10k_3> of sequential type is unconnected in block <Experiment4>.
WARNING:Xst:2677 - Node <XLXI_29/cnt10k_2> of sequential type is unconnected in block <Experiment4>.
WARNING:Xst:2677 - Node <XLXI_29/cnt10k_1> of sequential type is unconnected in block <Experiment4>.
WARNING:Xst:2677 - Node <XLXI_29/cnt10k_0> of sequential type is unconnected in block <Experiment4>.
WARNING:Xst:2677 - Node <XLXI_29/clk_10k> of sequential type is unconnected in block <Experiment4>.

Mapping all equations...
Building and optimizing final netlist ...
Found area constraint ratio of 100 (+ 5) on block Experiment4, actual ratio is 13.

Final Macro Processing ...

=========================================================================
Final Register Report

Macro Statistics
# Registers                                            : 103
 Flip-Flops                                            : 103

=========================================================================

=========================================================================
*                           Partition Report                            *
=========================================================================

Partition Implementation Status
-------------------------------

  No Partitions were found in this design.

-------------------------------

=========================================================================
*                            Final Report                               *
=========================================================================
Final Results
RTL Top Level Output File Name     : Experiment4.ngr
Top Level Output File Name         : Experiment4
Output Format                      : NGC
Optimization Goal                  : Speed
Keep Hierarchy                     : No

Design Statistics
# IOs                              : 6

Cell Usage :
# BELS                             : 669
#      AND2                        : 1
#      AND2B1                      : 4
#      AND3B1                      : 4
#      AND3B2                      : 4
#      GND                         : 1
#      INV                         : 15
#      LUT1                        : 98
#      LUT2                        : 74
#      LUT3                        : 32
#      LUT4                        : 18
#      MUXCY                       : 221
#      OR3                         : 4
#      VCC                         : 1
#      XORCY                       : 192
# FlipFlops/Latches                : 103
#      FDC                         : 1
#      FDCE                        : 1
#      FDE                         : 99
#      FDPE                        : 2
# Clock Buffers                    : 3
#      BUFG                        : 2
#      BUFGP                       : 1
# IO Buffers                       : 5
#      IBUF                        : 1
#      OBUF                        : 4
# Logical                          : 3
#      NAND3                       : 3
# Others                           : 4
#      PULLDOWN                    : 1
#      PULLUP                      : 3
=========================================================================

Device utilization summary:
---------------------------

Selected Device : 3s100ecp132-4 

 Number of Slices:                      121  out of    960    12%  
 Number of Slice Flip Flops:            103  out of   1920     5%  
 Number of 4 input LUTs:                237  out of   1920    12%  
 Number of IOs:                           6
 Number of bonded IOBs:                   6  out of     83     7%  
 Number of GCLKs:                         3  out of     24    12%  

---------------------------
Partition Resource Summary:
---------------------------

  No Partitions were found in this design.

---------------------------


=========================================================================
TIMING REPORT

NOTE: THESE TIMING NUMBERS ARE ONLY A SYNTHESIS ESTIMATE.
      FOR ACCURATE TIMING INFORMATION PLEASE REFER TO THE TRACE REPORT
      GENERATED AFTER PLACE-and-ROUTE.

Clock Information:
------------------
-----------------------------------+------------------------+-------+
Clock Signal                       | Clock buffer(FF name)  | Load  |
-----------------------------------+------------------------+-------+
SYS_CLK                            | BUFGP                  | 33    |
XLXI_29/clk_1m1                    | BUFG                   | 33    |
XLXI_29/clk_1k1                    | BUFG                   | 33    |
N0                                 | NONE(XLXI_1/I_36_32)   | 1     |
XLXI_13/Q                          | NONE(XLXI_12/I_36_32)  | 1     |
XLXI_12/Q                          | NONE(XLXI_15/I_36_32)  | 1     |
XLXI_29/clk_1                      | NONE(XLXI_13/I_36_32)  | 1     |
-----------------------------------+------------------------+-------+
INFO:Xst:2169 - HDL ADVISOR - Some clock signals were not automatically buffered by XST with BUFG/BUFR resources. Please use the buffer_type constraint in order to insert these buffers to the clock signals to help prevent skew problems.

Asynchronous Control Signals Information:
----------------------------------------
-----------------------------------+------------------------+-------+
Control Signal                     | Buffer(FF name)        | Load  |
-----------------------------------+------------------------+-------+
CLR                                | IBUF                   | 3     |
N0(XST_GND:G)                      | NONE(XLXI_1/I_36_32)   | 1     |
-----------------------------------+------------------------+-------+

Timing Summary:
---------------
Speed Grade: -4

   Minimum period: 12.348ns (Maximum Frequency: 80.986MHz)
   Minimum input arrival time before clock: No path found
   Maximum output required time after clock: 4.496ns
   Maximum combinational path delay: No path found

Timing Detail:
--------------
All values displayed in nanoseconds (ns)

=========================================================================
Timing constraint: Default period analysis for Clock 'SYS_CLK'
  Clock period: 12.348ns (frequency: 80.986MHz)
  Total number of paths / destination ports: 296737 / 34
-------------------------------------------------------------------------
Delay:               12.348ns (Levels of Logic = 66)
  Source:            XLXI_29/cnt1M_1 (FF)
  Destination:       XLXI_29/cnt1M_31 (FF)
  Source Clock:      SYS_CLK rising
  Destination Clock: SYS_CLK rising

  Data Path: XLXI_29/cnt1M_1 to XLXI_29/cnt1M_31
                                Gate     Net
    Cell:in->out      fanout   Delay   Delay  Logical Name (Net Name)
    ----------------------------------------  ------------
     FDE:C->Q              2   0.591   0.622  XLXI_29/cnt1M_1 (XLXI_29/cnt1M_1)
     LUT1:I0->O            1   0.704   0.000  XLXI_29/Madd_clk_1m_add0000_cy<1>_rt (XLXI_29/Madd_clk_1m_add0000_cy<1>_rt)
     MUXCY:S->O            1   0.464   0.000  XLXI_29/Madd_clk_1m_add0000_cy<1> (XLXI_29/Madd_clk_1m_add0000_cy<1>)
     MUXCY:CI->O           1   0.059   0.000  XLXI_29/Madd_clk_1m_add0000_cy<2> (XLXI_29/Madd_clk_1m_add0000_cy<2>)
     MUXCY:CI->O           1   0.059   0.000  XLXI_29/Madd_clk_1m_add0000_cy<3> (XLXI_29/Madd_clk_1m_add0000_cy<3>)
     MUXCY:CI->O           1   0.059   0.000  XLXI_29/Madd_clk_1m_add0000_cy<4> (XLXI_29/Madd_clk_1m_add0000_cy<4>)
     MUXCY:CI->O           1   0.059   0.000  XLXI_29/Madd_clk_1m_add0000_cy<5> (XLXI_29/Madd_clk_1m_add0000_cy<5>)
     MUXCY:CI->O           1   0.059   0.000  XLXI_29/Madd_clk_1m_add0000_cy<6> (XLXI_29/Madd_clk_1m_add0000_cy<6>)
     MUXCY:CI->O           1   0.059   0.000  XLXI_29/Madd_clk_1m_add0000_cy<7> (XLXI_29/Madd_clk_1m_add0000_cy<7>)
     MUXCY:CI->O           1   0.059   0.000  XLXI_29/Madd_clk_1m_add0000_cy<8> (XLXI_29/Madd_clk_1m_add0000_cy<8>)
     MUXCY:CI->O           1   0.059   0.000  XLXI_29/Madd_clk_1m_add0000_cy<9> (XLXI_29/Madd_clk_1m_add0000_cy<9>)
     MUXCY:CI->O           1   0.059   0.000  XLXI_29/Madd_clk_1m_add0000_cy<10> (XLXI_29/Madd_clk_1m_add0000_cy<10>)
     MUXCY:CI->O           1   0.059   0.000  XLXI_29/Madd_clk_1m_add0000_cy<11> (XLXI_29/Madd_clk_1m_add0000_cy<11>)
     MUXCY:CI->O           1   0.059   0.000  XLXI_29/Madd_clk_1m_add0000_cy<12> (XLXI_29/Madd_clk_1m_add0000_cy<12>)
     MUXCY:CI->O           1   0.059   0.000  XLXI_29/Madd_clk_1m_add0000_cy<13> (XLXI_29/Madd_clk_1m_add0000_cy<13>)
     MUXCY:CI->O           1   0.059   0.000  XLXI_29/Madd_clk_1m_add0000_cy<14> (XLXI_29/Madd_clk_1m_add0000_cy<14>)
     MUXCY:CI->O           1   0.059   0.000  XLXI_29/Madd_clk_1m_add0000_cy<15> (XLXI_29/Madd_clk_1m_add0000_cy<15>)
     MUXCY:CI->O           1   0.059   0.000  XLXI_29/Madd_clk_1m_add0000_cy<16> (XLXI_29/Madd_clk_1m_add0000_cy<16>)
     MUXCY:CI->O           1   0.059   0.000  XLXI_29/Madd_clk_1m_add0000_cy<17> (XLXI_29/Madd_clk_1m_add0000_cy<17>)
     MUXCY:CI->O           1   0.059   0.000  XLXI_29/Madd_clk_1m_add0000_cy<18> (XLXI_29/Madd_clk_1m_add0000_cy<18>)
     MUXCY:CI->O           1   0.059   0.000  XLXI_29/Madd_clk_1m_add0000_cy<19> (XLXI_29/Madd_clk_1m_add0000_cy<19>)
     MUXCY:CI->O           1   0.059   0.000  XLXI_29/Madd_clk_1m_add0000_cy<20> (XLXI_29/Madd_clk_1m_add0000_cy<20>)
     MUXCY:CI->O           1   0.059   0.000  XLXI_29/Madd_clk_1m_add0000_cy<21> (XLXI_29/Madd_clk_1m_add0000_cy<21>)
     MUXCY:CI->O           1   0.059   0.000  XLXI_29/Madd_clk_1m_add0000_cy<22> (XLXI_29/Madd_clk_1m_add0000_cy<22>)
     MUXCY:CI->O           1   0.059   0.000  XLXI_29/Madd_clk_1m_add0000_cy<23> (XLXI_29/Madd_clk_1m_add0000_cy<23>)
     MUXCY:CI->O           1   0.059   0.000  XLXI_29/Madd_clk_1m_add0000_cy<24> (XLXI_29/Madd_clk_1m_add0000_cy<24>)
     MUXCY:CI->O           1   0.059   0.000  XLXI_29/Madd_clk_1m_add0000_cy<25> (XLXI_29/Madd_clk_1m_add0000_cy<25>)
     MUXCY:CI->O           1   0.059   0.000  XLXI_29/Madd_clk_1m_add0000_cy<26> (XLXI_29/Madd_clk_1m_add0000_cy<26>)
     MUXCY:CI->O           1   0.059   0.000  XLXI_29/Madd_clk_1m_add0000_cy<27> (XLXI_29/Madd_clk_1m_add0000_cy<27>)
     MUXCY:CI->O           1   0.059   0.000  XLXI_29/Madd_clk_1m_add0000_cy<28> (XLXI_29/Madd_clk_1m_add0000_cy<28>)
     XORCY:CI->O           1   0.804   0.595  XLXI_29/Madd_clk_1m_add0000_xor<29> (XLXI_29/clk_1m_add0000<29>)
     LUT2:I0->O            1   0.704   0.000  XLXI_29/Mcompar_cnt1M_cmp_ge0000_lut<9> (XLXI_29/Mcompar_cnt1M_cmp_ge0000_lut<9>)
     MUXCY:S->O            1   0.464   0.000  XLXI_29/Mcompar_cnt1M_cmp_ge0000_cy<9> (XLXI_29/Mcompar_cnt1M_cmp_ge0000_cy<9>)
     MUXCY:CI->O          34   0.459   1.298  XLXI_29/Mcompar_cnt1M_cmp_ge0000_cy<10> (XLXI_29/cnt1M_cmp_ge0000)
     LUT3:I2->O            1   0.704   0.000  XLXI_29/Mcount_cnt1M_lut<0> (XLXI_29/Mcount_cnt1M_lut<0>)
     MUXCY:S->O            1   0.464   0.000  XLXI_29/Mcount_cnt1M_cy<0> (XLXI_29/Mcount_cnt1M_cy<0>)
     MUXCY:CI->O           1   0.059   0.000  XLXI_29/Mcount_cnt1M_cy<1> (XLXI_29/Mcount_cnt1M_cy<1>)
     MUXCY:CI->O           1   0.059   0.000  XLXI_29/Mcount_cnt1M_cy<2> (XLXI_29/Mcount_cnt1M_cy<2>)
     MUXCY:CI->O           1   0.059   0.000  XLXI_29/Mcount_cnt1M_cy<3> (XLXI_29/Mcount_cnt1M_cy<3>)
     MUXCY:CI->O           1   0.059   0.000  XLXI_29/Mcount_cnt1M_cy<4> (XLXI_29/Mcount_cnt1M_cy<4>)
     MUXCY:CI->O           1   0.059   0.000  XLXI_29/Mcount_cnt1M_cy<5> (XLXI_29/Mcount_cnt1M_cy<5>)
     MUXCY:CI->O           1   0.059   0.000  XLXI_29/Mcount_cnt1M_cy<6> (XLXI_29/Mcount_cnt1M_cy<6>)
     MUXCY:CI->O           1   0.059   0.000  XLXI_29/Mcount_cnt1M_cy<7> (XLXI_29/Mcount_cnt1M_cy<7>)
     MUXCY:CI->O           1   0.059   0.000  XLXI_29/Mcount_cnt1M_cy<8> (XLXI_29/Mcount_cnt1M_cy<8>)
     MUXCY:CI->O           1   0.059   0.000  XLXI_29/Mcount_cnt1M_cy<9> (XLXI_29/Mcount_cnt1M_cy<9>)
     MUXCY:CI->O           1   0.059   0.000  XLXI_29/Mcount_cnt1M_cy<10> (XLXI_29/Mcount_cnt1M_cy<10>)
     MUXCY:CI->O           1   0.059   0.000  XLXI_29/Mcount_cnt1M_cy<11> (XLXI_29/Mcount_cnt1M_cy<11>)
     MUXCY:CI->O           1   0.059   0.000  XLXI_29/Mcount_cnt1M_cy<12> (XLXI_29/Mcount_cnt1M_cy<12>)
     MUXCY:CI->O           1   0.059   0.000  XLXI_29/Mcount_cnt1M_cy<13> (XLXI_29/Mcount_cnt1M_cy<13>)
     MUXCY:CI->O           1   0.059   0.000  XLXI_29/Mcount_cnt1M_cy<14> (XLXI_29/Mcount_cnt1M_cy<14>)
     MUXCY:CI->O           1   0.059   0.000  XLXI_29/Mcount_cnt1M_cy<15> (XLXI_29/Mcount_cnt1M_cy<15>)
     MUXCY:CI->O           1   0.059   0.000  XLXI_29/Mcount_cnt1M_cy<16> (XLXI_29/Mcount_cnt1M_cy<16>)
     MUXCY:CI->O           1   0.059   0.000  XLXI_29/Mcount_cnt1M_cy<17> (XLXI_29/Mcount_cnt1M_cy<17>)
     MUXCY:CI->O           1   0.059   0.000  XLXI_29/Mcount_cnt1M_cy<18> (XLXI_29/Mcount_cnt1M_cy<18>)
     MUXCY:CI->O           1   0.059   0.000  XLXI_29/Mcount_cnt1M_cy<19> (XLXI_29/Mcount_cnt1M_cy<19>)
     MUXCY:CI->O           1   0.059   0.000  XLXI_29/Mcount_cnt1M_cy<20> (XLXI_29/Mcount_cnt1M_cy<20>)
     MUXCY:CI->O           1   0.059   0.000  XLXI_29/Mcount_cnt1M_cy<21> (XLXI_29/Mcount_cnt1M_cy<21>)
     MUXCY:CI->O           1   0.059   0.000  XLXI_29/Mcount_cnt1M_cy<22> (XLXI_29/Mcount_cnt1M_cy<22>)
     MUXCY:CI->O           1   0.059   0.000  XLXI_29/Mcount_cnt1M_cy<23> (XLXI_29/Mcount_cnt1M_cy<23>)
     MUXCY:CI->O           1   0.059   0.000  XLXI_29/Mcount_cnt1M_cy<24> (XLXI_29/Mcount_cnt1M_cy<24>)
     MUXCY:CI->O           1   0.059   0.000  XLXI_29/Mcount_cnt1M_cy<25> (XLXI_29/Mcount_cnt1M_cy<25>)
     MUXCY:CI->O           1   0.059   0.000  XLXI_29/Mcount_cnt1M_cy<26> (XLXI_29/Mcount_cnt1M_cy<26>)
     MUXCY:CI->O           1   0.059   0.000  XLXI_29/Mcount_cnt1M_cy<27> (XLXI_29/Mcount_cnt1M_cy<27>)
     MUXCY:CI->O           1   0.059   0.000  XLXI_29/Mcount_cnt1M_cy<28> (XLXI_29/Mcount_cnt1M_cy<28>)
     MUXCY:CI->O           1   0.059   0.000  XLXI_29/Mcount_cnt1M_cy<29> (XLXI_29/Mcount_cnt1M_cy<29>)
     MUXCY:CI->O           0   0.059   0.000  XLXI_29/Mcount_cnt1M_cy<30> (XLXI_29/Mcount_cnt1M_cy<30>)
     XORCY:CI->O           1   0.804   0.000  XLXI_29/Mcount_cnt1M_xor<31> (XLXI_29/Mcount_cnt1M31)
     FDE:D                     0.308          XLXI_29/cnt1M_31
    ----------------------------------------
    Total                     12.348ns (9.833ns logic, 2.515ns route)
                                       (79.6% logic, 20.4% route)

=========================================================================
Timing constraint: Default period analysis for Clock 'XLXI_29/clk_1m1'
  Clock period: 11.992ns (frequency: 83.390MHz)
  Total number of paths / destination ports: 314689 / 34
-------------------------------------------------------------------------
Delay:               11.992ns (Levels of Logic = 66)
  Source:            XLXI_29/cnt1k_1 (FF)
  Destination:       XLXI_29/cnt1k_31 (FF)
  Source Clock:      XLXI_29/clk_1m1 rising
  Destination Clock: XLXI_29/clk_1m1 rising

  Data Path: XLXI_29/cnt1k_1 to XLXI_29/cnt1k_31
                                Gate     Net
    Cell:in->out      fanout   Delay   Delay  Logical Name (Net Name)
    ----------------------------------------  ------------
     FDE:C->Q              2   0.591   0.622  XLXI_29/cnt1k_1 (XLXI_29/cnt1k_1)
     LUT1:I0->O            1   0.704   0.000  XLXI_29/Madd_clk_1k_add0000_cy<1>_rt (XLXI_29/Madd_clk_1k_add0000_cy<1>_rt)
     MUXCY:S->O            1   0.464   0.000  XLXI_29/Madd_clk_1k_add0000_cy<1> (XLXI_29/Madd_clk_1k_add0000_cy<1>)
     MUXCY:CI->O           1   0.059   0.000  XLXI_29/Madd_clk_1k_add0000_cy<2> (XLXI_29/Madd_clk_1k_add0000_cy<2>)
     MUXCY:CI->O           1   0.059   0.000  XLXI_29/Madd_clk_1k_add0000_cy<3> (XLXI_29/Madd_clk_1k_add0000_cy<3>)
     MUXCY:CI->O           1   0.059   0.000  XLXI_29/Madd_clk_1k_add0000_cy<4> (XLXI_29/Madd_clk_1k_add0000_cy<4>)
     MUXCY:CI->O           1   0.059   0.000  XLXI_29/Madd_clk_1k_add0000_cy<5> (XLXI_29/Madd_clk_1k_add0000_cy<5>)
     MUXCY:CI->O           1   0.059   0.000  XLXI_29/Madd_clk_1k_add0000_cy<6> (XLXI_29/Madd_clk_1k_add0000_cy<6>)
     MUXCY:CI->O           1   0.059   0.000  XLXI_29/Madd_clk_1k_add0000_cy<7> (XLXI_29/Madd_clk_1k_add0000_cy<7>)
     MUXCY:CI->O           1   0.059   0.000  XLXI_29/Madd_clk_1k_add0000_cy<8> (XLXI_29/Madd_clk_1k_add0000_cy<8>)
     MUXCY:CI->O           1   0.059   0.000  XLXI_29/Madd_clk_1k_add0000_cy<9> (XLXI_29/Madd_clk_1k_add0000_cy<9>)
     MUXCY:CI->O           1   0.059   0.000  XLXI_29/Madd_clk_1k_add0000_cy<10> (XLXI_29/Madd_clk_1k_add0000_cy<10>)
     MUXCY:CI->O           1   0.059   0.000  XLXI_29/Madd_clk_1k_add0000_cy<11> (XLXI_29/Madd_clk_1k_add0000_cy<11>)
     MUXCY:CI->O           1   0.059   0.000  XLXI_29/Madd_clk_1k_add0000_cy<12> (XLXI_29/Madd_clk_1k_add0000_cy<12>)
     MUXCY:CI->O           1   0.059   0.000  XLXI_29/Madd_clk_1k_add0000_cy<13> (XLXI_29/Madd_clk_1k_add0000_cy<13>)
     MUXCY:CI->O           1   0.059   0.000  XLXI_29/Madd_clk_1k_add0000_cy<14> (XLXI_29/Madd_clk_1k_add0000_cy<14>)
     MUXCY:CI->O           1   0.059   0.000  XLXI_29/Madd_clk_1k_add0000_cy<15> (XLXI_29/Madd_clk_1k_add0000_cy<15>)
     MUXCY:CI->O           1   0.059   0.000  XLXI_29/Madd_clk_1k_add0000_cy<16> (XLXI_29/Madd_clk_1k_add0000_cy<16>)
     MUXCY:CI->O           1   0.059   0.000  XLXI_29/Madd_clk_1k_add0000_cy<17> (XLXI_29/Madd_clk_1k_add0000_cy<17>)
     MUXCY:CI->O           1   0.059   0.000  XLXI_29/Madd_clk_1k_add0000_cy<18> (XLXI_29/Madd_clk_1k_add0000_cy<18>)
     MUXCY:CI->O           1   0.059   0.000  XLXI_29/Madd_clk_1k_add0000_cy<19> (XLXI_29/Madd_clk_1k_add0000_cy<19>)
     MUXCY:CI->O           1   0.059   0.000  XLXI_29/Madd_clk_1k_add0000_cy<20> (XLXI_29/Madd_clk_1k_add0000_cy<20>)
     MUXCY:CI->O           1   0.059   0.000  XLXI_29/Madd_clk_1k_add0000_cy<21> (XLXI_29/Madd_clk_1k_add0000_cy<21>)
     MUXCY:CI->O           1   0.059   0.000  XLXI_29/Madd_clk_1k_add0000_cy<22> (XLXI_29/Madd_clk_1k_add0000_cy<22>)
     MUXCY:CI->O           1   0.059   0.000  XLXI_29/Madd_clk_1k_add0000_cy<23> (XLXI_29/Madd_clk_1k_add0000_cy<23>)
     MUXCY:CI->O           1   0.059   0.000  XLXI_29/Madd_clk_1k_add0000_cy<24> (XLXI_29/Madd_clk_1k_add0000_cy<24>)
     MUXCY:CI->O           1   0.059   0.000  XLXI_29/Madd_clk_1k_add0000_cy<25> (XLXI_29/Madd_clk_1k_add0000_cy<25>)
     MUXCY:CI->O           1   0.059   0.000  XLXI_29/Madd_clk_1k_add0000_cy<26> (XLXI_29/Madd_clk_1k_add0000_cy<26>)
     MUXCY:CI->O           1   0.059   0.000  XLXI_29/Madd_clk_1k_add0000_cy<27> (XLXI_29/Madd_clk_1k_add0000_cy<27>)
     MUXCY:CI->O           1   0.059   0.000  XLXI_29/Madd_clk_1k_add0000_cy<28> (XLXI_29/Madd_clk_1k_add0000_cy<28>)
     XORCY:CI->O           1   0.804   0.595  XLXI_29/Madd_clk_1k_add0000_xor<29> (XLXI_29/clk_1k_add0000<29>)
     LUT2:I0->O            1   0.704   0.000  XLXI_29/Mcompar_cnt1k_cmp_gt0000_lut<10> (XLXI_29/Mcompar_cnt1k_cmp_gt0000_lut<10>)
     MUXCY:S->O            1   0.464   0.000  XLXI_29/Mcompar_cnt1k_cmp_gt0000_cy<10> (XLXI_29/Mcompar_cnt1k_cmp_gt0000_cy<10>)
     MUXCY:CI->O          34   0.059   1.342  XLXI_29/Mcompar_cnt1k_cmp_gt0000_cy<11> (XLXI_29/Mcompar_cnt1k_cmp_gt0000_cy<11>)
     LUT2:I1->O            1   0.704   0.000  XLXI_29/Mcount_cnt1k_lut<0> (XLXI_29/Mcount_cnt1k_lut<0>)
     MUXCY:S->O            1   0.464   0.000  XLXI_29/Mcount_cnt1k_cy<0> (XLXI_29/Mcount_cnt1k_cy<0>)
     MUXCY:CI->O           1   0.059   0.000  XLXI_29/Mcount_cnt1k_cy<1> (XLXI_29/Mcount_cnt1k_cy<1>)
     MUXCY:CI->O           1   0.059   0.000  XLXI_29/Mcount_cnt1k_cy<2> (XLXI_29/Mcount_cnt1k_cy<2>)
     MUXCY:CI->O           1   0.059   0.000  XLXI_29/Mcount_cnt1k_cy<3> (XLXI_29/Mcount_cnt1k_cy<3>)
     MUXCY:CI->O           1   0.059   0.000  XLXI_29/Mcount_cnt1k_cy<4> (XLXI_29/Mcount_cnt1k_cy<4>)
     MUXCY:CI->O           1   0.059   0.000  XLXI_29/Mcount_cnt1k_cy<5> (XLXI_29/Mcount_cnt1k_cy<5>)
     MUXCY:CI->O           1   0.059   0.000  XLXI_29/Mcount_cnt1k_cy<6> (XLXI_29/Mcount_cnt1k_cy<6>)
     MUXCY:CI->O           1   0.059   0.000  XLXI_29/Mcount_cnt1k_cy<7> (XLXI_29/Mcount_cnt1k_cy<7>)
     MUXCY:CI->O           1   0.059   0.000  XLXI_29/Mcount_cnt1k_cy<8> (XLXI_29/Mcount_cnt1k_cy<8>)
     MUXCY:CI->O           1   0.059   0.000  XLXI_29/Mcount_cnt1k_cy<9> (XLXI_29/Mcount_cnt1k_cy<9>)
     MUXCY:CI->O           1   0.059   0.000  XLXI_29/Mcount_cnt1k_cy<10> (XLXI_29/Mcount_cnt1k_cy<10>)
     MUXCY:CI->O           1   0.059   0.000  XLXI_29/Mcount_cnt1k_cy<11> (XLXI_29/Mcount_cnt1k_cy<11>)
     MUXCY:CI->O           1   0.059   0.000  XLXI_29/Mcount_cnt1k_cy<12> (XLXI_29/Mcount_cnt1k_cy<12>)
     MUXCY:CI->O           1   0.059   0.000  XLXI_29/Mcount_cnt1k_cy<13> (XLXI_29/Mcount_cnt1k_cy<13>)
     MUXCY:CI->O           1   0.059   0.000  XLXI_29/Mcount_cnt1k_cy<14> (XLXI_29/Mcount_cnt1k_cy<14>)
     MUXCY:CI->O           1   0.059   0.000  XLXI_29/Mcount_cnt1k_cy<15> (XLXI_29/Mcount_cnt1k_cy<15>)
     MUXCY:CI->O           1   0.059   0.000  XLXI_29/Mcount_cnt1k_cy<16> (XLXI_29/Mcount_cnt1k_cy<16>)
     MUXCY:CI->O           1   0.059   0.000  XLXI_29/Mcount_cnt1k_cy<17> (XLXI_29/Mcount_cnt1k_cy<17>)
     MUXCY:CI->O           1   0.059   0.000  XLXI_29/Mcount_cnt1k_cy<18> (XLXI_29/Mcount_cnt1k_cy<18>)
     MUXCY:CI->O           1   0.059   0.000  XLXI_29/Mcount_cnt1k_cy<19> (XLXI_29/Mcount_cnt1k_cy<19>)
     MUXCY:CI->O           1   0.059   0.000  XLXI_29/Mcount_cnt1k_cy<20> (XLXI_29/Mcount_cnt1k_cy<20>)
     MUXCY:CI->O           1   0.059   0.000  XLXI_29/Mcount_cnt1k_cy<21> (XLXI_29/Mcount_cnt1k_cy<21>)
     MUXCY:CI->O           1   0.059   0.000  XLXI_29/Mcount_cnt1k_cy<22> (XLXI_29/Mcount_cnt1k_cy<22>)
     MUXCY:CI->O           1   0.059   0.000  XLXI_29/Mcount_cnt1k_cy<23> (XLXI_29/Mcount_cnt1k_cy<23>)
     MUXCY:CI->O           1   0.059   0.000  XLXI_29/Mcount_cnt1k_cy<24> (XLXI_29/Mcount_cnt1k_cy<24>)
     MUXCY:CI->O           1   0.059   0.000  XLXI_29/Mcount_cnt1k_cy<25> (XLXI_29/Mcount_cnt1k_cy<25>)
     MUXCY:CI->O           1   0.059   0.000  XLXI_29/Mcount_cnt1k_cy<26> (XLXI_29/Mcount_cnt1k_cy<26>)
     MUXCY:CI->O           1   0.059   0.000  XLXI_29/Mcount_cnt1k_cy<27> (XLXI_29/Mcount_cnt1k_cy<27>)
     MUXCY:CI->O           1   0.059   0.000  XLXI_29/Mcount_cnt1k_cy<28> (XLXI_29/Mcount_cnt1k_cy<28>)
     MUXCY:CI->O           1   0.059   0.000  XLXI_29/Mcount_cnt1k_cy<29> (XLXI_29/Mcount_cnt1k_cy<29>)
     MUXCY:CI->O           0   0.059   0.000  XLXI_29/Mcount_cnt1k_cy<30> (XLXI_29/Mcount_cnt1k_cy<30>)
     XORCY:CI->O           1   0.804   0.000  XLXI_29/Mcount_cnt1k_xor<31> (XLXI_29/Mcount_cnt1k31)
     FDE:D                     0.308          XLXI_29/cnt1k_31
    ----------------------------------------
    Total                     11.992ns (9.433ns logic, 2.559ns route)
                                       (78.7% logic, 21.3% route)

=========================================================================
Timing constraint: Default period analysis for Clock 'XLXI_29/clk_1k1'
  Clock period: 11.992ns (frequency: 83.390MHz)
  Total number of paths / destination ports: 314689 / 34
-------------------------------------------------------------------------
Delay:               11.992ns (Levels of Logic = 66)
  Source:            XLXI_29/cnt1_1 (FF)
  Destination:       XLXI_29/cnt1_31 (FF)
  Source Clock:      XLXI_29/clk_1k1 rising
  Destination Clock: XLXI_29/clk_1k1 rising

  Data Path: XLXI_29/cnt1_1 to XLXI_29/cnt1_31
                                Gate     Net
    Cell:in->out      fanout   Delay   Delay  Logical Name (Net Name)
    ----------------------------------------  ------------
     FDE:C->Q              2   0.591   0.622  XLXI_29/cnt1_1 (XLXI_29/cnt1_1)
     LUT1:I0->O            1   0.704   0.000  XLXI_29/Madd_clk_1_add0000_cy<1>_rt (XLXI_29/Madd_clk_1_add0000_cy<1>_rt)
     MUXCY:S->O            1   0.464   0.000  XLXI_29/Madd_clk_1_add0000_cy<1> (XLXI_29/Madd_clk_1_add0000_cy<1>)
     MUXCY:CI->O           1   0.059   0.000  XLXI_29/Madd_clk_1_add0000_cy<2> (XLXI_29/Madd_clk_1_add0000_cy<2>)
     MUXCY:CI->O           1   0.059   0.000  XLXI_29/Madd_clk_1_add0000_cy<3> (XLXI_29/Madd_clk_1_add0000_cy<3>)
     MUXCY:CI->O           1   0.059   0.000  XLXI_29/Madd_clk_1_add0000_cy<4> (XLXI_29/Madd_clk_1_add0000_cy<4>)
     MUXCY:CI->O           1   0.059   0.000  XLXI_29/Madd_clk_1_add0000_cy<5> (XLXI_29/Madd_clk_1_add0000_cy<5>)
     MUXCY:CI->O           1   0.059   0.000  XLXI_29/Madd_clk_1_add0000_cy<6> (XLXI_29/Madd_clk_1_add0000_cy<6>)
     MUXCY:CI->O           1   0.059   0.000  XLXI_29/Madd_clk_1_add0000_cy<7> (XLXI_29/Madd_clk_1_add0000_cy<7>)
     MUXCY:CI->O           1   0.059   0.000  XLXI_29/Madd_clk_1_add0000_cy<8> (XLXI_29/Madd_clk_1_add0000_cy<8>)
     MUXCY:CI->O           1   0.059   0.000  XLXI_29/Madd_clk_1_add0000_cy<9> (XLXI_29/Madd_clk_1_add0000_cy<9>)
     MUXCY:CI->O           1   0.059   0.000  XLXI_29/Madd_clk_1_add0000_cy<10> (XLXI_29/Madd_clk_1_add0000_cy<10>)
     MUXCY:CI->O           1   0.059   0.000  XLXI_29/Madd_clk_1_add0000_cy<11> (XLXI_29/Madd_clk_1_add0000_cy<11>)
     MUXCY:CI->O           1   0.059   0.000  XLXI_29/Madd_clk_1_add0000_cy<12> (XLXI_29/Madd_clk_1_add0000_cy<12>)
     MUXCY:CI->O           1   0.059   0.000  XLXI_29/Madd_clk_1_add0000_cy<13> (XLXI_29/Madd_clk_1_add0000_cy<13>)
     MUXCY:CI->O           1   0.059   0.000  XLXI_29/Madd_clk_1_add0000_cy<14> (XLXI_29/Madd_clk_1_add0000_cy<14>)
     MUXCY:CI->O           1   0.059   0.000  XLXI_29/Madd_clk_1_add0000_cy<15> (XLXI_29/Madd_clk_1_add0000_cy<15>)
     MUXCY:CI->O           1   0.059   0.000  XLXI_29/Madd_clk_1_add0000_cy<16> (XLXI_29/Madd_clk_1_add0000_cy<16>)
     MUXCY:CI->O           1   0.059   0.000  XLXI_29/Madd_clk_1_add0000_cy<17> (XLXI_29/Madd_clk_1_add0000_cy<17>)
     MUXCY:CI->O           1   0.059   0.000  XLXI_29/Madd_clk_1_add0000_cy<18> (XLXI_29/Madd_clk_1_add0000_cy<18>)
     MUXCY:CI->O           1   0.059   0.000  XLXI_29/Madd_clk_1_add0000_cy<19> (XLXI_29/Madd_clk_1_add0000_cy<19>)
     MUXCY:CI->O           1   0.059   0.000  XLXI_29/Madd_clk_1_add0000_cy<20> (XLXI_29/Madd_clk_1_add0000_cy<20>)
     MUXCY:CI->O           1   0.059   0.000  XLXI_29/Madd_clk_1_add0000_cy<21> (XLXI_29/Madd_clk_1_add0000_cy<21>)
     MUXCY:CI->O           1   0.059   0.000  XLXI_29/Madd_clk_1_add0000_cy<22> (XLXI_29/Madd_clk_1_add0000_cy<22>)
     MUXCY:CI->O           1   0.059   0.000  XLXI_29/Madd_clk_1_add0000_cy<23> (XLXI_29/Madd_clk_1_add0000_cy<23>)
     MUXCY:CI->O           1   0.059   0.000  XLXI_29/Madd_clk_1_add0000_cy<24> (XLXI_29/Madd_clk_1_add0000_cy<24>)
     MUXCY:CI->O           1   0.059   0.000  XLXI_29/Madd_clk_1_add0000_cy<25> (XLXI_29/Madd_clk_1_add0000_cy<25>)
     MUXCY:CI->O           1   0.059   0.000  XLXI_29/Madd_clk_1_add0000_cy<26> (XLXI_29/Madd_clk_1_add0000_cy<26>)
     MUXCY:CI->O           1   0.059   0.000  XLXI_29/Madd_clk_1_add0000_cy<27> (XLXI_29/Madd_clk_1_add0000_cy<27>)
     MUXCY:CI->O           1   0.059   0.000  XLXI_29/Madd_clk_1_add0000_cy<28> (XLXI_29/Madd_clk_1_add0000_cy<28>)
     XORCY:CI->O           1   0.804   0.595  XLXI_29/Madd_clk_1_add0000_xor<29> (XLXI_29/clk_1_add0000<29>)
     LUT2:I0->O            1   0.704   0.000  XLXI_29/Mcompar_cnt1_cmp_gt0000_lut<10> (XLXI_29/Mcompar_cnt1_cmp_gt0000_lut<10>)
     MUXCY:S->O            1   0.464   0.000  XLXI_29/Mcompar_cnt1_cmp_gt0000_cy<10> (XLXI_29/Mcompar_cnt1_cmp_gt0000_cy<10>)
     MUXCY:CI->O          34   0.059   1.342  XLXI_29/Mcompar_cnt1_cmp_gt0000_cy<11> (XLXI_29/Mcompar_cnt1_cmp_gt0000_cy<11>)
     LUT2:I1->O            1   0.704   0.000  XLXI_29/Mcount_cnt1_lut<0> (XLXI_29/Mcount_cnt1_lut<0>)
     MUXCY:S->O            1   0.464   0.000  XLXI_29/Mcount_cnt1_cy<0> (XLXI_29/Mcount_cnt1_cy<0>)
     MUXCY:CI->O           1   0.059   0.000  XLXI_29/Mcount_cnt1_cy<1> (XLXI_29/Mcount_cnt1_cy<1>)
     MUXCY:CI->O           1   0.059   0.000  XLXI_29/Mcount_cnt1_cy<2> (XLXI_29/Mcount_cnt1_cy<2>)
     MUXCY:CI->O           1   0.059   0.000  XLXI_29/Mcount_cnt1_cy<3> (XLXI_29/Mcount_cnt1_cy<3>)
     MUXCY:CI->O           1   0.059   0.000  XLXI_29/Mcount_cnt1_cy<4> (XLXI_29/Mcount_cnt1_cy<4>)
     MUXCY:CI->O           1   0.059   0.000  XLXI_29/Mcount_cnt1_cy<5> (XLXI_29/Mcount_cnt1_cy<5>)
     MUXCY:CI->O           1   0.059   0.000  XLXI_29/Mcount_cnt1_cy<6> (XLXI_29/Mcount_cnt1_cy<6>)
     MUXCY:CI->O           1   0.059   0.000  XLXI_29/Mcount_cnt1_cy<7> (XLXI_29/Mcount_cnt1_cy<7>)
     MUXCY:CI->O           1   0.059   0.000  XLXI_29/Mcount_cnt1_cy<8> (XLXI_29/Mcount_cnt1_cy<8>)
     MUXCY:CI->O           1   0.059   0.000  XLXI_29/Mcount_cnt1_cy<9> (XLXI_29/Mcount_cnt1_cy<9>)
     MUXCY:CI->O           1   0.059   0.000  XLXI_29/Mcount_cnt1_cy<10> (XLXI_29/Mcount_cnt1_cy<10>)
     MUXCY:CI->O           1   0.059   0.000  XLXI_29/Mcount_cnt1_cy<11> (XLXI_29/Mcount_cnt1_cy<11>)
     MUXCY:CI->O           1   0.059   0.000  XLXI_29/Mcount_cnt1_cy<12> (XLXI_29/Mcount_cnt1_cy<12>)
     MUXCY:CI->O           1   0.059   0.000  XLXI_29/Mcount_cnt1_cy<13> (XLXI_29/Mcount_cnt1_cy<13>)
     MUXCY:CI->O           1   0.059   0.000  XLXI_29/Mcount_cnt1_cy<14> (XLXI_29/Mcount_cnt1_cy<14>)
     MUXCY:CI->O           1   0.059   0.000  XLXI_29/Mcount_cnt1_cy<15> (XLXI_29/Mcount_cnt1_cy<15>)
     MUXCY:CI->O           1   0.059   0.000  XLXI_29/Mcount_cnt1_cy<16> (XLXI_29/Mcount_cnt1_cy<16>)
     MUXCY:CI->O           1   0.059   0.000  XLXI_29/Mcount_cnt1_cy<17> (XLXI_29/Mcount_cnt1_cy<17>)
     MUXCY:CI->O           1   0.059   0.000  XLXI_29/Mcount_cnt1_cy<18> (XLXI_29/Mcount_cnt1_cy<18>)
     MUXCY:CI->O           1   0.059   0.000  XLXI_29/Mcount_cnt1_cy<19> (XLXI_29/Mcount_cnt1_cy<19>)
     MUXCY:CI->O           1   0.059   0.000  XLXI_29/Mcount_cnt1_cy<20> (XLXI_29/Mcount_cnt1_cy<20>)
     MUXCY:CI->O           1   0.059   0.000  XLXI_29/Mcount_cnt1_cy<21> (XLXI_29/Mcount_cnt1_cy<21>)
     MUXCY:CI->O           1   0.059   0.000  XLXI_29/Mcount_cnt1_cy<22> (XLXI_29/Mcount_cnt1_cy<22>)
     MUXCY:CI->O           1   0.059   0.000  XLXI_29/Mcount_cnt1_cy<23> (XLXI_29/Mcount_cnt1_cy<23>)
     MUXCY:CI->O           1   0.059   0.000  XLXI_29/Mcount_cnt1_cy<24> (XLXI_29/Mcount_cnt1_cy<24>)
     MUXCY:CI->O           1   0.059   0.000  XLXI_29/Mcount_cnt1_cy<25> (XLXI_29/Mcount_cnt1_cy<25>)
     MUXCY:CI->O           1   0.059   0.000  XLXI_29/Mcount_cnt1_cy<26> (XLXI_29/Mcount_cnt1_cy<26>)
     MUXCY:CI->O           1   0.059   0.000  XLXI_29/Mcount_cnt1_cy<27> (XLXI_29/Mcount_cnt1_cy<27>)
     MUXCY:CI->O           1   0.059   0.000  XLXI_29/Mcount_cnt1_cy<28> (XLXI_29/Mcount_cnt1_cy<28>)
     MUXCY:CI->O           1   0.059   0.000  XLXI_29/Mcount_cnt1_cy<29> (XLXI_29/Mcount_cnt1_cy<29>)
     MUXCY:CI->O           0   0.059   0.000  XLXI_29/Mcount_cnt1_cy<30> (XLXI_29/Mcount_cnt1_cy<30>)
     XORCY:CI->O           1   0.804   0.000  XLXI_29/Mcount_cnt1_xor<31> (XLXI_29/Mcount_cnt131)
     FDE:D                     0.308          XLXI_29/cnt1_31
    ----------------------------------------
    Total                     11.992ns (9.433ns logic, 2.559ns route)
                                       (78.7% logic, 21.3% route)

=========================================================================
Timing constraint: Default period analysis for Clock 'N0'
  Clock period: 3.594ns (frequency: 278.242MHz)
  Total number of paths / destination ports: 2 / 1
-------------------------------------------------------------------------
Delay:               3.594ns (Levels of Logic = 2)
  Source:            XLXI_1/I_36_32 (FF)
  Destination:       XLXI_1/I_36_32 (FF)
  Source Clock:      N0 rising
  Destination Clock: N0 rising

  Data Path: XLXI_1/I_36_32 to XLXI_1/I_36_32
                                Gate     Net
    Cell:in->out      fanout   Delay   Delay  Logical Name (Net Name)
    ----------------------------------------  ------------
     FDC:C->Q              2   0.591   0.447  I_36_32 (Q)
     AND3B2:I2->O          1   0.704   0.420  I_36_37 (A0)
     OR3:I2->O             1   0.704   0.420  I_36_41 (AD)
     FDC:D                     0.308          I_36_32
    ----------------------------------------
    Total                      3.594ns (2.307ns logic, 1.287ns route)
                                       (64.2% logic, 35.8% route)

=========================================================================
Timing constraint: Default period analysis for Clock 'XLXI_13/Q'
  Clock period: 3.780ns (frequency: 264.550MHz)
  Total number of paths / destination ports: 3 / 2
-------------------------------------------------------------------------
Delay:               3.780ns (Levels of Logic = 2)
  Source:            XLXI_12/I_36_32 (FF)
  Destination:       XLXI_12/I_36_32 (FF)
  Source Clock:      XLXI_13/Q rising
  Destination Clock: XLXI_13/Q rising

  Data Path: XLXI_12/I_36_32 to XLXI_12/I_36_32
                                Gate     Net
    Cell:in->out      fanout   Delay   Delay  Logical Name (Net Name)
    ----------------------------------------  ------------
     FDCE:C->Q             5   0.591   0.633  I_36_32 (Q)
     AND3B2:I2->O          1   0.704   0.420  I_36_37 (A0)
     OR3:I2->O             1   0.704   0.420  I_36_41 (AD)
     FDCE:D                    0.308          I_36_32
    ----------------------------------------
    Total                      3.780ns (2.307ns logic, 1.473ns route)
                                       (61.0% logic, 39.0% route)

=========================================================================
Timing constraint: Default period analysis for Clock 'XLXI_12/Q'
  Clock period: 4.092ns (frequency: 244.379MHz)
  Total number of paths / destination ports: 3 / 2
-------------------------------------------------------------------------
Delay:               4.092ns (Levels of Logic = 3)
  Source:            XLXI_15/I_36_32 (FF)
  Destination:       XLXI_15/I_36_32 (FF)
  Source Clock:      XLXI_12/Q rising
  Destination Clock: XLXI_12/Q rising

  Data Path: XLXI_15/I_36_32 to XLXI_15/I_36_32
                                Gate     Net
    Cell:in->out      fanout   Delay   Delay  Logical Name (Net Name)
    ----------------------------------------  ------------
     FDPE:C->Q             4   0.591   0.587  I_36_32 (Q)
     end scope: 'XLXI_15'
     INV:I->O              1   0.704   0.420  XLXI_7 (XLXN_64)
     NAND3:I0->O           3   0.704   0.531  XLXI_31 (XLXN_69)
     begin scope: 'XLXI_15'
     FDPE:CE                   0.555          I_36_32
    ----------------------------------------
    Total                      4.092ns (2.554ns logic, 1.538ns route)
                                       (62.4% logic, 37.6% route)

=========================================================================
Timing constraint: Default period analysis for Clock 'XLXI_29/clk_1'
  Clock period: 4.138ns (frequency: 241.663MHz)
  Total number of paths / destination ports: 3 / 2
-------------------------------------------------------------------------
Delay:               4.138ns (Levels of Logic = 3)
  Source:            XLXI_13/I_36_32 (FF)
  Destination:       XLXI_13/I_36_32 (FF)
  Source Clock:      XLXI_29/clk_1 rising
  Destination Clock: XLXI_29/clk_1 rising

  Data Path: XLXI_13/I_36_32 to XLXI_13/I_36_32
                                Gate     Net
    Cell:in->out      fanout   Delay   Delay  Logical Name (Net Name)
    ----------------------------------------  ------------
     FDPE:C->Q             5   0.591   0.633  I_36_32 (Q)
     end scope: 'XLXI_13'
     INV:I->O              1   0.704   0.420  XLXI_8 (XLXN_65)
     NAND3:I2->O           3   0.704   0.531  XLXI_31 (XLXN_69)
     begin scope: 'XLXI_13'
     FDPE:CE                   0.555          I_36_32
    ----------------------------------------
    Total                      4.138ns (2.554ns logic, 1.584ns route)
                                       (61.7% logic, 38.3% route)

=========================================================================
Timing constraint: Default OFFSET OUT AFTER for Clock 'XLXI_29/clk_1'
  Total number of paths / destination ports: 1 / 1
-------------------------------------------------------------------------
Offset:              4.496ns (Levels of Logic = 2)
  Source:            XLXI_13/I_36_32 (FF)
  Destination:       Q1 (PAD)
  Source Clock:      XLXI_29/clk_1 rising

  Data Path: XLXI_13/I_36_32 to Q1
                                Gate     Net
    Cell:in->out      fanout   Delay   Delay  Logical Name (Net Name)
    ----------------------------------------  ------------
     FDPE:C->Q             5   0.591   0.633  I_36_32 (Q)
     end scope: 'XLXI_13'
     OBUF:I->O                 3.272          Q1_OBUF (Q1)
    ----------------------------------------
    Total                      4.496ns (3.863ns logic, 0.633ns route)
                                       (85.9% logic, 14.1% route)

=========================================================================
Timing constraint: Default OFFSET OUT AFTER for Clock 'XLXI_13/Q'
  Total number of paths / destination ports: 1 / 1
-------------------------------------------------------------------------
Offset:              4.496ns (Levels of Logic = 2)
  Source:            XLXI_12/I_36_32 (FF)
  Destination:       Q2 (PAD)
  Source Clock:      XLXI_13/Q rising

  Data Path: XLXI_12/I_36_32 to Q2
                                Gate     Net
    Cell:in->out      fanout   Delay   Delay  Logical Name (Net Name)
    ----------------------------------------  ------------
     FDCE:C->Q             5   0.591   0.633  I_36_32 (Q)
     end scope: 'XLXI_12'
     OBUF:I->O                 3.272          Q2_OBUF (Q2)
    ----------------------------------------
    Total                      4.496ns (3.863ns logic, 0.633ns route)
                                       (85.9% logic, 14.1% route)

=========================================================================
Timing constraint: Default OFFSET OUT AFTER for Clock 'XLXI_12/Q'
  Total number of paths / destination ports: 1 / 1
-------------------------------------------------------------------------
Offset:              4.450ns (Levels of Logic = 2)
  Source:            XLXI_15/I_36_32 (FF)
  Destination:       Q3 (PAD)
  Source Clock:      XLXI_12/Q rising

  Data Path: XLXI_15/I_36_32 to Q3
                                Gate     Net
    Cell:in->out      fanout   Delay   Delay  Logical Name (Net Name)
    ----------------------------------------  ------------
     FDPE:C->Q             4   0.591   0.587  I_36_32 (Q)
     end scope: 'XLXI_15'
     OBUF:I->O                 3.272          Q3_OBUF (Q3)
    ----------------------------------------
    Total                      4.450ns (3.863ns logic, 0.587ns route)
                                       (86.8% logic, 13.2% route)

=========================================================================
Timing constraint: Default OFFSET OUT AFTER for Clock 'XLXI_29/clk_1k1'
  Total number of paths / destination ports: 1 / 1
-------------------------------------------------------------------------
Offset:              4.394ns (Levels of Logic = 1)
  Source:            XLXI_29/clk_1 (FF)
  Destination:       clkOut (PAD)
  Source Clock:      XLXI_29/clk_1k1 rising

  Data Path: XLXI_29/clk_1 to clkOut
                                Gate     Net
    Cell:in->out      fanout   Delay   Delay  Logical Name (Net Name)
    ----------------------------------------  ------------
     FDE:C->Q              3   0.591   0.531  XLXI_29/clk_1 (XLXI_29/clk_1)
     OBUF:I->O                 3.272          clkOut_OBUF (clkOut)
    ----------------------------------------
    Total                      4.394ns (3.863ns logic, 0.531ns route)
                                       (87.9% logic, 12.1% route)

=========================================================================


Total REAL time to Xst completion: 4.00 secs
Total CPU time to Xst completion: 4.51 secs
 
--> 

Total memory usage is 286520 kilobytes

Number of errors   :    0 (   0 filtered)
Number of warnings :   49 (   0 filtered)
Number of infos    :    1 (   0 filtered)

