Command line:
   example1_example1_sch_tb_isim_beh.exe
     -simmode  gui
     -simrunnum  0
     -socket  49453

Tue Sep 19 13:44:13 2017


 Elaboration Time: 0.0156 sec

 Current Memory Usage: 666.513 Meg

 Total Signals          : 40
 Total Nets             : 30
 Total Signal Drivers   : 5
 Total Blocks           : 7
 Total Primitive Blocks : 5
 Total Processes        : 3
 Total Traceable Variables  : 13
 Total Scalar Nets and Variables : 513
Total Line Count : 35

 Total Simulation Time: 0.078001 sec

 Current Memory Usage: 981.086 Meg

Tue Sep 19 13:44:51 2017

