#-----------------------------------------------------------
# PlanAhead v14.7 (64-bit)
# Build 321239 by xbuild on Fri Sep 27 19:29:51 MDT 2013
# Start of session at: Tue Sep 26 14:46:17 2017
# Process ID: 7304
# Log file: C:/Users/Big D/Documents/CSUSM/PHYS301/Lab 5/Experiment2/planAhead_run_4/planAhead.log
# Journal file: C:/Users/Big D/Documents/CSUSM/PHYS301/Lab 5/Experiment2/planAhead_run_4/planAhead.jou
#-----------------------------------------------------------
INFO: [Common 17-78] Attempting to get a license: PlanAhead
INFO: [Common 17-290] Got license for PlanAhead
INFO: [Common 17-86] Your PlanAhead license expires in -1426 day(s)
INFO: [Device 21-36] Loading parts and site information from C:/Xilinx/14.7/ISE_DS/PlanAhead/data/parts/arch.xml
Parsing RTL primitives file [C:/Xilinx/14.7/ISE_DS/PlanAhead/data/parts/xilinx/rtl/prims/rtl_prims.xml]
Finished parsing RTL primitives file [C:/Xilinx/14.7/ISE_DS/PlanAhead/data/parts/xilinx/rtl/prims/rtl_prims.xml]
start_gui
source {C:/Users/Big D/Documents/CSUSM/PHYS301/Lab 5/Experiment2/pa.fromNetlist.tcl}
# create_project -name Experiment2 -dir "C:/Users/Big D/Documents/CSUSM/PHYS301/Lab 5/Experiment2/planAhead_run_4" -part xc3s100ecp132-4
# set_property design_mode GateLvl [get_property srcset [current_run -impl]]
# set_property edif_top_file "C:/Users/Big D/Documents/CSUSM/PHYS301/Lab 5/Experiment2/PFA.ngc" [ get_property srcset [ current_run ] ]
# add_files -norecurse { {C:/Users/Big D/Documents/CSUSM/PHYS301/Lab 5/Experiment2} }
# set_param project.pinAheadLayout  yes
# set_property target_constrs_file "PFA.ucf" [current_fileset -constrset]
Adding file 'C:/Users/Big D/Documents/CSUSM/PHYS301/Lab 5/Experiment2/PFA.ucf' to fileset 'constrs_1'
# add_files [list {PFA.ucf}] -fileset [get_property constrset [current_run]]
# link_design
Design is defaulting to srcset: sources_1
Design is defaulting to constrset: constrs_1
Design is defaulting to project part: xc3s100ecp132-4
Release 14.7 - ngc2edif P.20131013 (nt64)
Copyright (c) 1995-2013 Xilinx, Inc.  All rights reserved.
Reading design PFA.ngc ...
WARNING:NetListWriters:298 - No output is written to PFA.xncf, ignored.
Processing design ...
   Preping design's networks ...
   Preping design's macros ...
  finished :Prep
Writing EDIF netlist file PFA.edif ...
ngc2edif: Total memory usage is 79008 kilobytes

Parsing EDIF File [./planAhead_run_4/Experiment2.data/cache/PFA_ngc_zx.edif]
Finished Parsing EDIF File [./planAhead_run_4/Experiment2.data/cache/PFA_ngc_zx.edif]
INFO: [Designutils 20-910] Reading macro library C:/Xilinx/14.7/ISE_DS/PlanAhead/data\./parts/xilinx/spartan3e/spartan3e/hd_int_macros.edn
Parsing EDIF File [C:/Xilinx/14.7/ISE_DS/PlanAhead/data\./parts/xilinx/spartan3e/spartan3e/hd_int_macros.edn]
Finished Parsing EDIF File [C:/Xilinx/14.7/ISE_DS/PlanAhead/data\./parts/xilinx/spartan3e/spartan3e/hd_int_macros.edn]
Loading clock regions from C:/Xilinx/14.7/ISE_DS/PlanAhead/data\parts/xilinx/spartan3e/spartan3e/xc3s100e/ClockRegion.xml
Loading clock buffers from C:/Xilinx/14.7/ISE_DS/PlanAhead/data\parts/xilinx/spartan3e/spartan3e/xc3s100e/ClockBuffers.xml
Loading package from C:/Xilinx/14.7/ISE_DS/PlanAhead/data\parts/xilinx/spartan3e/spartan3e/xc3s100e/cp132/Package.xml
Loading io standards from C:/Xilinx/14.7/ISE_DS/PlanAhead/data\./parts/xilinx/spartan3e/IOStandards.xml
INFO: [Device 21-19] Loading pkg sso from C:/Xilinx/14.7/ISE_DS/PlanAhead/data\parts/xilinx/spartan3e/spartan3e/xc3s100e/cp132/SSORules.xml
Loading list of drcs for the architecture : C:/Xilinx/14.7/ISE_DS/PlanAhead/data\./parts/xilinx/spartan3e/spartan3e/drc.xml
INFO: [Timing 38-77] Reading timing library C:/Xilinx/14.7/ISE_DS/PlanAhead/data\parts/xilinx/spartan3e/spartan3e/spartan3e-4.lib.
INFO: [Timing 38-34] Done reading timing library C:/Xilinx/14.7/ISE_DS/PlanAhead/data\parts/xilinx/spartan3e/spartan3e/spartan3e-4.lib.
Parsing UCF File [C:/Users/Big D/Documents/CSUSM/PHYS301/Lab 5/Experiment2/PFA.ucf]
Finished Parsing UCF File [C:/Users/Big D/Documents/CSUSM/PHYS301/Lab 5/Experiment2/PFA.ucf]
INFO: [Project 1-111] Unisim Transformation Summary:
No Unisim elements were transformed.

Phase 0 | Netlist Checksum: 55007c0d
link_design: Time (s): elapsed = 00:00:05 . Memory (MB): peak = 561.109 ; gain = 112.039
startgroup
set_property package_pin N5 [get_ports C]
endgroup
save_constraints
