--------------------------------------------------------------------------------
Release 14.7 Trace  (nt64)
Copyright (c) 1995-2013 Xilinx, Inc.  All rights reserved.

C:\Xilinx\14.7\ISE_DS\ISE\bin\nt64\unwrapped\trce.exe -intstyle ise -v 3 -s 4
-n 3 -fastpaths -xml PFA.twx PFA.ncd -o PFA.twr PFA.pcf -ucf PFA.ucf

Design file:              PFA.ncd
Physical constraint file: PFA.pcf
Device,package,speed:     xc3s100e,cp132,-4 (PRODUCTION 1.27 2013-10-13)
Report level:             verbose report

Environment Variable      Effect 
--------------------      ------ 
NONE                      No environment variables were set
--------------------------------------------------------------------------------

INFO:Timing:2698 - No timing constraints found, doing default enumeration.
INFO:Timing:3412 - To improve timing, see the Timing Closure User Guide (UG612).
INFO:Timing:2752 - To get complete path coverage, use the unconstrained paths 
   option. All paths that are not constrained will be reported in the 
   unconstrained paths section(s) of the report.
INFO:Timing:3339 - The clock-to-out numbers in this timing report are based on 
   a 50 Ohm transmission line loading model.  For the details of this model, 
   and for more information on accounting for different loading conditions, 
   please see the device datasheet.
INFO:Timing:3390 - This architecture does not support a default System Jitter 
   value, please add SYSTEM_JITTER constraint to the UCF to modify the Clock 
   Uncertainty calculation.
INFO:Timing:3389 - This architecture does not support 'Discrete Jitter' and 
   'Phase Error' calculations, these terms will be zero in the Clock 
   Uncertainty calculation.  Please make appropriate modification to 
   SYSTEM_JITTER to account for the unsupported Discrete Jitter and Phase 
   Error.



Data Sheet report:
-----------------
All values displayed in nanoseconds (ns)

Pad to Pad
---------------+---------------+---------+
Source Pad     |Destination Pad|  Delay  |
---------------+---------------+---------+
Ain<0>         |C              |   11.581|
Ain<0>         |NEG            |   12.290|
Ain<0>         |OVR            |   12.794|
Ain<0>         |Q0             |    7.430|
Ain<0>         |Q1             |    8.205|
Ain<0>         |Q2             |    9.264|
Ain<0>         |Q3             |   11.587|
Ain<1>         |C              |   10.386|
Ain<1>         |NEG            |   11.095|
Ain<1>         |OVR            |   11.599|
Ain<1>         |Q1             |    8.761|
Ain<1>         |Q2             |    8.648|
Ain<1>         |Q3             |   10.392|
Ain<2>         |C              |    9.358|
Ain<2>         |NEG            |   10.067|
Ain<2>         |OVR            |   10.571|
Ain<2>         |Q2             |    8.940|
Ain<2>         |Q3             |    9.364|
Ain<3>         |C              |    8.943|
Ain<3>         |NEG            |    9.652|
Ain<3>         |OVR            |   10.156|
Ain<3>         |Q3             |    8.009|
Bin<0>         |C              |   10.852|
Bin<0>         |NEG            |   11.561|
Bin<0>         |OVR            |   12.065|
Bin<0>         |Q0             |    7.692|
Bin<0>         |Q1             |    8.319|
Bin<0>         |Q2             |    8.535|
Bin<0>         |Q3             |   10.858|
Bin<1>         |C              |   12.184|
Bin<1>         |NEG            |   12.893|
Bin<1>         |OVR            |   13.397|
Bin<1>         |Q1             |    8.831|
Bin<1>         |Q2             |    8.880|
Bin<1>         |Q3             |   12.190|
Bin<2>         |C              |    9.373|
Bin<2>         |NEG            |   10.082|
Bin<2>         |OVR            |   10.586|
Bin<2>         |Q2             |    8.955|
Bin<2>         |Q3             |    9.379|
Bin<3>         |C              |    9.267|
Bin<3>         |NEG            |    9.976|
Bin<3>         |OVR            |   10.480|
Bin<3>         |Q3             |    8.368|
S              |C              |   11.778|
S              |NEG            |   12.487|
S              |OVR            |   12.991|
S              |Q1             |    8.763|
S              |Q2             |    9.530|
S              |Q3             |   11.784|
---------------+---------------+---------+


Analysis completed Tue Sep 26 14:47:06 2017 
--------------------------------------------------------------------------------

Trace Settings:
-------------------------
Trace Settings 

Peak Memory Usage: 149 MB



