#-----------------------------------------------------------
# PlanAhead v14.7 (64-bit)
# Build 321239 by xbuild on Fri Sep 27 19:29:51 MDT 2013
# Start of session at: Tue Oct 03 13:17:58 2017
# Process ID: 8440
# Log file: C:/Users/Big D/Documents/CSUSM/PHYS301/Lab 6/Experiment1/planAhead_run_5/planAhead.log
# Journal file: C:/Users/Big D/Documents/CSUSM/PHYS301/Lab 6/Experiment1/planAhead_run_5/planAhead.jou
#-----------------------------------------------------------
INFO: [Common 17-78] Attempting to get a license: PlanAhead
INFO: [Common 17-290] Got license for PlanAhead
INFO: [Common 17-86] Your PlanAhead license expires in -1433 day(s)
INFO: [Device 21-36] Loading parts and site information from C:/Xilinx/14.7/ISE_DS/PlanAhead/data/parts/arch.xml
Parsing RTL primitives file [C:/Xilinx/14.7/ISE_DS/PlanAhead/data/parts/xilinx/rtl/prims/rtl_prims.xml]
Finished parsing RTL primitives file [C:/Xilinx/14.7/ISE_DS/PlanAhead/data/parts/xilinx/rtl/prims/rtl_prims.xml]
start_gui
source {C:/Users/Big D/Documents/CSUSM/PHYS301/Lab 6/Experiment1/pa.fromNetlist.tcl}
# create_project -name Experiment1 -dir "C:/Users/Big D/Documents/CSUSM/PHYS301/Lab 6/Experiment1/planAhead_run_5" -part xc3s100ecp132-4
# set_property design_mode GateLvl [get_property srcset [current_run -impl]]
# set_property edif_top_file "C:/Users/Big D/Documents/CSUSM/PHYS301/Lab 6/Experiment1/experiment1.ngc" [ get_property srcset [ current_run ] ]
# add_files -norecurse { {C:/Users/Big D/Documents/CSUSM/PHYS301/Lab 6/Experiment1} }
# set_param project.pinAheadLayout  yes
# set_property target_constrs_file "experiment1.ucf" [current_fileset -constrset]
Adding file 'C:/Users/Big D/Documents/CSUSM/PHYS301/Lab 6/Experiment1/experiment1.ucf' to fileset 'constrs_1'
# add_files [list {experiment1.ucf}] -fileset [get_property constrset [current_run]]
# link_design
Design is defaulting to srcset: sources_1
Design is defaulting to constrset: constrs_1
Design is defaulting to project part: xc3s100ecp132-4
Release 14.7 - ngc2edif P.20131013 (nt64)
Copyright (c) 1995-2013 Xilinx, Inc.  All rights reserved.
Reading design experiment1.ngc ...
WARNING:NetListWriters:298 - No output is written to experiment1.xncf, ignored.
Processing design ...
   Preping design's networks ...
   Preping design's macros ...
WARNING:NetListWriters:306 - Signal bus Dout<13 : 1> on block experiment1 is not
   reconstructed, because there are some missing bus signals.
WARNING:NetListWriters:306 - Signal bus XLXI_30/Dout<6 : 3> on block experiment1
   is not reconstructed, because there are some missing bus signals.
  finished :Prep
Writing EDIF netlist file experiment1.edif ...
ngc2edif: Total memory usage is 79456 kilobytes

ERROR: [Designutils 20-396] Could not read top design file [C:/Users/Big D/Documents/CSUSM/PHYS301/Lab 6/Experiment1/experiment1.ngc] because this file does not exist

    while executing
"link_design"
    (file "C:/Users/Big D/Documents/CSUSM/PHYS301/Lab 6/Experiment1/pa.fromNetlist.tcl" line 11)
exit
ERROR: [PlanAhead 12-106] *** Exception: ui.h.b: Found deleted key in HTclEventBroker. Verify if the classes listed here call cleanup()
HTclEvent: SIGNAL_BUS_MODIFY   Classes: ui.views.aR 
HTclEvent: DEBUG_PORT_CONFIG_CHANGE   Classes: ui.views.aR 
HTclEvent: DEBUG_CORE_CONFIG_CHANGE   Classes: ui.views.aR 
HTclEvent: SIGNAL_MODIFY   Classes: ui.views.aR 
 (See C:/Users/Big D/Documents/CSUSM/PHYS301/Lab 6/Experiment1\planAhead_pid8440.debug)
ERROR: [Common 17-39] 'stop_gui' failed due to earlier errors.
INFO: [Common 17-206] Exiting PlanAhead at Tue Oct 03 13:18:43 2017...
INFO: [Common 17-83] Releasing license: PlanAhead
