Command line:
   dff01_dff01_sch_tb_isim_beh.exe
     -simmode  gui
     -simrunnum  0
     -socket  60068

Tue Oct 10 15:13:44 2017


 Elaboration Time: 0.0624 sec

 Current Memory Usage: 666.522 Meg

 Total Signals          : 29
 Total Nets             : 29
 Total Signal Drivers   : 2
 Total Blocks           : 4
 Total Primitive Blocks : 4
 Total Processes        : 1
 Total Traceable Variables  : 13
 Total Scalar Nets and Variables : 512
Total Line Count : 29

 Total Simulation Time: 0.0624 sec

 Current Memory Usage: 666.522 Meg

Tue Oct 10 15:19:11 2017

