
****** PlanAhead v14.7 (64-bit)
  **** Build 321239 by xbuild on Fri Sep 27 19:29:51 MDT 2013
    ** Copyright 1986-1999, 2001-2013 Xilinx, Inc. All Rights Reserved.

INFO: [Common 17-78] Attempting to get a license: PlanAhead
INFO: [Common 17-290] Got license for PlanAhead
INFO: [Common 17-86] Your PlanAhead license expires in -1503 day(s)
INFO: [Device 21-36] Loading parts and site information from C:/Xilinx/14.7/ISE_DS/PlanAhead/data/parts/arch.xml
Parsing RTL primitives file [C:/Xilinx/14.7/ISE_DS/PlanAhead/data/parts/xilinx/rtl/prims/rtl_prims.xml]
Finished parsing RTL primitives file [C:/Xilinx/14.7/ISE_DS/PlanAhead/data/parts/xilinx/rtl/prims/rtl_prims.xml]
start_gui
source {C:/Users/Big D/Documents/CSUSM/PHYS301/sandbox/pa.fromNetlist.tcl}
# create_project -name sandbox -dir "C:/Users/Big D/Documents/CSUSM/PHYS301/sandbox/planAhead_run_1" -part xc3s100ecp132-4
# set_property design_mode GateLvl [get_property srcset [current_run -impl]]
# set_property edif_top_file "C:/Users/Big D/Documents/CSUSM/PHYS301/sandbox/sandbox.ngc" [ get_property srcset [ current_run ] ]
# add_files -norecurse { {C:/Users/Big D/Documents/CSUSM/PHYS301/sandbox} }
# set_param project.pinAheadLayout  yes
# set_property target_constrs_file "sandbox.ucf" [current_fileset -constrset]
Adding file 'C:/Users/Big D/Documents/CSUSM/PHYS301/sandbox/sandbox.ucf' to fileset 'constrs_1'
# add_files [list {sandbox.ucf}] -fileset [get_property constrset [current_run]]
# link_design
Design is defaulting to srcset: sources_1
Design is defaulting to constrset: constrs_1
Design is defaulting to project part: xc3s100ecp132-4
Release 14.7 - ngc2edif P.20131013 (nt64)
Copyright (c) 1995-2013 Xilinx, Inc.  All rights reserved.
Reading design sandbox.ngc ...
WARNING:NetListWriters:298 - No output is written to sandbox.xncf, ignored.
Processing design ...
   Preping design's networks ...
   Preping design's macros ...
  finished :Prep
Writing EDIF netlist file sandbox.edif ...
ngc2edif: Total memory usage is 79264 kilobytes

Parsing EDIF File [./planAhead_run_1/sandbox.data/cache/sandbox_ngc_zx.edif]
Finished Parsing EDIF File [./planAhead_run_1/sandbox.data/cache/sandbox_ngc_zx.edif]
CRITICAL WARNING: [Designutils 20-1022] Could not resolve non-primitive black box cell 'FMAP' instantiated in module 'XLXI_16/I_36_16'.
Resolution: File names need to match cell names: an EDIF definition will be found in FMAP.edf; a HDL definition may be placed in any Verilog/VHDL file.
INFO: [Designutils 20-910] Reading macro library C:/Xilinx/14.7/ISE_DS/PlanAhead/data\./parts/xilinx/spartan3e/spartan3e/hd_int_macros.edn
Parsing EDIF File [C:/Xilinx/14.7/ISE_DS/PlanAhead/data\./parts/xilinx/spartan3e/spartan3e/hd_int_macros.edn]
Finished Parsing EDIF File [C:/Xilinx/14.7/ISE_DS/PlanAhead/data\./parts/xilinx/spartan3e/spartan3e/hd_int_macros.edn]
Loading clock regions from C:/Xilinx/14.7/ISE_DS/PlanAhead/data\parts/xilinx/spartan3e/spartan3e/xc3s100e/ClockRegion.xml
Loading clock buffers from C:/Xilinx/14.7/ISE_DS/PlanAhead/data\parts/xilinx/spartan3e/spartan3e/xc3s100e/ClockBuffers.xml
Loading package from C:/Xilinx/14.7/ISE_DS/PlanAhead/data\parts/xilinx/spartan3e/spartan3e/xc3s100e/cp132/Package.xml
Loading io standards from C:/Xilinx/14.7/ISE_DS/PlanAhead/data\./parts/xilinx/spartan3e/IOStandards.xml
INFO: [Device 21-19] Loading pkg sso from C:/Xilinx/14.7/ISE_DS/PlanAhead/data\parts/xilinx/spartan3e/spartan3e/xc3s100e/cp132/SSORules.xml
Loading list of drcs for the architecture : C:/Xilinx/14.7/ISE_DS/PlanAhead/data\./parts/xilinx/spartan3e/spartan3e/drc.xml
INFO: [Timing 38-77] Reading timing library C:/Xilinx/14.7/ISE_DS/PlanAhead/data\parts/xilinx/spartan3e/spartan3e/spartan3e-4.lib.
INFO: [Timing 38-34] Done reading timing library C:/Xilinx/14.7/ISE_DS/PlanAhead/data\parts/xilinx/spartan3e/spartan3e/spartan3e-4.lib.
Parsing UCF File [C:/Users/Big D/Documents/CSUSM/PHYS301/sandbox/sandbox.ucf]
CRITICAL WARNING: [Constraints 18-11] Could not find net or pin 'A0' [C:/Users/Big D/Documents/CSUSM/PHYS301/sandbox/sandbox.ucf:5]
CRITICAL WARNING: [Constraints 18-11] Could not find net or pin 'A1' [C:/Users/Big D/Documents/CSUSM/PHYS301/sandbox/sandbox.ucf:6]
CRITICAL WARNING: [Constraints 18-11] Could not find net or pin 'A2' [C:/Users/Big D/Documents/CSUSM/PHYS301/sandbox/sandbox.ucf:7]
CRITICAL WARNING: [Constraints 18-11] Could not find net or pin 'A3' [C:/Users/Big D/Documents/CSUSM/PHYS301/sandbox/sandbox.ucf:8]
Finished Parsing UCF File [C:/Users/Big D/Documents/CSUSM/PHYS301/sandbox/sandbox.ucf]
INFO: [Designutils 20-20] Invalid constraints found, use command 'write_ucf -constraints invalid <file>' to save all the invalid constraints to a file
INFO: [Project 1-111] Unisim Transformation Summary:
No Unisim elements were transformed.

Phase 0 | Netlist Checksum: b95ea413
link_design: Time (s): elapsed = 00:00:09 . Memory (MB): peak = 550.641 ; gain = 86.438
startgroup
set_property package_pin N3 [get_ports {NUHM_INPUT[7]}]
endgroup
startgroup
set_property package_pin E2 [get_ports {NUHM_INPUT[6]}]
endgroup
startgroup
set_property package_pin F3 [get_ports {NUHM_INPUT[5]}]
endgroup
startgroup
set_property package_pin G3 [get_ports {NUHM_INPUT[4]}]
endgroup
startgroup
set_property package_pin B4 [get_ports {NUHM_INPUT[3]}]
endgroup
startgroup
set_property package_pin K3 [get_ports {NUHM_INPUT[2]}]
endgroup
startgroup
set_property package_pin L3 [get_ports {NUHM_INPUT[1]}]
endgroup
startgroup
set_property package_pin P11 [get_ports {NUHM_INPUT[0]}]
endgroup
startgroup
set_property package_pin G1 [get_ports {RESULT[7]}]
endgroup
startgroup
set_property package_pin P4 [get_ports {RESULT[6]}]
endgroup
startgroup
set_property package_pin N4 [get_ports {RESULT[5]}]
endgroup
startgroup
set_property package_pin N5 [get_ports {RESULT[4]}]
endgroup
startgroup
set_property package_pin P6 [get_ports {RESULT[3]}]
endgroup
startgroup
set_property package_pin P7 [get_ports {RESULT[2]}]
endgroup
startgroup
set_property package_pin M11 [get_ports {RESULT[1]}]
endgroup
startgroup
set_property package_pin M5 [get_ports {RESULT[0]}]
endgroup
startgroup
set_property package_pin A7 [get_ports A]
endgroup
startgroup
set_property package_pin M4 [get_ports ADD_SUB]
endgroup
startgroup
set_property package_pin G12 [get_ports ADD_SUB]
endgroup
startgroup
set_property package_pin M4 [get_ports B]
endgroup
set_property package_pin "" [get_ports [list  {RESULT[1]}]]
set_property package_pin "" [get_ports [list  {RESULT[0]}]]
set_property package_pin "" [get_ports [list  {RESULT[1]}]]
startgroup
set_property package_pin M11 [get_ports CO]
endgroup
startgroup
set_property package_pin M5 [get_ports OFL]
endgroup
save_constraints
exit
ERROR: [Common 17-39] 'stop_gui' failed due to earlier errors.
INFO: [Common 17-206] Exiting PlanAhead at Tue Dec 12 13:55:11 2017...
INFO: [Common 17-83] Releasing license: PlanAhead
