--------------------------------------------------------------------------------
Release 14.7 Trace  (nt64)
Copyright (c) 1995-2013 Xilinx, Inc.  All rights reserved.

C:\Xilinx\14.7\ISE_DS\ISE\bin\nt64\unwrapped\trce.exe -intstyle ise -v 3 -s 4
-n 3 -fastpaths -xml PFA.twx PFA.ncd -o PFA.twr PFA.pcf -ucf PFA.ucf

Design file:              PFA.ncd
Physical constraint file: PFA.pcf
Device,package,speed:     xc3s100e,cp132,-4 (PRODUCTION 1.27 2013-10-13)
Report level:             verbose report

Environment Variable      Effect 
--------------------      ------ 
NONE                      No environment variables were set
--------------------------------------------------------------------------------

INFO:Timing:2698 - No timing constraints found, doing default enumeration.
INFO:Timing:3412 - To improve timing, see the Timing Closure User Guide (UG612).
INFO:Timing:2752 - To get complete path coverage, use the unconstrained paths 
   option. All paths that are not constrained will be reported in the 
   unconstrained paths section(s) of the report.
INFO:Timing:3339 - The clock-to-out numbers in this timing report are based on 
   a 50 Ohm transmission line loading model.  For the details of this model, 
   and for more information on accounting for different loading conditions, 
   please see the device datasheet.
INFO:Timing:3390 - This architecture does not support a default System Jitter 
   value, please add SYSTEM_JITTER constraint to the UCF to modify the Clock 
   Uncertainty calculation.
INFO:Timing:3389 - This architecture does not support 'Discrete Jitter' and 
   'Phase Error' calculations, these terms will be zero in the Clock 
   Uncertainty calculation.  Please make appropriate modification to 
   SYSTEM_JITTER to account for the unsupported Discrete Jitter and Phase 
   Error.



Data Sheet report:
-----------------
All values displayed in nanoseconds (ns)

Pad to Pad
---------------+---------------+---------+
Source Pad     |Destination Pad|  Delay  |
---------------+---------------+---------+
Ain<0>         |Co             |   15.889|
Ain<0>         |NEG            |   13.044|
Ain<0>         |OVR            |   12.186|
Ain<0>         |Q0             |    7.094|
Ain<0>         |Q1             |   15.690|
Ain<0>         |Q2             |   15.469|
Ain<0>         |Q3             |   16.386|
Ain<1>         |Co             |   14.811|
Ain<1>         |NEG            |   11.966|
Ain<1>         |OVR            |   11.108|
Ain<1>         |Q1             |   14.612|
Ain<1>         |Q2             |   14.391|
Ain<1>         |Q3             |   15.308|
Ain<2>         |Co             |   13.608|
Ain<2>         |NEG            |   10.763|
Ain<2>         |OVR            |    9.905|
Ain<2>         |Q1             |   13.409|
Ain<2>         |Q2             |   13.188|
Ain<2>         |Q3             |   14.105|
Ain<3>         |Co             |   12.900|
Ain<3>         |NEG            |   10.055|
Ain<3>         |OVR            |    9.197|
Ain<3>         |Q1             |   12.701|
Ain<3>         |Q2             |   12.480|
Ain<3>         |Q3             |   13.397|
Bin<0>         |Co             |   15.252|
Bin<0>         |NEG            |   12.407|
Bin<0>         |OVR            |   11.549|
Bin<0>         |Q0             |    7.151|
Bin<0>         |Q1             |   15.053|
Bin<0>         |Q2             |   14.832|
Bin<0>         |Q3             |   15.749|
Bin<1>         |Co             |   15.516|
Bin<1>         |NEG            |   12.671|
Bin<1>         |OVR            |   11.813|
Bin<1>         |Q1             |   15.317|
Bin<1>         |Q2             |   15.096|
Bin<1>         |Q3             |   16.013|
Bin<2>         |Co             |   13.899|
Bin<2>         |NEG            |   11.054|
Bin<2>         |OVR            |   10.196|
Bin<2>         |Q1             |   13.700|
Bin<2>         |Q2             |   13.479|
Bin<2>         |Q3             |   14.396|
Bin<3>         |Co             |   13.694|
Bin<3>         |NEG            |   10.849|
Bin<3>         |OVR            |    9.991|
Bin<3>         |Q1             |   13.495|
Bin<3>         |Q2             |   13.274|
Bin<3>         |Q3             |   14.191|
S              |Co             |   16.919|
S              |NEG            |   14.074|
S              |OVR            |   13.216|
S              |Q1             |   16.720|
S              |Q2             |   16.499|
S              |Q3             |   17.416|
---------------+---------------+---------+


Analysis completed Tue Sep 26 15:52:10 2017 
--------------------------------------------------------------------------------

Trace Settings:
-------------------------
Trace Settings 

Peak Memory Usage: 149 MB



